
           ####    G N O M   ---   Version 4.5a revised 09/02/02     ####

                                                    20-Apr-2010   09:48:30
           ===    Run No   1   ===
 Run title:  # PAD_Lys3-close_ProteinONLY_0_img1.txt - (0.995000) * PAD_Lys3-c


 Standard deviations are estimated by polynomial smoothing

   *******    Input file(s) : diff.dat
           Condition P(rmin) = 0 is used. 
           Condition P(rmax) = 0 is used. 

 Warning: Dmax*Smin =  3.368   is greater than Pi !


          Highest ALPHA is found to be   0.7295E+01

  The measure of inconsistency AN1 equals to    0.1028E+01

          Warning: using the chosen range in the real space 
             it is not possible to fit the data set within the
             given error band. 
     Alpha    Discrp  Oscill  Stabil  Sysdev  Positv  Valcen    Total   
  0.7295E+04 39.1584  1.1850  0.7323  0.2538  1.0000  0.8704  0.38201
  0.1459E+04 22.7579  1.1390  0.4173  0.1308  1.0000  0.8931  0.39885
  0.2918E+03 10.0511  1.1308  0.1940  0.2077  1.0000  0.9261  0.43107
  0.5836E+02  3.5009  1.2015  0.0655  0.3692  1.0000  0.9464  0.59506
  0.1167E+02  1.2619  1.2797  0.0260  0.4769  1.0000  0.9550  0.63606
  0.2334E+01  0.8777  1.3122  0.0078  0.5538  1.0000  0.9577  0.69454
  0.4669E+00  0.8479  1.3223  0.0062  0.5385  1.0000  0.9588  0.69882
  0.9338E-01  0.8438  1.3321  0.0098  0.5385  1.0000  0.9597  0.69593
  0.1868E-01  0.8418  1.3587  0.0206  0.5385  1.0000  0.9605  0.68299
  0.3735E-02  0.8395  1.5105  0.0432  0.5385  1.0000  0.9609  0.60921
  0.7470E-03  0.8380  1.8569  0.0429  0.5231  0.9996  0.9597  0.50444
  0.1494E-03  0.8374  2.4030  0.0913  0.5231  0.9985  0.9565  0.37626
  0.2988E-04  0.8366  4.8208  0.2347  0.5231  0.9851  0.9156  0.23201
  0.5976E-05  0.8347 10.3028  0.7673  0.5231  0.9016  0.7344  0.11397
  0.1195E-05  0.8275 11.9916  0.8927  0.5231  0.7818  0.3898  0.07261
  0.2390E-06  0.8091 11.9676  0.6114  0.5231  0.7322  0.3548  0.07359
  0.4781E-07  0.7938 12.4842  0.2560  0.5692  0.7205  0.3535  0.07857
  0.9562E-08  0.7888 14.8234  0.6434  0.5538  0.7133  0.3785  0.00000

          ***  Golden section search to maximize estimate ***
     Alpha    Discrp  Oscill  Stabil  Sysdev  Positv  Valcen    Total   
  0.8634E+00  0.8524  1.3193  0.0061  0.5231  1.0000  0.9584  0.69873
  0.3692E+00  0.8470  1.3234  0.0065  0.5385  1.0000  0.9589  0.69866
  0.5905E+00  0.8492  1.3212  0.0061  0.5231  1.0000  0.9587  0.69889
  0.6827E+00  0.8502  1.3205  0.0060  0.5231  1.0000  0.9586  0.69887
  0.5398E+00  0.8487  1.3216  0.0061  0.5231  1.0000  0.9587  0.69888
  0.6241E+00  0.8496  1.3209  0.0061  0.5231  1.0000  0.9586  0.69889
  0.5706E+00  0.8490  1.3214  0.0061  0.5231  1.0000  0.9587  0.69888
  0.6031E+00  0.8494  1.3211  0.0061  0.5231  1.0000  0.9587  0.69889
  0.6110E+00  0.8495  1.3210  0.0061  0.5231  1.0000  0.9587  0.69889
  0.5982E+00  0.8493  1.3211  0.0061  0.5231  1.0000  0.9587  0.69889
  0.6061E+00  0.8494  1.3211  0.0061  0.5231  1.0000  0.9587  0.69889
  0.6012E+00  0.8493  1.3211  0.0061  0.5231  1.0000  0.9587  0.69889
  0.6001E+00  0.8493  1.3211  0.0061  0.5231  1.0000  0.9587  0.69889
  0.6019E+00  0.8494  1.3211  0.0061  0.5231  1.0000  0.9587  0.69889
  0.6008E+00  0.8493  1.3211  0.0061  0.5231  1.0000  0.9587  0.69889
  0.6005E+00  0.8493  1.3211  0.0061  0.5231  1.0000  0.9587  0.69889
  0.6008E+00  0.8493  1.3211  0.0061  0.5231  1.0000  0.9587  0.69889



             ####            Final results            ####

 Parameter    DISCRP    OSCILL    STABIL    SYSDEV    POSITV    VALCEN
 Weight        1.000     3.000     3.000     3.000     1.000     1.000
 Sigma         0.300     0.600     0.120     0.120     0.120     0.120
 Ideal         0.700     1.100     0.000     1.000     1.000     0.950
 Current       0.849     1.321     0.006     0.523     1.000     0.959
                - - - - - - - - - - - - - - - - - - - - - - - - - 
 Estimate      0.781     0.873     0.997     0.000     1.000     0.995

  Angular   range    :     from    0.0749   to    0.5101
  Real space range   :     from      0.00   to     45.00

  Highest ALPHA (theor) :   0.730E+04                 JOB = 0
  Current ALPHA         :   0.601E+00   Rg :  0.142E+02   I(0) :   0.148E+04

           Total  estimate : 0.699  which is  A REASONABLE  solution

      S          J EXP       ERROR       J REG       I REG

  0.0000E+00                                      0.1479E+04
  0.2673E-02                                      0.1478E+04
  0.5347E-02                                      0.1476E+04
  0.8020E-02                                      0.1472E+04
  0.1069E-01                                      0.1468E+04
  0.1337E-01                                      0.1461E+04
  0.1604E-01                                      0.1453E+04
  0.1871E-01                                      0.1444E+04
  0.2139E-01                                      0.1434E+04
  0.2406E-01                                      0.1422E+04
  0.2673E-01                                      0.1409E+04
  0.2941E-01                                      0.1395E+04
  0.3208E-01                                      0.1380E+04
  0.3475E-01                                      0.1363E+04
  0.3743E-01                                      0.1345E+04
  0.4010E-01                                      0.1326E+04
  0.4277E-01                                      0.1307E+04
  0.4545E-01                                      0.1286E+04
  0.4812E-01                                      0.1264E+04
  0.5079E-01                                      0.1242E+04
  0.5347E-01                                      0.1218E+04
  0.5614E-01                                      0.1194E+04
  0.5881E-01                                      0.1169E+04
  0.6149E-01                                      0.1144E+04
  0.6416E-01                                      0.1118E+04
  0.6683E-01                                      0.1091E+04
  0.6951E-01                                      0.1064E+04
  0.7218E-01                                      0.1037E+04
  0.7485E-01  0.9797E+03  0.2651E+02  0.1009E+04  0.1009E+04
  0.7654E-01  0.9784E+03  0.2429E+02  0.9914E+03  0.9914E+03
  0.7822E-01  0.9957E+03  0.2193E+02  0.9736E+03  0.9736E+03
  0.7990E-01  0.9870E+03  0.1949E+02  0.9559E+03  0.9559E+03
  0.8158E-01  0.9382E+03  0.1702E+02  0.9380E+03  0.9380E+03
  0.8326E-01  0.9042E+03  0.1458E+02  0.9201E+03  0.9201E+03
  0.8494E-01  0.8898E+03  0.1221E+02  0.9022E+03  0.9022E+03
  0.8663E-01  0.8514E+03  0.9979E+01  0.8842E+03  0.8842E+03
  0.8831E-01  0.8531E+03  0.7932E+01  0.8663E+03  0.8663E+03
  0.8999E-01  0.8459E+03  0.6790E+01  0.8483E+03  0.8483E+03
  0.9167E-01  0.8204E+03  0.3774E+01  0.8304E+03  0.8304E+03
  0.9335E-01  0.8126E+03  0.2399E+01  0.8124E+03  0.8124E+03
  0.9503E-01  0.7962E+03  0.4187E+01  0.7946E+03  0.7946E+03
  0.9671E-01  0.7825E+03  0.4104E+01  0.7768E+03  0.7768E+03
  0.9840E-01  0.7603E+03  0.4195E+01  0.7590E+03  0.7590E+03
  0.1001E+00  0.7463E+03  0.3436E+01  0.7413E+03  0.7413E+03
  0.1018E+00  0.7348E+03  0.4284E+01  0.7238E+03  0.7238E+03
  0.1034E+00  0.7100E+03  0.4283E+01  0.7064E+03  0.7064E+03
  0.1051E+00  0.6895E+03  0.5028E+01  0.6890E+03  0.6890E+03
  0.1068E+00  0.6672E+03  0.6605E+01  0.6718E+03  0.6718E+03
  0.1085E+00  0.6593E+03  0.7171E+01  0.6548E+03  0.6548E+03
  0.1102E+00  0.6547E+03  0.8602E+01  0.6377E+03  0.6377E+03
  0.1118E+00  0.6333E+03  0.9373E+01  0.6210E+03  0.6210E+03
  0.1135E+00  0.6203E+03  0.1015E+02  0.6044E+03  0.6044E+03
  0.1152E+00  0.6136E+03  0.1010E+02  0.5880E+03  0.5880E+03
  0.1169E+00  0.5989E+03  0.1017E+02  0.5717E+03  0.5717E+03
  0.1186E+00  0.5773E+03  0.9511E+01  0.5557E+03  0.5557E+03
  0.1203E+00  0.5431E+03  0.9089E+01  0.5398E+03  0.5398E+03
  0.1219E+00  0.5167E+03  0.9343E+01  0.5242E+03  0.5242E+03
  0.1236E+00  0.5115E+03  0.8904E+01  0.5088E+03  0.5088E+03
  0.1253E+00  0.5084E+03  0.8015E+01  0.4935E+03  0.4935E+03
  0.1270E+00  0.4838E+03  0.6181E+01  0.4785E+03  0.4785E+03
  0.1287E+00  0.4611E+03  0.4387E+01  0.4638E+03  0.4638E+03
  0.1303E+00  0.4470E+03  0.3390E+01  0.4492E+03  0.4492E+03
  0.1320E+00  0.4299E+03  0.3370E+01  0.4350E+03  0.4350E+03
  0.1337E+00  0.4165E+03  0.3266E+01  0.4210E+03  0.4210E+03
  0.1354E+00  0.4092E+03  0.2564E+01  0.4072E+03  0.4072E+03
  0.1371E+00  0.3931E+03  0.3728E+01  0.3937E+03  0.3937E+03
  0.1387E+00  0.3774E+03  0.4056E+01  0.3804E+03  0.3804E+03
  0.1404E+00  0.3621E+03  0.5227E+01  0.3674E+03  0.3674E+03
  0.1421E+00  0.3492E+03  0.5237E+01  0.3547E+03  0.3547E+03
  0.1438E+00  0.3333E+03  0.5660E+01  0.3423E+03  0.3423E+03
  0.1455E+00  0.3231E+03  0.5652E+01  0.3301E+03  0.3301E+03
  0.1472E+00  0.3256E+03  0.5880E+01  0.3181E+03  0.3181E+03
  0.1488E+00  0.3166E+03  0.5964E+01  0.3064E+03  0.3064E+03
  0.1505E+00  0.2974E+03  0.6008E+01  0.2951E+03  0.2951E+03
  0.1522E+00  0.2848E+03  0.5393E+01  0.2840E+03  0.2840E+03
  0.1539E+00  0.2692E+03  0.4507E+01  0.2731E+03  0.2731E+03
  0.1556E+00  0.2541E+03  0.4398E+01  0.2626E+03  0.2626E+03
  0.1572E+00  0.2497E+03  0.3038E+01  0.2523E+03  0.2523E+03
  0.1589E+00  0.2419E+03  0.2400E+01  0.2423E+03  0.2423E+03
  0.1606E+00  0.2314E+03  0.2851E+01  0.2326E+03  0.2326E+03
  0.1623E+00  0.2226E+03  0.3942E+01  0.2231E+03  0.2231E+03
  0.1640E+00  0.2111E+03  0.5685E+01  0.2139E+03  0.2139E+03
  0.1656E+00  0.2049E+03  0.6744E+01  0.2050E+03  0.2050E+03
  0.1673E+00  0.2002E+03  0.7280E+01  0.1963E+03  0.1963E+03
  0.1690E+00  0.1843E+03  0.7154E+01  0.1879E+03  0.1879E+03
  0.1707E+00  0.1612E+03  0.7694E+01  0.1798E+03  0.1798E+03
  0.1724E+00  0.1514E+03  0.7835E+01  0.1719E+03  0.1719E+03
  0.1740E+00  0.1538E+03  0.7497E+01  0.1643E+03  0.1643E+03
  0.1757E+00  0.1502E+03  0.6921E+01  0.1569E+03  0.1569E+03
  0.1774E+00  0.1469E+03  0.6768E+01  0.1498E+03  0.1498E+03
  0.1791E+00  0.1449E+03  0.5908E+01  0.1429E+03  0.1429E+03
  0.1807E+00  0.1421E+03  0.5074E+01  0.1363E+03  0.1363E+03
  0.1824E+00  0.1398E+03  0.4784E+01  0.1299E+03  0.1299E+03
  0.1841E+00  0.1287E+03  0.3497E+01  0.1238E+03  0.1238E+03
  0.1858E+00  0.1218E+03  0.3590E+01  0.1178E+03  0.1178E+03
  0.1875E+00  0.1222E+03  0.4294E+01  0.1122E+03  0.1122E+03
  0.1891E+00  0.1195E+03  0.4101E+01  0.1067E+03  0.1067E+03
  0.1908E+00  0.1093E+03  0.4424E+01  0.1014E+03  0.1014E+03
  0.1925E+00  0.9559E+02  0.5048E+01  0.9640E+02  0.9640E+02
  0.1942E+00  0.8999E+02  0.5342E+01  0.9156E+02  0.9156E+02
  0.1959E+00  0.8808E+02  0.5718E+01  0.8693E+02  0.8693E+02
  0.1975E+00  0.8248E+02  0.5906E+01  0.8250E+02  0.8250E+02
  0.1992E+00  0.7788E+02  0.5490E+01  0.7826E+02  0.7826E+02
  0.2009E+00  0.8186E+02  0.5105E+01  0.7422E+02  0.7422E+02
  0.2026E+00  0.8544E+02  0.5048E+01  0.7036E+02  0.7036E+02
  0.2043E+00  0.7725E+02  0.5212E+01  0.6669E+02  0.6669E+02
  0.2059E+00  0.6649E+02  0.4886E+01  0.6321E+02  0.6321E+02
  0.2076E+00  0.6250E+02  0.4618E+01  0.5988E+02  0.5988E+02
  0.2093E+00  0.5760E+02  0.4710E+01  0.5671E+02  0.5671E+02
  0.2110E+00  0.4919E+02  0.4238E+01  0.5371E+02  0.5371E+02
  0.2127E+00  0.4380E+02  0.3629E+01  0.5087E+02  0.5087E+02
  0.2143E+00  0.4468E+02  0.3129E+01  0.4818E+02  0.4818E+02
  0.2160E+00  0.4228E+02  0.2216E+01  0.4563E+02  0.4563E+02
  0.2177E+00  0.3999E+02  0.2923E+01  0.4323E+02  0.4323E+02
  0.2194E+00  0.4369E+02  0.3653E+01  0.4098E+02  0.4098E+02
  0.2210E+00  0.4327E+02  0.3944E+01  0.3884E+02  0.3884E+02
  0.2227E+00  0.3776E+02  0.3894E+01  0.3684E+02  0.3684E+02
  0.2244E+00  0.3217E+02  0.3488E+01  0.3496E+02  0.3496E+02
  0.2261E+00  0.2889E+02  0.3340E+01  0.3320E+02  0.3320E+02
  0.2278E+00  0.3348E+02  0.3319E+01  0.3156E+02  0.3156E+02
  0.2294E+00  0.3886E+02  0.3088E+01  0.3002E+02  0.3002E+02
  0.2311E+00  0.3118E+02  0.2639E+01  0.2859E+02  0.2859E+02
  0.2328E+00  0.2420E+02  0.2088E+01  0.2726E+02  0.2726E+02
  0.2345E+00  0.2498E+02  0.1568E+01  0.2603E+02  0.2603E+02
  0.2361E+00  0.2258E+02  0.1968E+01  0.2490E+02  0.2490E+02
  0.2378E+00  0.2160E+02  0.1766E+01  0.2384E+02  0.2384E+02
  0.2395E+00  0.2031E+02  0.1738E+01  0.2288E+02  0.2288E+02
  0.2412E+00  0.1790E+02  0.2532E+01  0.2199E+02  0.2199E+02
  0.2429E+00  0.2078E+02  0.3380E+01  0.2119E+02  0.2119E+02
  0.2445E+00  0.2299E+02  0.4852E+01  0.2045E+02  0.2045E+02
  0.2462E+00  0.2570E+02  0.5675E+01  0.1979E+02  0.1979E+02
  0.2479E+00  0.2829E+02  0.6293E+01  0.1918E+02  0.1918E+02
  0.2496E+00  0.2200E+02  0.6501E+01  0.1865E+02  0.1865E+02
  0.2512E+00  0.8228E+01  0.7075E+01  0.1817E+02  0.1817E+02
  0.2529E+00  0.5018E+01  0.7633E+01  0.1775E+02  0.1775E+02
  0.2546E+00  0.9794E+01  0.8024E+01  0.1738E+02  0.1738E+02
  0.2563E+00  0.1289E+02  0.7918E+01  0.1706E+02  0.1706E+02
  0.2580E+00  0.1937E+02  0.7114E+01  0.1678E+02  0.1678E+02
  0.2596E+00  0.2156E+02  0.6616E+01  0.1655E+02  0.1655E+02
  0.2613E+00  0.2326E+02  0.5846E+01  0.1636E+02  0.1636E+02
  0.2630E+00  0.2585E+02  0.5224E+01  0.1621E+02  0.1621E+02
  0.2647E+00  0.2176E+02  0.4347E+01  0.1609E+02  0.1609E+02
  0.2663E+00  0.1828E+02  0.4206E+01  0.1601E+02  0.1601E+02
  0.2680E+00  0.1489E+02  0.4384E+01  0.1595E+02  0.1595E+02
  0.2697E+00  0.1646E+02  0.4620E+01  0.1592E+02  0.1592E+02
  0.2714E+00  0.1985E+02  0.4002E+01  0.1592E+02  0.1592E+02
  0.2730E+00  0.1526E+02  0.3485E+01  0.1594E+02  0.1594E+02
  0.2747E+00  0.1138E+02  0.3062E+01  0.1598E+02  0.1598E+02
  0.2764E+00  0.8216E+01  0.3067E+01  0.1605E+02  0.1605E+02
  0.2781E+00  0.9421E+01  0.4331E+01  0.1612E+02  0.1612E+02
  0.2797E+00  0.1279E+02  0.5104E+01  0.1622E+02  0.1622E+02
  0.2814E+00  0.1129E+02  0.5844E+01  0.1633E+02  0.1633E+02
  0.2831E+00  0.1589E+02  0.5944E+01  0.1645E+02  0.1645E+02
  0.2848E+00  0.2367E+02  0.5704E+01  0.1658E+02  0.1658E+02
  0.2865E+00  0.2315E+02  0.5936E+01  0.1672E+02  0.1672E+02
  0.2881E+00  0.2614E+02  0.5356E+01  0.1686E+02  0.1686E+02
  0.2898E+00  0.2723E+02  0.5244E+01  0.1701E+02  0.1701E+02
  0.2915E+00  0.1577E+02  0.5292E+01  0.1717E+02  0.1717E+02
  0.2932E+00  0.1280E+02  0.5273E+01  0.1733E+02  0.1733E+02
  0.2948E+00  0.1628E+02  0.4933E+01  0.1750E+02  0.1750E+02
  0.2965E+00  0.2186E+02  0.4695E+01  0.1766E+02  0.1766E+02
  0.2982E+00  0.2506E+02  0.3382E+01  0.1783E+02  0.1783E+02
  0.2999E+00  0.2188E+02  0.2735E+01  0.1799E+02  0.1799E+02
  0.3015E+00  0.2458E+02  0.2472E+01  0.1815E+02  0.1815E+02
  0.3032E+00  0.2107E+02  0.2756E+01  0.1832E+02  0.1832E+02
  0.3049E+00  0.1708E+02  0.3466E+01  0.1847E+02  0.1847E+02
  0.3065E+00  0.1728E+02  0.3117E+01  0.1863E+02  0.1863E+02
  0.3082E+00  0.2097E+02  0.3068E+01  0.1878E+02  0.1878E+02
  0.3099E+00  0.1977E+02  0.2814E+01  0.1893E+02  0.1893E+02
  0.3116E+00  0.1210E+02  0.2605E+01  0.1907E+02  0.1907E+02
  0.3132E+00  0.1218E+02  0.3768E+01  0.1920E+02  0.1920E+02
  0.3149E+00  0.1496E+02  0.4081E+01  0.1933E+02  0.1933E+02
  0.3166E+00  0.1667E+02  0.5032E+01  0.1946E+02  0.1946E+02
  0.3183E+00  0.1859E+02  0.5424E+01  0.1957E+02  0.1957E+02
  0.3199E+00  0.2428E+02  0.5724E+01  0.1968E+02  0.1968E+02
  0.3216E+00  0.2596E+02  0.5480E+01  0.1978E+02  0.1978E+02
  0.3233E+00  0.2767E+02  0.5230E+01  0.1988E+02  0.1988E+02
  0.3250E+00  0.3095E+02  0.4451E+01  0.1996E+02  0.1996E+02
  0.3266E+00  0.2005E+02  0.4263E+01  0.2004E+02  0.2004E+02
  0.3283E+00  0.1386E+02  0.4329E+01  0.2011E+02  0.2011E+02
  0.3300E+00  0.2106E+02  0.4328E+01  0.2018E+02  0.2018E+02
  0.3317E+00  0.1868E+02  0.3802E+01  0.2023E+02  0.2023E+02
  0.3333E+00  0.2018E+02  0.2951E+01  0.2028E+02  0.2028E+02
  0.3350E+00  0.2498E+02  0.2609E+01  0.2032E+02  0.2032E+02
  0.3367E+00  0.1880E+02  0.1939E+01  0.2035E+02  0.2035E+02
  0.3383E+00  0.1649E+02  0.1742E+01  0.2038E+02  0.2038E+02
  0.3400E+00  0.1619E+02  0.2717E+01  0.2040E+02  0.2040E+02
  0.3417E+00  0.1757E+02  0.2534E+01  0.2041E+02  0.2041E+02
  0.3434E+00  0.2006E+02  0.2764E+01  0.2041E+02  0.2041E+02
  0.3450E+00  0.2337E+02  0.3279E+01  0.2041E+02  0.2041E+02
  0.3467E+00  0.2318E+02  0.3477E+01  0.2040E+02  0.2040E+02
  0.3484E+00  0.2040E+02  0.3559E+01  0.2038E+02  0.2038E+02
  0.3501E+00  0.2679E+02  0.3913E+01  0.2036E+02  0.2036E+02
  0.3517E+00  0.2737E+02  0.4023E+01  0.2033E+02  0.2033E+02
  0.3534E+00  0.2198E+02  0.4007E+01  0.2029E+02  0.2029E+02
  0.3551E+00  0.1550E+02  0.3836E+01  0.2025E+02  0.2025E+02
  0.3567E+00  0.1243E+02  0.3580E+01  0.2021E+02  0.2021E+02
  0.3584E+00  0.1963E+02  0.3675E+01  0.2016E+02  0.2016E+02
  0.3601E+00  0.2451E+02  0.3542E+01  0.2010E+02  0.2010E+02
  0.3618E+00  0.2270E+02  0.3449E+01  0.2004E+02  0.2004E+02
  0.3634E+00  0.1891E+02  0.3323E+01  0.1998E+02  0.1998E+02
  0.3651E+00  0.1981E+02  0.3379E+01  0.1991E+02  0.1991E+02
  0.3668E+00  0.2272E+02  0.3766E+01  0.1984E+02  0.1984E+02
  0.3684E+00  0.2583E+02  0.3128E+01  0.1976E+02  0.1976E+02
  0.3701E+00  0.2751E+02  0.3420E+01  0.1968E+02  0.1968E+02
  0.3718E+00  0.2052E+02  0.4272E+01  0.1960E+02  0.1960E+02
  0.3735E+00  0.1306E+02  0.4539E+01  0.1952E+02  0.1952E+02
  0.3751E+00  0.1298E+02  0.4849E+01  0.1944E+02  0.1944E+02
  0.3768E+00  0.1898E+02  0.4846E+01  0.1935E+02  0.1935E+02
  0.3785E+00  0.1378E+02  0.4541E+01  0.1926E+02  0.1926E+02
  0.3801E+00  0.1557E+02  0.3562E+01  0.1917E+02  0.1917E+02
  0.3818E+00  0.2705E+02  0.3170E+01  0.1908E+02  0.1908E+02
  0.3835E+00  0.2168E+02  0.2886E+01  0.1899E+02  0.1899E+02
  0.3852E+00  0.1531E+02  0.3110E+01  0.1890E+02  0.1890E+02
  0.3868E+00  0.1850E+02  0.2892E+01  0.1881E+02  0.1881E+02
  0.3885E+00  0.1661E+02  0.3008E+01  0.1872E+02  0.1872E+02
  0.3902E+00  0.1661E+02  0.2824E+01  0.1863E+02  0.1863E+02
  0.3918E+00  0.1623E+02  0.2257E+01  0.1854E+02  0.1854E+02
  0.3935E+00  0.1118E+02  0.1996E+01  0.1845E+02  0.1845E+02
  0.3952E+00  0.1609E+02  0.2156E+01  0.1836E+02  0.1836E+02
  0.3969E+00  0.2248E+02  0.2617E+01  0.1827E+02  0.1827E+02
  0.3985E+00  0.2127E+02  0.3258E+01  0.1818E+02  0.1818E+02
  0.4002E+00  0.1726E+02  0.3835E+01  0.1810E+02  0.1810E+02
  0.4019E+00  0.1836E+02  0.3785E+01  0.1801E+02  0.1801E+02
  0.4035E+00  0.2364E+02  0.3923E+01  0.1793E+02  0.1793E+02
  0.4052E+00  0.2523E+02  0.4029E+01  0.1785E+02  0.1785E+02
  0.4069E+00  0.2674E+02  0.3891E+01  0.1777E+02  0.1777E+02
  0.4085E+00  0.1837E+02  0.3981E+01  0.1769E+02  0.1769E+02
  0.4102E+00  0.1258E+02  0.3764E+01  0.1761E+02  0.1761E+02
  0.4119E+00  0.2214E+02  0.3559E+01  0.1754E+02  0.1754E+02
  0.4135E+00  0.2014E+02  0.3258E+01  0.1747E+02  0.1747E+02
  0.4152E+00  0.1395E+02  0.3173E+01  0.1740E+02  0.1740E+02
  0.4169E+00  0.1684E+02  0.2691E+01  0.1733E+02  0.1733E+02
  0.4185E+00  0.1862E+02  0.2418E+01  0.1726E+02  0.1726E+02
  0.4202E+00  0.1941E+02  0.2229E+01  0.1720E+02  0.1720E+02
  0.4219E+00  0.2121E+02  0.2332E+01  0.1714E+02  0.1714E+02
  0.4236E+00  0.1961E+02  0.1763E+01  0.1708E+02  0.1708E+02
  0.4252E+00  0.2130E+02  0.2567E+01  0.1702E+02  0.1702E+02
  0.4269E+00  0.2149E+02  0.2712E+01  0.1697E+02  0.1697E+02
  0.4286E+00  0.1501E+02  0.2890E+01  0.1691E+02  0.1691E+02
  0.4302E+00  0.1360E+02  0.3391E+01  0.1686E+02  0.1686E+02
  0.4319E+00  0.1241E+02  0.3722E+01  0.1681E+02  0.1681E+02
  0.4336E+00  0.1032E+02  0.3659E+01  0.1676E+02  0.1676E+02
  0.4352E+00  0.1780E+02  0.3102E+01  0.1671E+02  0.1671E+02
  0.4369E+00  0.2148E+02  0.2616E+01  0.1667E+02  0.1667E+02
  0.4386E+00  0.1211E+02  0.2405E+01  0.1663E+02  0.1663E+02
  0.4402E+00  0.8027E+01  0.2881E+01  0.1658E+02  0.1658E+02
  0.4419E+00  0.1351E+02  0.3019E+01  0.1654E+02  0.1654E+02
  0.4435E+00  0.1401E+02  0.3078E+01  0.1650E+02  0.1650E+02
  0.4452E+00  0.1271E+02  0.3177E+01  0.1646E+02  0.1646E+02
  0.4469E+00  0.1331E+02  0.3670E+01  0.1643E+02  0.1643E+02
  0.4486E+00  0.7904E+01  0.4161E+01  0.1639E+02  0.1639E+02
  0.4502E+00  0.5096E+01  0.4267E+01  0.1635E+02  0.1635E+02
  0.4519E+00  0.7296E+01  0.4773E+01  0.1632E+02  0.1632E+02
  0.4536E+00  0.1637E+02  0.5100E+01  0.1628E+02  0.1628E+02
  0.4552E+00  0.2324E+02  0.5645E+01  0.1625E+02  0.1625E+02
  0.4569E+00  0.2163E+02  0.5610E+01  0.1621E+02  0.1621E+02
  0.4586E+00  0.2201E+02  0.5414E+01  0.1618E+02  0.1618E+02
  0.4602E+00  0.1692E+02  0.4568E+01  0.1614E+02  0.1614E+02
  0.4619E+00  0.1462E+02  0.3937E+01  0.1611E+02  0.1611E+02
  0.4635E+00  0.2049E+02  0.3788E+01  0.1607E+02  0.1607E+02
  0.4652E+00  0.2299E+02  0.4102E+01  0.1604E+02  0.1604E+02
  0.4669E+00  0.1802E+02  0.3612E+01  0.1600E+02  0.1600E+02
  0.4685E+00  0.1751E+02  0.2366E+01  0.1596E+02  0.1596E+02
  0.4702E+00  0.1957E+02  0.4094E+01  0.1593E+02  0.1593E+02
  0.4719E+00  0.2039E+02  0.5613E+01  0.1589E+02  0.1589E+02
  0.4735E+00  0.2579E+02  0.6900E+01  0.1585E+02  0.1585E+02
  0.4752E+00  0.2307E+02  0.7105E+01  0.1581E+02  0.1581E+02
  0.4769E+00  0.1161E+02  0.7273E+01  0.1577E+02  0.1577E+02
  0.4785E+00  0.1259E+02  0.9767E+01  0.1572E+02  0.1572E+02
  0.4802E+00  0.9925E+00  0.1194E+02  0.1568E+02  0.1568E+02
  0.4819E+00 -0.1139E+02  0.1222E+02  0.1563E+02  0.1563E+02
  0.4835E+00  0.9551E+01  0.1433E+02  0.1559E+02  0.1559E+02
  0.4852E+00  0.2303E+02  0.1428E+02  0.1554E+02  0.1554E+02
  0.4868E+00  0.2720E+02  0.1479E+02  0.1549E+02  0.1549E+02
  0.4885E+00  0.3827E+02  0.1643E+02  0.1544E+02  0.1544E+02
  0.4902E+00  0.4356E+02  0.1587E+02  0.1538E+02  0.1538E+02
  0.4918E+00  0.2302E+02  0.1590E+02  0.1533E+02  0.1533E+02
  0.4935E+00  0.2622E+02  0.1547E+02  0.1527E+02  0.1527E+02
  0.4951E+00  0.4377E+02  0.1457E+02  0.1522E+02  0.1522E+02
  0.4968E+00  0.1970E+02  0.1161E+02  0.1516E+02  0.1516E+02
  0.4985E+00 -0.4479E+01  0.8864E+01  0.1510E+02  0.1510E+02
  0.5001E+00  0.2751E+01  0.7034E+01  0.1503E+02  0.1503E+02
  0.5018E+00  0.2236E+02  0.6662E+01  0.1497E+02  0.1497E+02
  0.5035E+00  0.4042E+02  0.8296E+01  0.1490E+02  0.1490E+02
  0.5051E+00  0.2917E+02  0.1252E+02  0.1484E+02  0.1484E+02
  0.5068E+00  0.2334E+02  0.1982E+02  0.1477E+02  0.1477E+02
  0.5084E+00  0.8953E+01  0.3076E+02  0.1470E+02  0.1470E+02
  0.5101E+00 -0.4464E+02  0.4590E+02  0.1462E+02  0.1462E+02

           Distance distribution  function of particle  


       R          P(R)      ERROR

  0.0000E+00  0.0000E+00  0.0000E+00
  0.4500E+00  0.1344E+00  0.6789E-02
  0.9000E+00  0.2645E+00  0.1155E-01
  0.1350E+01  0.3905E+00  0.1436E-01
  0.1800E+01  0.5133E+00  0.1540E-01
  0.2250E+01  0.6338E+00  0.1484E-01
  0.2700E+01  0.7530E+00  0.1297E-01
  0.3150E+01  0.8724E+00  0.1010E-01
  0.3600E+01  0.9934E+00  0.6719E-02
  0.4050E+01  0.1117E+01  0.4144E-02
  0.4500E+01  0.1246E+01  0.5407E-02
  0.4950E+01  0.1380E+01  0.9073E-02
  0.5400E+01  0.1521E+01  0.1295E-01
  0.5850E+01  0.1671E+01  0.1643E-01
  0.6300E+01  0.1829E+01  0.1921E-01
  0.6750E+01  0.1997E+01  0.2114E-01
  0.7200E+01  0.2175E+01  0.2213E-01
  0.7650E+01  0.2363E+01  0.2214E-01
  0.8100E+01  0.2560E+01  0.2124E-01
  0.8550E+01  0.2766E+01  0.1952E-01
  0.9000E+01  0.2979E+01  0.1719E-01
  0.9450E+01  0.3199E+01  0.1459E-01
  0.9900E+01  0.3423E+01  0.1226E-01
  0.1035E+02  0.3650E+01  0.1098E-01
  0.1080E+02  0.3878E+01  0.1143E-01
  0.1125E+02  0.4105E+01  0.1340E-01
  0.1170E+02  0.4328E+01  0.1609E-01
  0.1215E+02  0.4545E+01  0.1884E-01
  0.1260E+02  0.4754E+01  0.2125E-01
  0.1305E+02  0.4953E+01  0.2307E-01
  0.1350E+02  0.5140E+01  0.2417E-01
  0.1395E+02  0.5313E+01  0.2451E-01
  0.1440E+02  0.5470E+01  0.2411E-01
  0.1485E+02  0.5611E+01  0.2307E-01
  0.1530E+02  0.5733E+01  0.2158E-01
  0.1575E+02  0.5836E+01  0.1992E-01
  0.1620E+02  0.5919E+01  0.1845E-01
  0.1665E+02  0.5983E+01  0.1758E-01
  0.1710E+02  0.6027E+01  0.1763E-01
  0.1755E+02  0.6050E+01  0.1862E-01
  0.1800E+02  0.6054E+01  0.2029E-01
  0.1845E+02  0.6039E+01  0.2228E-01
  0.1890E+02  0.6006E+01  0.2421E-01
  0.1935E+02  0.5955E+01  0.2583E-01
  0.1980E+02  0.5887E+01  0.2697E-01
  0.2025E+02  0.5804E+01  0.2754E-01
  0.2070E+02  0.5706E+01  0.2755E-01
  0.2115E+02  0.5594E+01  0.2706E-01
  0.2160E+02  0.5469E+01  0.2624E-01
  0.2205E+02  0.5333E+01  0.2532E-01
  0.2250E+02  0.5186E+01  0.2458E-01
  0.2295E+02  0.5030E+01  0.2432E-01
  0.2340E+02  0.4864E+01  0.2476E-01
  0.2385E+02  0.4691E+01  0.2593E-01
  0.2430E+02  0.4511E+01  0.2772E-01
  0.2475E+02  0.4325E+01  0.2987E-01
  0.2520E+02  0.4133E+01  0.3212E-01
  0.2565E+02  0.3938E+01  0.3424E-01
  0.2610E+02  0.3739E+01  0.3604E-01
  0.2655E+02  0.3537E+01  0.3739E-01
  0.2700E+02  0.3335E+01  0.3823E-01
  0.2745E+02  0.3132E+01  0.3856E-01
  0.2790E+02  0.2929E+01  0.3842E-01
  0.2835E+02  0.2729E+01  0.3789E-01
  0.2880E+02  0.2531E+01  0.3711E-01
  0.2925E+02  0.2337E+01  0.3621E-01
  0.2970E+02  0.2149E+01  0.3535E-01
  0.3015E+02  0.1966E+01  0.3465E-01
  0.3060E+02  0.1790E+01  0.3420E-01
  0.3105E+02  0.1622E+01  0.3403E-01
  0.3150E+02  0.1463E+01  0.3411E-01
  0.3195E+02  0.1313E+01  0.3438E-01
  0.3240E+02  0.1173E+01  0.3475E-01
  0.3285E+02  0.1044E+01  0.3518E-01
  0.3330E+02  0.9250E+00  0.3561E-01
  0.3375E+02  0.8171E+00  0.3606E-01
  0.3420E+02  0.7200E+00  0.3657E-01
  0.3465E+02  0.6335E+00  0.3723E-01
  0.3510E+02  0.5573E+00  0.3811E-01
  0.3555E+02  0.4908E+00  0.3930E-01
  0.3600E+02  0.4335E+00  0.4084E-01
  0.3645E+02  0.3846E+00  0.4270E-01
  0.3690E+02  0.3434E+00  0.4483E-01
  0.3735E+02  0.3089E+00  0.4714E-01
  0.3780E+02  0.2803E+00  0.4951E-01
  0.3825E+02  0.2567E+00  0.5182E-01
  0.3870E+02  0.2370E+00  0.5395E-01
  0.3915E+02  0.2204E+00  0.5580E-01
  0.3960E+02  0.2060E+00  0.5729E-01
  0.4005E+02  0.1931E+00  0.5834E-01
  0.4050E+02  0.1808E+00  0.5885E-01
  0.4095E+02  0.1687E+00  0.5875E-01
  0.4140E+02  0.1560E+00  0.5792E-01
  0.4185E+02  0.1424E+00  0.5622E-01
  0.4230E+02  0.1274E+00  0.5346E-01
  0.4275E+02  0.1109E+00  0.4943E-01
  0.4320E+02  0.9255E-01  0.4385E-01
  0.4365E+02  0.7231E-01  0.3645E-01
  0.4410E+02  0.5012E-01  0.2689E-01
  0.4455E+02  0.2599E-01  0.1485E-01
  0.4500E+02  0.0000E+00  0.0000E+00
          Reciprocal space: Rg =   14.25     , I(0) =   0.1479E+04
     Real space: Rg =   14.22 +- 0.076  I(0) =   0.1479E+04 +-  0.8206E+01
