
           ####    G N O M   ---   Version 4.5a revised 09/02/02     ####

                                                    27-Apr-2010   12:58:47
           ===    Run No   1   ===
 Run title:  # PAD_Lys3-close_ProteinONLY_0_img1.txt - (0.995000) * PAD_Lys3-c


 Standard deviations are estimated by polynomial smoothing

   *******    Input file(s) : diff.dat

 Warning: Dmax*Smin =  3.368   is greater than Pi !


          Highest ALPHA is found to be   0.7295E+01

  The measure of inconsistency AN1 equals to    0.1027E+01

          Warning: using the chosen range in the real space 
             it is not possible to fit the data set within the
             given error band. 
     Alpha    Discrp  Oscill  Stabil  Sysdev  Positv  Valcen    Total   
  0.7295E+04 30.1190  0.1686  0.1227  0.0077  1.0000  0.7557  0.19967
  0.1459E+04 22.6983  0.4788  0.2242  0.0077  1.0000  0.8235  0.20397
  0.2918E+03 11.0144  0.8328  0.1468  0.0538  1.0000  0.8941  0.41137
  0.5836E+02  3.7077  1.1233  0.1115  0.3231  1.0000  0.9426  0.52148
  0.1167E+02  1.2443  1.2579  0.0334  0.5077  1.0000  0.9557  0.63421
  0.2334E+01  0.8709  1.2940  0.0075  0.5385  1.0000  0.9580  0.70073
  0.4669E+00  0.8473  1.3034  0.0060  0.5385  1.0000  0.9587  0.70395
  0.9337E-01  0.8443  1.3114  0.0091  0.5385  1.0000  0.9593  0.70167
  0.1867E-01  0.8425  1.3369  0.0234  0.5385  1.0000  0.9597  0.68725
  0.3735E-02  0.8404  1.4693  0.0361  0.5385  0.9999  0.9593  0.63266
  0.7470E-03  0.8394  1.7001  0.0463  0.5231  0.9997  0.9578  0.54081
  0.1494E-03  0.8387  2.5452  0.1238  0.5231  0.9978  0.9507  0.32090
  0.2988E-04  0.8374  5.5627  0.3011  0.5231  0.9761  0.8917  0.21393
  0.5976E-05  0.8345 10.6422  0.8599  0.5231  0.8806  0.4937  0.09912
  0.1195E-05  0.8240 11.3578  0.8387  0.5231  0.7667  0.3694  0.07216
  0.2390E-06  0.8032 11.3831  0.4882  0.5538  0.7299  0.3431  0.07455
  0.4781E-07  0.7920 12.2690  0.2558  0.5538  0.7249  0.3509  0.07895
  0.9561E-08  0.7873 14.8032  0.8242  0.5538  0.7267  0.3734  0.00000

          ***  Golden section search to maximize estimate ***
     Alpha    Discrp  Oscill  Stabil  Sysdev  Positv  Valcen    Total   
  0.8633E+00  0.8504  1.3008  0.0050  0.5231  1.0000  0.9585  0.70414
  0.1262E+01  0.8545  1.2988  0.0052  0.5231  1.0000  0.9583  0.70374
  0.6826E+00  0.8489  1.3018  0.0053  0.5231  1.0000  0.9586  0.70415
  0.5904E+00  0.8482  1.3024  0.0055  0.5385  1.0000  0.9586  0.70410
  0.7467E+00  0.8494  1.3014  0.0052  0.5231  1.0000  0.9586  0.70416
  0.7892E+00  0.8498  1.3012  0.0051  0.5231  1.0000  0.9585  0.70416
  0.7215E+00  0.8492  1.3016  0.0052  0.5231  1.0000  0.9586  0.70416
  0.7627E+00  0.8495  1.3013  0.0051  0.5231  1.0000  0.9585  0.70416
  0.7727E+00  0.8496  1.3013  0.0051  0.5231  1.0000  0.9585  0.70416
  0.7565E+00  0.8495  1.3014  0.0051  0.5231  1.0000  0.9585  0.70416
  0.7527E+00  0.8495  1.3014  0.0052  0.5231  1.0000  0.9586  0.70416
  0.7589E+00  0.8495  1.3014  0.0051  0.5231  1.0000  0.9585  0.70416
  0.7551E+00  0.8495  1.3014  0.0051  0.5231  1.0000  0.9586  0.70416
  0.7574E+00  0.8495  1.3014  0.0051  0.5231  1.0000  0.9585  0.70416
  0.7580E+00  0.8495  1.3014  0.0051  0.5231  1.0000  0.9585  0.70416
  0.7571E+00  0.8495  1.3014  0.0051  0.5231  1.0000  0.9585  0.70416
  0.7576E+00  0.8495  1.3014  0.0051  0.5231  1.0000  0.9585  0.70416
  0.7578E+00  0.8495  1.3014  0.0051  0.5231  1.0000  0.9585  0.70416
  0.7576E+00  0.8495  1.3014  0.0051  0.5231  1.0000  0.9585  0.70416



             ####            Final results            ####

 Parameter    DISCRP    OSCILL    STABIL    SYSDEV    POSITV    VALCEN
 Weight        1.000     3.000     3.000     3.000     1.000     1.000
 Sigma         0.300     0.600     0.120     0.120     0.120     0.120
 Ideal         0.700     1.100     0.000     1.000     1.000     0.950
 Current       0.850     1.301     0.005     0.523     1.000     0.959
                - - - - - - - - - - - - - - - - - - - - - - - - - 
 Estimate      0.780     0.893     0.998     0.000     1.000     0.995

  Angular   range    :     from    0.0749   to    0.5101
  Real space range   :     from      0.00   to     45.00

  Highest ALPHA (theor) :   0.729E+04                 JOB = 0
  Current ALPHA         :   0.758E+00   Rg :  0.143E+02   I(0) :   0.148E+04

           Total  estimate : 0.704  which is  A REASONABLE  solution

      S          J EXP       ERROR       J REG       I REG

  0.0000E+00                                      0.1483E+04
  0.2673E-02                                      0.1483E+04
  0.5347E-02                                      0.1480E+04
  0.8020E-02                                      0.1477E+04
  0.1069E-01                                      0.1472E+04
  0.1337E-01                                      0.1465E+04
  0.1604E-01                                      0.1458E+04
  0.1871E-01                                      0.1448E+04
  0.2139E-01                                      0.1438E+04
  0.2406E-01                                      0.1426E+04
  0.2673E-01                                      0.1413E+04
  0.2941E-01                                      0.1399E+04
  0.3208E-01                                      0.1383E+04
  0.3475E-01                                      0.1366E+04
  0.3743E-01                                      0.1348E+04
  0.4010E-01                                      0.1329E+04
  0.4277E-01                                      0.1309E+04
  0.4545E-01                                      0.1289E+04
  0.4812E-01                                      0.1267E+04
  0.5079E-01                                      0.1244E+04
  0.5347E-01                                      0.1220E+04
  0.5614E-01                                      0.1196E+04
  0.5881E-01                                      0.1171E+04
  0.6149E-01                                      0.1145E+04
  0.6416E-01                                      0.1119E+04
  0.6683E-01                                      0.1092E+04
  0.6951E-01                                      0.1065E+04
  0.7218E-01                                      0.1038E+04
  0.7485E-01  0.9797E+03  0.2651E+02  0.1010E+04  0.1010E+04
  0.7654E-01  0.9784E+03  0.2429E+02  0.9921E+03  0.9921E+03
  0.7822E-01  0.9957E+03  0.2193E+02  0.9743E+03  0.9743E+03
  0.7990E-01  0.9870E+03  0.1949E+02  0.9565E+03  0.9565E+03
  0.8158E-01  0.9382E+03  0.1702E+02  0.9385E+03  0.9385E+03
  0.8326E-01  0.9042E+03  0.1458E+02  0.9205E+03  0.9205E+03
  0.8494E-01  0.8898E+03  0.1221E+02  0.9025E+03  0.9025E+03
  0.8663E-01  0.8514E+03  0.9979E+01  0.8845E+03  0.8845E+03
  0.8831E-01  0.8531E+03  0.7932E+01  0.8665E+03  0.8665E+03
  0.8999E-01  0.8459E+03  0.6790E+01  0.8485E+03  0.8485E+03
  0.9167E-01  0.8204E+03  0.3774E+01  0.8305E+03  0.8305E+03
  0.9335E-01  0.8126E+03  0.2399E+01  0.8125E+03  0.8125E+03
  0.9503E-01  0.7962E+03  0.4187E+01  0.7946E+03  0.7946E+03
  0.9671E-01  0.7825E+03  0.4104E+01  0.7767E+03  0.7767E+03
  0.9840E-01  0.7603E+03  0.4195E+01  0.7589E+03  0.7589E+03
  0.1001E+00  0.7463E+03  0.3436E+01  0.7412E+03  0.7412E+03
  0.1018E+00  0.7348E+03  0.4284E+01  0.7236E+03  0.7236E+03
  0.1034E+00  0.7100E+03  0.4283E+01  0.7062E+03  0.7062E+03
  0.1051E+00  0.6895E+03  0.5028E+01  0.6888E+03  0.6888E+03
  0.1068E+00  0.6672E+03  0.6605E+01  0.6716E+03  0.6716E+03
  0.1085E+00  0.6593E+03  0.7171E+01  0.6545E+03  0.6545E+03
  0.1102E+00  0.6547E+03  0.8602E+01  0.6375E+03  0.6375E+03
  0.1118E+00  0.6333E+03  0.9373E+01  0.6207E+03  0.6207E+03
  0.1135E+00  0.6203E+03  0.1015E+02  0.6041E+03  0.6041E+03
  0.1152E+00  0.6136E+03  0.1010E+02  0.5876E+03  0.5876E+03
  0.1169E+00  0.5989E+03  0.1017E+02  0.5714E+03  0.5714E+03
  0.1186E+00  0.5773E+03  0.9511E+01  0.5554E+03  0.5554E+03
  0.1203E+00  0.5431E+03  0.9089E+01  0.5395E+03  0.5395E+03
  0.1219E+00  0.5167E+03  0.9343E+01  0.5239E+03  0.5239E+03
  0.1236E+00  0.5115E+03  0.8904E+01  0.5084E+03  0.5084E+03
  0.1253E+00  0.5084E+03  0.8015E+01  0.4932E+03  0.4932E+03
  0.1270E+00  0.4838E+03  0.6181E+01  0.4782E+03  0.4782E+03
  0.1287E+00  0.4611E+03  0.4387E+01  0.4635E+03  0.4635E+03
  0.1303E+00  0.4470E+03  0.3390E+01  0.4490E+03  0.4490E+03
  0.1320E+00  0.4299E+03  0.3370E+01  0.4347E+03  0.4347E+03
  0.1337E+00  0.4165E+03  0.3266E+01  0.4207E+03  0.4207E+03
  0.1354E+00  0.4092E+03  0.2564E+01  0.4070E+03  0.4070E+03
  0.1371E+00  0.3931E+03  0.3728E+01  0.3935E+03  0.3935E+03
  0.1387E+00  0.3774E+03  0.4056E+01  0.3802E+03  0.3802E+03
  0.1404E+00  0.3621E+03  0.5227E+01  0.3673E+03  0.3673E+03
  0.1421E+00  0.3492E+03  0.5237E+01  0.3545E+03  0.3545E+03
  0.1438E+00  0.3333E+03  0.5660E+01  0.3421E+03  0.3421E+03
  0.1455E+00  0.3231E+03  0.5652E+01  0.3299E+03  0.3299E+03
  0.1472E+00  0.3256E+03  0.5880E+01  0.3180E+03  0.3180E+03
  0.1488E+00  0.3166E+03  0.5964E+01  0.3063E+03  0.3063E+03
  0.1505E+00  0.2974E+03  0.6008E+01  0.2950E+03  0.2950E+03
  0.1522E+00  0.2848E+03  0.5393E+01  0.2839E+03  0.2839E+03
  0.1539E+00  0.2692E+03  0.4507E+01  0.2731E+03  0.2731E+03
  0.1556E+00  0.2541E+03  0.4398E+01  0.2626E+03  0.2626E+03
  0.1572E+00  0.2497E+03  0.3038E+01  0.2523E+03  0.2523E+03
  0.1589E+00  0.2419E+03  0.2400E+01  0.2423E+03  0.2423E+03
  0.1606E+00  0.2314E+03  0.2851E+01  0.2326E+03  0.2326E+03
  0.1623E+00  0.2226E+03  0.3942E+01  0.2232E+03  0.2232E+03
  0.1640E+00  0.2111E+03  0.5685E+01  0.2140E+03  0.2140E+03
  0.1656E+00  0.2049E+03  0.6744E+01  0.2051E+03  0.2051E+03
  0.1673E+00  0.2002E+03  0.7280E+01  0.1964E+03  0.1964E+03
  0.1690E+00  0.1843E+03  0.7154E+01  0.1881E+03  0.1881E+03
  0.1707E+00  0.1612E+03  0.7694E+01  0.1799E+03  0.1799E+03
  0.1724E+00  0.1514E+03  0.7835E+01  0.1721E+03  0.1721E+03
  0.1740E+00  0.1538E+03  0.7497E+01  0.1645E+03  0.1645E+03
  0.1757E+00  0.1502E+03  0.6921E+01  0.1571E+03  0.1571E+03
  0.1774E+00  0.1469E+03  0.6768E+01  0.1500E+03  0.1500E+03
  0.1791E+00  0.1449E+03  0.5908E+01  0.1431E+03  0.1431E+03
  0.1807E+00  0.1421E+03  0.5074E+01  0.1365E+03  0.1365E+03
  0.1824E+00  0.1398E+03  0.4784E+01  0.1301E+03  0.1301E+03
  0.1841E+00  0.1287E+03  0.3497E+01  0.1240E+03  0.1240E+03
  0.1858E+00  0.1218E+03  0.3590E+01  0.1181E+03  0.1181E+03
  0.1875E+00  0.1222E+03  0.4294E+01  0.1124E+03  0.1124E+03
  0.1891E+00  0.1195E+03  0.4101E+01  0.1069E+03  0.1069E+03
  0.1908E+00  0.1093E+03  0.4424E+01  0.1017E+03  0.1017E+03
  0.1925E+00  0.9559E+02  0.5048E+01  0.9661E+02  0.9661E+02
  0.1942E+00  0.8999E+02  0.5342E+01  0.9177E+02  0.9177E+02
  0.1959E+00  0.8808E+02  0.5718E+01  0.8714E+02  0.8714E+02
  0.1975E+00  0.8248E+02  0.5906E+01  0.8271E+02  0.8271E+02
  0.1992E+00  0.7788E+02  0.5490E+01  0.7847E+02  0.7847E+02
  0.2009E+00  0.8186E+02  0.5105E+01  0.7442E+02  0.7442E+02
  0.2026E+00  0.8544E+02  0.5048E+01  0.7055E+02  0.7055E+02
  0.2043E+00  0.7725E+02  0.5212E+01  0.6687E+02  0.6687E+02
  0.2059E+00  0.6649E+02  0.4886E+01  0.6338E+02  0.6338E+02
  0.2076E+00  0.6250E+02  0.4618E+01  0.6004E+02  0.6004E+02
  0.2093E+00  0.5760E+02  0.4710E+01  0.5687E+02  0.5687E+02
  0.2110E+00  0.4919E+02  0.4238E+01  0.5386E+02  0.5386E+02
  0.2127E+00  0.4380E+02  0.3629E+01  0.5101E+02  0.5101E+02
  0.2143E+00  0.4468E+02  0.3129E+01  0.4830E+02  0.4830E+02
  0.2160E+00  0.4228E+02  0.2216E+01  0.4575E+02  0.4575E+02
  0.2177E+00  0.3999E+02  0.2923E+01  0.4334E+02  0.4334E+02
  0.2194E+00  0.4369E+02  0.3653E+01  0.4107E+02  0.4107E+02
  0.2210E+00  0.4327E+02  0.3944E+01  0.3893E+02  0.3893E+02
  0.2227E+00  0.3776E+02  0.3894E+01  0.3692E+02  0.3692E+02
  0.2244E+00  0.3217E+02  0.3488E+01  0.3503E+02  0.3503E+02
  0.2261E+00  0.2889E+02  0.3340E+01  0.3326E+02  0.3326E+02
  0.2278E+00  0.3348E+02  0.3319E+01  0.3161E+02  0.3161E+02
  0.2294E+00  0.3886E+02  0.3088E+01  0.3006E+02  0.3006E+02
  0.2311E+00  0.3118E+02  0.2639E+01  0.2862E+02  0.2862E+02
  0.2328E+00  0.2420E+02  0.2088E+01  0.2728E+02  0.2728E+02
  0.2345E+00  0.2498E+02  0.1568E+01  0.2604E+02  0.2604E+02
  0.2361E+00  0.2258E+02  0.1968E+01  0.2490E+02  0.2490E+02
  0.2378E+00  0.2160E+02  0.1766E+01  0.2384E+02  0.2384E+02
  0.2395E+00  0.2031E+02  0.1738E+01  0.2287E+02  0.2287E+02
  0.2412E+00  0.1790E+02  0.2532E+01  0.2198E+02  0.2198E+02
  0.2429E+00  0.2078E+02  0.3380E+01  0.2117E+02  0.2117E+02
  0.2445E+00  0.2299E+02  0.4852E+01  0.2043E+02  0.2043E+02
  0.2462E+00  0.2570E+02  0.5675E+01  0.1976E+02  0.1976E+02
  0.2479E+00  0.2829E+02  0.6293E+01  0.1916E+02  0.1916E+02
  0.2496E+00  0.2200E+02  0.6501E+01  0.1862E+02  0.1862E+02
  0.2512E+00  0.8228E+01  0.7075E+01  0.1814E+02  0.1814E+02
  0.2529E+00  0.5018E+01  0.7633E+01  0.1771E+02  0.1771E+02
  0.2546E+00  0.9794E+01  0.8024E+01  0.1734E+02  0.1734E+02
  0.2563E+00  0.1289E+02  0.7918E+01  0.1702E+02  0.1702E+02
  0.2580E+00  0.1937E+02  0.7114E+01  0.1675E+02  0.1675E+02
  0.2596E+00  0.2156E+02  0.6616E+01  0.1652E+02  0.1652E+02
  0.2613E+00  0.2326E+02  0.5846E+01  0.1633E+02  0.1633E+02
  0.2630E+00  0.2585E+02  0.5224E+01  0.1618E+02  0.1618E+02
  0.2647E+00  0.2176E+02  0.4347E+01  0.1606E+02  0.1606E+02
  0.2663E+00  0.1828E+02  0.4206E+01  0.1598E+02  0.1598E+02
  0.2680E+00  0.1489E+02  0.4384E+01  0.1593E+02  0.1593E+02
  0.2697E+00  0.1646E+02  0.4620E+01  0.1591E+02  0.1591E+02
  0.2714E+00  0.1985E+02  0.4002E+01  0.1591E+02  0.1591E+02
  0.2730E+00  0.1526E+02  0.3485E+01  0.1594E+02  0.1594E+02
  0.2747E+00  0.1138E+02  0.3062E+01  0.1598E+02  0.1598E+02
  0.2764E+00  0.8216E+01  0.3067E+01  0.1605E+02  0.1605E+02
  0.2781E+00  0.9421E+01  0.4331E+01  0.1614E+02  0.1614E+02
  0.2797E+00  0.1279E+02  0.5104E+01  0.1623E+02  0.1623E+02
  0.2814E+00  0.1129E+02  0.5844E+01  0.1635E+02  0.1635E+02
  0.2831E+00  0.1589E+02  0.5944E+01  0.1647E+02  0.1647E+02
  0.2848E+00  0.2367E+02  0.5704E+01  0.1661E+02  0.1661E+02
  0.2865E+00  0.2315E+02  0.5936E+01  0.1675E+02  0.1675E+02
  0.2881E+00  0.2614E+02  0.5356E+01  0.1691E+02  0.1691E+02
  0.2898E+00  0.2723E+02  0.5244E+01  0.1707E+02  0.1707E+02
  0.2915E+00  0.1577E+02  0.5292E+01  0.1723E+02  0.1723E+02
  0.2932E+00  0.1280E+02  0.5273E+01  0.1739E+02  0.1739E+02
  0.2948E+00  0.1628E+02  0.4933E+01  0.1756E+02  0.1756E+02
  0.2965E+00  0.2186E+02  0.4695E+01  0.1773E+02  0.1773E+02
  0.2982E+00  0.2506E+02  0.3382E+01  0.1790E+02  0.1790E+02
  0.2999E+00  0.2188E+02  0.2735E+01  0.1807E+02  0.1807E+02
  0.3015E+00  0.2458E+02  0.2472E+01  0.1824E+02  0.1824E+02
  0.3032E+00  0.2107E+02  0.2756E+01  0.1840E+02  0.1840E+02
  0.3049E+00  0.1708E+02  0.3466E+01  0.1856E+02  0.1856E+02
  0.3065E+00  0.1728E+02  0.3117E+01  0.1872E+02  0.1872E+02
  0.3082E+00  0.2097E+02  0.3068E+01  0.1888E+02  0.1888E+02
  0.3099E+00  0.1977E+02  0.2814E+01  0.1902E+02  0.1902E+02
  0.3116E+00  0.1210E+02  0.2605E+01  0.1917E+02  0.1917E+02
  0.3132E+00  0.1218E+02  0.3768E+01  0.1930E+02  0.1930E+02
  0.3149E+00  0.1496E+02  0.4081E+01  0.1943E+02  0.1943E+02
  0.3166E+00  0.1667E+02  0.5032E+01  0.1955E+02  0.1955E+02
  0.3183E+00  0.1859E+02  0.5424E+01  0.1967E+02  0.1967E+02
  0.3199E+00  0.2428E+02  0.5724E+01  0.1978E+02  0.1978E+02
  0.3216E+00  0.2596E+02  0.5480E+01  0.1988E+02  0.1988E+02
  0.3233E+00  0.2767E+02  0.5230E+01  0.1997E+02  0.1997E+02
  0.3250E+00  0.3095E+02  0.4451E+01  0.2005E+02  0.2005E+02
  0.3266E+00  0.2005E+02  0.4263E+01  0.2013E+02  0.2013E+02
  0.3283E+00  0.1386E+02  0.4329E+01  0.2019E+02  0.2019E+02
  0.3300E+00  0.2106E+02  0.4328E+01  0.2025E+02  0.2025E+02
  0.3317E+00  0.1868E+02  0.3802E+01  0.2030E+02  0.2030E+02
  0.3333E+00  0.2018E+02  0.2951E+01  0.2035E+02  0.2035E+02
  0.3350E+00  0.2498E+02  0.2609E+01  0.2038E+02  0.2038E+02
  0.3367E+00  0.1880E+02  0.1939E+01  0.2041E+02  0.2041E+02
  0.3383E+00  0.1649E+02  0.1742E+01  0.2043E+02  0.2043E+02
  0.3400E+00  0.1619E+02  0.2717E+01  0.2044E+02  0.2044E+02
  0.3417E+00  0.1757E+02  0.2534E+01  0.2044E+02  0.2044E+02
  0.3434E+00  0.2006E+02  0.2764E+01  0.2044E+02  0.2044E+02
  0.3450E+00  0.2337E+02  0.3279E+01  0.2043E+02  0.2043E+02
  0.3467E+00  0.2318E+02  0.3477E+01  0.2041E+02  0.2041E+02
  0.3484E+00  0.2040E+02  0.3559E+01  0.2038E+02  0.2038E+02
  0.3501E+00  0.2679E+02  0.3913E+01  0.2035E+02  0.2035E+02
  0.3517E+00  0.2737E+02  0.4023E+01  0.2032E+02  0.2032E+02
  0.3534E+00  0.2198E+02  0.4007E+01  0.2027E+02  0.2027E+02
  0.3551E+00  0.1550E+02  0.3836E+01  0.2022E+02  0.2022E+02
  0.3567E+00  0.1243E+02  0.3580E+01  0.2017E+02  0.2017E+02
  0.3584E+00  0.1963E+02  0.3675E+01  0.2011E+02  0.2011E+02
  0.3601E+00  0.2451E+02  0.3542E+01  0.2005E+02  0.2005E+02
  0.3618E+00  0.2270E+02  0.3449E+01  0.1998E+02  0.1998E+02
  0.3634E+00  0.1891E+02  0.3323E+01  0.1991E+02  0.1991E+02
  0.3651E+00  0.1981E+02  0.3379E+01  0.1984E+02  0.1984E+02
  0.3668E+00  0.2272E+02  0.3766E+01  0.1976E+02  0.1976E+02
  0.3684E+00  0.2583E+02  0.3128E+01  0.1968E+02  0.1968E+02
  0.3701E+00  0.2751E+02  0.3420E+01  0.1960E+02  0.1960E+02
  0.3718E+00  0.2052E+02  0.4272E+01  0.1951E+02  0.1951E+02
  0.3735E+00  0.1306E+02  0.4539E+01  0.1943E+02  0.1943E+02
  0.3751E+00  0.1298E+02  0.4849E+01  0.1934E+02  0.1934E+02
  0.3768E+00  0.1898E+02  0.4846E+01  0.1925E+02  0.1925E+02
  0.3785E+00  0.1378E+02  0.4541E+01  0.1916E+02  0.1916E+02
  0.3801E+00  0.1557E+02  0.3562E+01  0.1907E+02  0.1907E+02
  0.3818E+00  0.2705E+02  0.3170E+01  0.1897E+02  0.1897E+02
  0.3835E+00  0.2168E+02  0.2886E+01  0.1888E+02  0.1888E+02
  0.3852E+00  0.1531E+02  0.3110E+01  0.1879E+02  0.1879E+02
  0.3868E+00  0.1850E+02  0.2892E+01  0.1870E+02  0.1870E+02
  0.3885E+00  0.1661E+02  0.3008E+01  0.1861E+02  0.1861E+02
  0.3902E+00  0.1661E+02  0.2824E+01  0.1852E+02  0.1852E+02
  0.3918E+00  0.1623E+02  0.2257E+01  0.1843E+02  0.1843E+02
  0.3935E+00  0.1118E+02  0.1996E+01  0.1834E+02  0.1834E+02
  0.3952E+00  0.1609E+02  0.2156E+01  0.1825E+02  0.1825E+02
  0.3969E+00  0.2248E+02  0.2617E+01  0.1817E+02  0.1817E+02
  0.3985E+00  0.2127E+02  0.3258E+01  0.1809E+02  0.1809E+02
  0.4002E+00  0.1726E+02  0.3835E+01  0.1800E+02  0.1800E+02
  0.4019E+00  0.1836E+02  0.3785E+01  0.1793E+02  0.1793E+02
  0.4035E+00  0.2364E+02  0.3923E+01  0.1785E+02  0.1785E+02
  0.4052E+00  0.2523E+02  0.4029E+01  0.1777E+02  0.1777E+02
  0.4069E+00  0.2674E+02  0.3891E+01  0.1770E+02  0.1770E+02
  0.4085E+00  0.1837E+02  0.3981E+01  0.1763E+02  0.1763E+02
  0.4102E+00  0.1258E+02  0.3764E+01  0.1756E+02  0.1756E+02
  0.4119E+00  0.2214E+02  0.3559E+01  0.1750E+02  0.1750E+02
  0.4135E+00  0.2014E+02  0.3258E+01  0.1743E+02  0.1743E+02
  0.4152E+00  0.1395E+02  0.3173E+01  0.1737E+02  0.1737E+02
  0.4169E+00  0.1684E+02  0.2691E+01  0.1731E+02  0.1731E+02
  0.4185E+00  0.1862E+02  0.2418E+01  0.1726E+02  0.1726E+02
  0.4202E+00  0.1941E+02  0.2229E+01  0.1721E+02  0.1721E+02
  0.4219E+00  0.2121E+02  0.2332E+01  0.1715E+02  0.1715E+02
  0.4236E+00  0.1961E+02  0.1763E+01  0.1711E+02  0.1711E+02
  0.4252E+00  0.2130E+02  0.2567E+01  0.1706E+02  0.1706E+02
  0.4269E+00  0.2149E+02  0.2712E+01  0.1702E+02  0.1702E+02
  0.4286E+00  0.1501E+02  0.2890E+01  0.1698E+02  0.1698E+02
  0.4302E+00  0.1360E+02  0.3391E+01  0.1694E+02  0.1694E+02
  0.4319E+00  0.1241E+02  0.3722E+01  0.1690E+02  0.1690E+02
  0.4336E+00  0.1032E+02  0.3659E+01  0.1686E+02  0.1686E+02
  0.4352E+00  0.1780E+02  0.3102E+01  0.1683E+02  0.1683E+02
  0.4369E+00  0.2148E+02  0.2616E+01  0.1680E+02  0.1680E+02
  0.4386E+00  0.1211E+02  0.2405E+01  0.1677E+02  0.1677E+02
  0.4402E+00  0.8027E+01  0.2881E+01  0.1674E+02  0.1674E+02
  0.4419E+00  0.1351E+02  0.3019E+01  0.1671E+02  0.1671E+02
  0.4435E+00  0.1401E+02  0.3078E+01  0.1669E+02  0.1669E+02
  0.4452E+00  0.1271E+02  0.3177E+01  0.1666E+02  0.1666E+02
  0.4469E+00  0.1331E+02  0.3670E+01  0.1664E+02  0.1664E+02
  0.4486E+00  0.7904E+01  0.4161E+01  0.1662E+02  0.1662E+02
  0.4502E+00  0.5096E+01  0.4267E+01  0.1660E+02  0.1660E+02
  0.4519E+00  0.7296E+01  0.4773E+01  0.1658E+02  0.1658E+02
  0.4536E+00  0.1637E+02  0.5100E+01  0.1656E+02  0.1656E+02
  0.4552E+00  0.2324E+02  0.5645E+01  0.1654E+02  0.1654E+02
  0.4569E+00  0.2163E+02  0.5610E+01  0.1652E+02  0.1652E+02
  0.4586E+00  0.2201E+02  0.5414E+01  0.1650E+02  0.1650E+02
  0.4602E+00  0.1692E+02  0.4568E+01  0.1648E+02  0.1648E+02
  0.4619E+00  0.1462E+02  0.3937E+01  0.1646E+02  0.1646E+02
  0.4635E+00  0.2049E+02  0.3788E+01  0.1644E+02  0.1644E+02
  0.4652E+00  0.2299E+02  0.4102E+01  0.1642E+02  0.1642E+02
  0.4669E+00  0.1802E+02  0.3612E+01  0.1640E+02  0.1640E+02
  0.4685E+00  0.1751E+02  0.2366E+01  0.1638E+02  0.1638E+02
  0.4702E+00  0.1957E+02  0.4094E+01  0.1636E+02  0.1636E+02
  0.4719E+00  0.2039E+02  0.5613E+01  0.1634E+02  0.1634E+02
  0.4735E+00  0.2579E+02  0.6900E+01  0.1632E+02  0.1632E+02
  0.4752E+00  0.2307E+02  0.7105E+01  0.1630E+02  0.1630E+02
  0.4769E+00  0.1161E+02  0.7273E+01  0.1627E+02  0.1627E+02
  0.4785E+00  0.1259E+02  0.9767E+01  0.1625E+02  0.1625E+02
  0.4802E+00  0.9925E+00  0.1194E+02  0.1622E+02  0.1622E+02
  0.4819E+00 -0.1139E+02  0.1222E+02  0.1620E+02  0.1620E+02
  0.4835E+00  0.9551E+01  0.1433E+02  0.1617E+02  0.1617E+02
  0.4852E+00  0.2303E+02  0.1428E+02  0.1614E+02  0.1614E+02
  0.4868E+00  0.2720E+02  0.1479E+02  0.1612E+02  0.1612E+02
  0.4885E+00  0.3827E+02  0.1643E+02  0.1609E+02  0.1609E+02
  0.4902E+00  0.4356E+02  0.1587E+02  0.1605E+02  0.1605E+02
  0.4918E+00  0.2302E+02  0.1590E+02  0.1602E+02  0.1602E+02
  0.4935E+00  0.2622E+02  0.1547E+02  0.1599E+02  0.1599E+02
  0.4951E+00  0.4377E+02  0.1457E+02  0.1595E+02  0.1595E+02
  0.4968E+00  0.1970E+02  0.1161E+02  0.1592E+02  0.1592E+02
  0.4985E+00 -0.4479E+01  0.8864E+01  0.1588E+02  0.1588E+02
  0.5001E+00  0.2751E+01  0.7034E+01  0.1585E+02  0.1585E+02
  0.5018E+00  0.2236E+02  0.6662E+01  0.1581E+02  0.1581E+02
  0.5035E+00  0.4042E+02  0.8296E+01  0.1577E+02  0.1577E+02
  0.5051E+00  0.2917E+02  0.1252E+02  0.1573E+02  0.1573E+02
  0.5068E+00  0.2334E+02  0.1982E+02  0.1569E+02  0.1569E+02
  0.5084E+00  0.8953E+01  0.3076E+02  0.1564E+02  0.1564E+02
  0.5101E+00 -0.4464E+02  0.4590E+02  0.1560E+02  0.1560E+02

           Distance distribution  function of particle  


       R          P(R)      ERROR

  0.0000E+00  0.4047E+00  0.2162E-01
  0.4500E+00  0.4118E+00  0.2116E-01
  0.9000E+00  0.4330E+00  0.1979E-01
  0.1350E+01  0.4684E+00  0.1759E-01
  0.1800E+01  0.5180E+00  0.1466E-01
  0.2250E+01  0.5817E+00  0.1117E-01
  0.2700E+01  0.6595E+00  0.7396E-02
  0.3150E+01  0.7514E+00  0.4094E-02
  0.3600E+01  0.8571E+00  0.4197E-02
  0.4050E+01  0.9767E+00  0.7561E-02
  0.4500E+01  0.1110E+01  0.1134E-01
  0.4950E+01  0.1256E+01  0.1483E-01
  0.5400E+01  0.1414E+01  0.1775E-01
  0.5850E+01  0.1585E+01  0.1996E-01
  0.6300E+01  0.1767E+01  0.2136E-01
  0.6750E+01  0.1959E+01  0.2188E-01
  0.7200E+01  0.2161E+01  0.2152E-01
  0.7650E+01  0.2371E+01  0.2033E-01
  0.8100E+01  0.2588E+01  0.1841E-01
  0.8550E+01  0.2810E+01  0.1593E-01
  0.9000E+01  0.3036E+01  0.1318E-01
  0.9450E+01  0.3265E+01  0.1069E-01
  0.9900E+01  0.3494E+01  0.9308E-02
  0.1035E+02  0.3723E+01  0.9843E-02
  0.1080E+02  0.3948E+01  0.1203E-01
  0.1125E+02  0.4169E+01  0.1494E-01
  0.1170E+02  0.4384E+01  0.1791E-01
  0.1215E+02  0.4591E+01  0.2056E-01
  0.1260E+02  0.4789E+01  0.2265E-01
  0.1305E+02  0.4975E+01  0.2407E-01
  0.1350E+02  0.5150E+01  0.2474E-01
  0.1395E+02  0.5311E+01  0.2468E-01
  0.1440E+02  0.5457E+01  0.2393E-01
  0.1485E+02  0.5587E+01  0.2263E-01
  0.1530E+02  0.5702E+01  0.2096E-01
  0.1575E+02  0.5799E+01  0.1922E-01
  0.1620E+02  0.5879E+01  0.1776E-01
  0.1665E+02  0.5942E+01  0.1696E-01
  0.1710E+02  0.5986E+01  0.1707E-01
  0.1755E+02  0.6013E+01  0.1808E-01
  0.1800E+02  0.6021E+01  0.1971E-01
  0.1845E+02  0.6012E+01  0.2160E-01
  0.1890E+02  0.5986E+01  0.2342E-01
  0.1935E+02  0.5943E+01  0.2493E-01
  0.1980E+02  0.5883E+01  0.2599E-01
  0.2025E+02  0.5808E+01  0.2653E-01
  0.2070E+02  0.5717E+01  0.2653E-01
  0.2115E+02  0.5612E+01  0.2607E-01
  0.2160E+02  0.5493E+01  0.2528E-01
  0.2205E+02  0.5362E+01  0.2434E-01
  0.2250E+02  0.5218E+01  0.2350E-01
  0.2295E+02  0.5062E+01  0.2302E-01
  0.2340E+02  0.4897E+01  0.2311E-01
  0.2385E+02  0.4723E+01  0.2383E-01
  0.2430E+02  0.4540E+01  0.2514E-01
  0.2475E+02  0.4350E+01  0.2685E-01
  0.2520E+02  0.4154E+01  0.2875E-01
  0.2565E+02  0.3954E+01  0.3062E-01
  0.2610E+02  0.3750E+01  0.3231E-01
  0.2655E+02  0.3543E+01  0.3370E-01
  0.2700E+02  0.3336E+01  0.3472E-01
  0.2745E+02  0.3129E+01  0.3535E-01
  0.2790E+02  0.2923E+01  0.3563E-01
  0.2835E+02  0.2720E+01  0.3560E-01
  0.2880E+02  0.2521E+01  0.3535E-01
  0.2925E+02  0.2327E+01  0.3496E-01
  0.2970E+02  0.2139E+01  0.3453E-01
  0.3015E+02  0.1958E+01  0.3412E-01
  0.3060E+02  0.1785E+01  0.3381E-01
  0.3105E+02  0.1621E+01  0.3360E-01
  0.3150E+02  0.1465E+01  0.3352E-01
  0.3195E+02  0.1320E+01  0.3356E-01
  0.3240E+02  0.1185E+01  0.3370E-01
  0.3285E+02  0.1059E+01  0.3396E-01
  0.3330E+02  0.9446E+00  0.3435E-01
  0.3375E+02  0.8399E+00  0.3492E-01
  0.3420E+02  0.7453E+00  0.3570E-01
  0.3465E+02  0.6603E+00  0.3672E-01
  0.3510E+02  0.5846E+00  0.3801E-01
  0.3555E+02  0.5175E+00  0.3953E-01
  0.3600E+02  0.4585E+00  0.4123E-01
  0.3645E+02  0.4070E+00  0.4301E-01
  0.3690E+02  0.3623E+00  0.4476E-01
  0.3735E+02  0.3237E+00  0.4638E-01
  0.3780E+02  0.2906E+00  0.4777E-01
  0.3825E+02  0.2622E+00  0.4886E-01
  0.3870E+02  0.2379E+00  0.4965E-01
  0.3915E+02  0.2173E+00  0.5016E-01
  0.3960E+02  0.1997E+00  0.5049E-01
  0.4005E+02  0.1848E+00  0.5078E-01
  0.4050E+02  0.1722E+00  0.5122E-01
  0.4095E+02  0.1614E+00  0.5202E-01
  0.4140E+02  0.1524E+00  0.5332E-01
  0.4185E+02  0.1448E+00  0.5521E-01
  0.4230E+02  0.1385E+00  0.5766E-01
  0.4275E+02  0.1334E+00  0.6051E-01
  0.4320E+02  0.1294E+00  0.6351E-01
  0.4365E+02  0.1264E+00  0.6637E-01
  0.4410E+02  0.1243E+00  0.6876E-01
  0.4455E+02  0.1232E+00  0.7038E-01
  0.4500E+02  0.1228E+00  0.7097E-01
          Reciprocal space: Rg =   14.29     , I(0) =   0.1483E+04
     Real space: Rg =   14.28 +- 0.094  I(0) =   0.1484E+04 +-  0.9492E+01
