
           ####    G N O M   ---   Version 4.5a revised 09/02/02     ####

                                                    19-Apr-2010   14:25:31
           ===    Run No   1   ===
 Run title:  #Lysozyme, high angles (>.22) 46 mg/ml, small angles (<.22) 15 mg


   *******    Input file(s) : lyzexp.dat
           Condition P(rmin) = 0 is used. 
           Condition P(rmax) = 0 is used. 

          Highest ALPHA is found to be   0.2840E+01

  The measure of inconsistency AN1 equals to    0.3200E+00
     Alpha    Discrp  Oscill  Stabil  Sysdev  Positv  Valcen    Total   
  0.2840E+04 12.2450  1.1016  0.8415  0.0000  1.0000  0.8780  0.39144
  0.5680E+03  8.8435  1.0522  0.5952  0.3282  1.0000  0.8990  0.40133
  0.1136E+03  4.4416  1.0516  0.2979  0.4513  1.0000  0.9240  0.41174
  0.2272E+02  1.6211  1.1128  0.0991  0.5128  1.0000  0.9417  0.54248
  0.4544E+01  0.5431  1.1934  0.0412  0.6974  1.0000  0.9519  0.69673
  0.9088E+00  0.2984  1.2335  0.0118  1.0051  1.0000  0.9550  0.91594
  0.1818E+00  0.2776  1.2459  0.0053  1.0051  1.0000  0.9555  0.91312
  0.3635E-01  0.2754  1.2549  0.0056  1.0256  1.0000  0.9553  0.91108
  0.7270E-02  0.2745  1.2776  0.0167  1.0256  1.0000  0.9553  0.90189
  0.1454E-02  0.2736  1.3810  0.0217  1.0051  1.0000  0.9551  0.87032
  0.2908E-03  0.2733  1.5109  0.0106  1.0256  1.0000  0.9545  0.83202
  0.5816E-04  0.2732  1.6632  0.0341  1.0256  1.0000  0.9537  0.76177
  0.1163E-04  0.2731  2.5217  0.1236  1.0256  0.9991  0.9499  0.51511
  0.2326E-05  0.2729  6.8332  0.5271  1.0462  0.9815  0.8964  0.41064
  0.4653E-06  0.2721 11.2103  0.7594  1.0667  0.8576  0.4969  0.28128
  0.9306E-07  0.2707 11.7362  0.4298  1.0872  0.7682  0.3969  0.16023
  0.1861E-07  0.2701 12.3322  0.1799  1.0872  0.7481  0.3620  0.18558
  0.3722E-08  0.2700 14.7414  0.6288  1.0872  0.7431  0.3935  0.00000

          ***  Golden section search to maximize estimate ***
     Alpha    Discrp  Oscill  Stabil  Sysdev  Positv  Valcen    Total   
  0.4914E+00  0.2841  1.2397  0.0072  1.0051  1.0000  0.9553  0.91461
  0.1149E+01  0.3093  1.2301  0.0144  0.9231  1.0000  0.9548  0.83250
  0.7186E+00  0.2911  1.2362  0.0096  1.0051  1.0000  0.9552  0.91535
  0.9941E+00  0.3021  1.2323  0.0127  0.9846  1.0000  0.9549  0.91622
  0.1051E+01  0.3046  1.2315  0.0134  0.9641  1.0000  0.9549  0.91640
  0.1087E+01  0.3063  1.2310  0.0138  0.9436  1.0000  0.9549  0.91652
  0.1111E+01  0.3074  1.2307  0.0140  0.9436  1.0000  0.9548  0.91660
  0.1125E+01  0.3081  1.2305  0.0142  0.9436  1.0000  0.9548  0.91665
  0.1134E+01  0.3086  1.2303  0.0143  0.9436  1.0000  0.9548  0.91668
  0.1140E+01  0.3088  1.2303  0.0143  0.9231  1.0000  0.9548  0.83247
  0.1131E+01  0.3084  1.2304  0.0142  0.9436  1.0000  0.9548  0.91667
  0.1137E+01  0.3087  1.2303  0.0143  0.9436  1.0000  0.9548  0.91669
  0.1138E+01  0.3087  1.2303  0.0143  0.9231  1.0000  0.9548  0.83246
  0.1136E+01  0.3086  1.2303  0.0143  0.9436  1.0000  0.9548  0.91669
  0.1137E+01  0.3087  1.2303  0.0143  0.9436  1.0000  0.9548  0.91669
  0.1137E+01  0.3087  1.2303  0.0143  0.9436  1.0000  0.9548  0.91670
  0.1138E+01  0.3087  1.2303  0.0143  0.9436  1.0000  0.9548  0.91670
  0.1138E+01  0.3087  1.2303  0.0143  0.9231  1.0000  0.9548  0.83246
  0.1138E+01  0.3087  1.2303  0.0143  0.9436  1.0000  0.9548  0.91670



             ####            Final results            ####

 Parameter    DISCRP    OSCILL    STABIL    SYSDEV    POSITV    VALCEN
 Weight        1.000     3.000     3.000     3.000     1.000     1.000
 Sigma         0.300     0.600     0.120     0.120     0.120     0.120
 Ideal         0.700     1.100     0.000     1.000     1.000     0.950
 Current       0.309     1.230     0.014     0.944     1.000     0.955
                - - - - - - - - - - - - - - - - - - - - - - - - - 
 Estimate      0.182     0.954     0.986     1.000     1.000     0.998

  Angular   range    :     from    0.0414   to    0.4960
  Real space range   :     from      0.00   to     45.00

  Highest ALPHA (theor) :   0.284E+04                 JOB = 0
  Current ALPHA         :   0.114E+01   Rg :  0.151E+02   I(0) :   0.648E+01

           Total  estimate : 0.917  which is  AN EXCELLENT  solution

      S          J EXP       ERROR       J REG       I REG

  0.0000E+00                                      0.6479E+01
  0.2434E-02                                      0.6476E+01
  0.4869E-02                                      0.6467E+01
  0.7303E-02                                      0.6452E+01
  0.9738E-02                                      0.6432E+01
  0.1217E-01                                      0.6406E+01
  0.1461E-01                                      0.6375E+01
  0.1704E-01                                      0.6338E+01
  0.1948E-01                                      0.6295E+01
  0.2191E-01                                      0.6247E+01
  0.2434E-01                                      0.6194E+01
  0.2678E-01                                      0.6136E+01
  0.2921E-01                                      0.6073E+01
  0.3165E-01                                      0.6005E+01
  0.3408E-01                                      0.5933E+01
  0.3652E-01                                      0.5856E+01
  0.3895E-01                                      0.5775E+01
  0.4138E-01  0.5904E+01  0.1555E+00  0.5690E+01  0.5690E+01
  0.4372E-01  0.5652E+01  0.1527E+00  0.5605E+01  0.5605E+01
  0.4605E-01  0.5533E+01  0.1522E+00  0.5516E+01  0.5516E+01
  0.4838E-01  0.5547E+01  0.1475E+00  0.5425E+01  0.5425E+01
  0.5071E-01  0.5296E+01  0.1437E+00  0.5330E+01  0.5330E+01
  0.5304E-01  0.5213E+01  0.1422E+00  0.5233E+01  0.5233E+01
  0.5537E-01  0.5064E+01  0.1426E+00  0.5133E+01  0.5133E+01
  0.5771E-01  0.5029E+01  0.1414E+00  0.5031E+01  0.5031E+01
  0.6004E-01  0.4922E+01  0.1405E+00  0.4927E+01  0.4927E+01
  0.6237E-01  0.4899E+01  0.1388E+00  0.4820E+01  0.4820E+01
  0.6470E-01  0.4739E+01  0.1368E+00  0.4713E+01  0.4713E+01
  0.6703E-01  0.4432E+01  0.1347E+00  0.4603E+01  0.4603E+01
  0.6936E-01  0.4479E+01  0.1326E+00  0.4493E+01  0.4493E+01
  0.7169E-01  0.4490E+01  0.1321E+00  0.4381E+01  0.4381E+01
  0.7403E-01  0.4267E+01  0.1321E+00  0.4268E+01  0.4268E+01
  0.7636E-01  0.4156E+01  0.1309E+00  0.4155E+01  0.4155E+01
  0.7869E-01  0.4113E+01  0.1283E+00  0.4042E+01  0.4042E+01
  0.8102E-01  0.4040E+01  0.1263E+00  0.3928E+01  0.3928E+01
  0.8335E-01  0.3814E+01  0.1244E+00  0.3814E+01  0.3814E+01
  0.8568E-01  0.3726E+01  0.1224E+00  0.3700E+01  0.3700E+01
  0.8802E-01  0.3557E+01  0.1217E+00  0.3586E+01  0.3586E+01
  0.9035E-01  0.3472E+01  0.1215E+00  0.3473E+01  0.3473E+01
  0.9268E-01  0.3354E+01  0.1186E+00  0.3361E+01  0.3361E+01
  0.9501E-01  0.3238E+01  0.1183E+00  0.3250E+01  0.3250E+01
  0.9734E-01  0.3109E+01  0.1159E+00  0.3139E+01  0.3139E+01
  0.9967E-01  0.3028E+01  0.1139E+00  0.3030E+01  0.3030E+01
  0.1020E+00  0.2942E+01  0.1136E+00  0.2922E+01  0.2922E+01
  0.1043E+00  0.2842E+01  0.1120E+00  0.2815E+01  0.2815E+01
  0.1067E+00  0.2747E+01  0.1110E+00  0.2710E+01  0.2710E+01
  0.1090E+00  0.2588E+01  0.1103E+00  0.2606E+01  0.2606E+01
  0.1113E+00  0.2567E+01  0.1098E+00  0.2505E+01  0.2505E+01
  0.1137E+00  0.2401E+01  0.1089E+00  0.2405E+01  0.2405E+01
  0.1160E+00  0.2433E+01  0.1067E+00  0.2307E+01  0.2307E+01
  0.1183E+00  0.2312E+01  0.1055E+00  0.2211E+01  0.2211E+01
  0.1207E+00  0.2174E+01  0.1065E+00  0.2117E+01  0.2117E+01
  0.1230E+00  0.1991E+01  0.1040E+00  0.2026E+01  0.2026E+01
  0.1253E+00  0.1928E+01  0.1044E+00  0.1937E+01  0.1937E+01
  0.1277E+00  0.1894E+01  0.1039E+00  0.1850E+01  0.1850E+01
  0.1300E+00  0.1759E+01  0.1029E+00  0.1766E+01  0.1766E+01
  0.1323E+00  0.1729E+01  0.1026E+00  0.1683E+01  0.1683E+01
  0.1346E+00  0.1609E+01  0.1010E+00  0.1604E+01  0.1604E+01
  0.1370E+00  0.1522E+01  0.1017E+00  0.1527E+01  0.1527E+01
  0.1393E+00  0.1531E+01  0.9972E-01  0.1452E+01  0.1452E+01
  0.1416E+00  0.1381E+01  0.9943E-01  0.1380E+01  0.1380E+01
  0.1440E+00  0.1349E+01  0.9976E-01  0.1310E+01  0.1310E+01
  0.1463E+00  0.1268E+01  0.9944E-01  0.1243E+01  0.1243E+01
  0.1486E+00  0.1226E+01  0.9745E-01  0.1178E+01  0.1178E+01
  0.1510E+00  0.1141E+01  0.9761E-01  0.1116E+01  0.1116E+01
  0.1533E+00  0.1059E+01  0.9622E-01  0.1056E+01  0.1056E+01
  0.1556E+00  0.1017E+01  0.9608E-01  0.9988E+00  0.9988E+00
  0.1580E+00  0.8895E+00  0.9594E-01  0.9437E+00  0.9437E+00
  0.1603E+00  0.9721E+00  0.9550E-01  0.8911E+00  0.8911E+00
  0.1626E+00  0.8723E+00  0.9682E-01  0.8407E+00  0.8407E+00
  0.1650E+00  0.7940E+00  0.9422E-01  0.7926E+00  0.7926E+00
  0.1673E+00  0.6835E+00  0.9595E-01  0.7468E+00  0.7468E+00
  0.1696E+00  0.7052E+00  0.9471E-01  0.7031E+00  0.7031E+00
  0.1719E+00  0.6880E+00  0.9228E-01  0.6615E+00  0.6615E+00
  0.1743E+00  0.6364E+00  0.9179E-01  0.6220E+00  0.6220E+00
  0.1766E+00  0.6014E+00  0.9296E-01  0.5845E+00  0.5845E+00
  0.1789E+00  0.5886E+00  0.9241E-01  0.5489E+00  0.5489E+00
  0.1813E+00  0.5316E+00  0.9182E-01  0.5153E+00  0.5153E+00
  0.1836E+00  0.5330E+00  0.9129E-01  0.4835E+00  0.4835E+00
  0.1859E+00  0.4980E+00  0.9124E-01  0.4534E+00  0.4534E+00
  0.1883E+00  0.4020E+00  0.9055E-01  0.4250E+00  0.4250E+00
  0.1906E+00  0.3315E+00  0.9066E-01  0.3983E+00  0.3983E+00
  0.1929E+00  0.4155E+00  0.8873E-01  0.3732E+00  0.3732E+00
  0.1953E+00  0.4268E+00  0.9031E-01  0.3496E+00  0.3496E+00
  0.1976E+00  0.3083E+00  0.9057E-01  0.3275E+00  0.3275E+00
  0.1999E+00  0.2795E+00  0.9010E-01  0.3067E+00  0.3067E+00
  0.2023E+00  0.3184E+00  0.8849E-01  0.2873E+00  0.2873E+00
  0.2046E+00  0.2938E+00  0.8669E-01  0.2692E+00  0.2692E+00
  0.2069E+00  0.2181E+00  0.8672E-01  0.2522E+00  0.2522E+00
  0.2093E+00  0.2169E+00  0.8686E-01  0.2365E+00  0.2365E+00
  0.2116E+00  0.2926E+00  0.8474E-01  0.2218E+00  0.2218E+00
  0.2139E+00  0.2310E+00  0.8611E-01  0.2082E+00  0.2082E+00
  0.2162E+00  0.1614E+00  0.8687E-01  0.1956E+00  0.1956E+00
  0.2186E+00  0.1752E+00  0.8529E-01  0.1839E+00  0.1839E+00
  0.2209E+00  0.1675E+00  0.8613E-01  0.1732E+00  0.1732E+00
  0.2232E+00  0.1474E+00  0.2295E-01  0.1632E+00  0.1632E+00
  0.2256E+00  0.1434E+00  0.2292E-01  0.1541E+00  0.1541E+00
  0.2279E+00  0.1396E+00  0.2296E-01  0.1457E+00  0.1457E+00
  0.2302E+00  0.1442E+00  0.2290E-01  0.1381E+00  0.1381E+00
  0.2326E+00  0.1175E+00  0.2299E-01  0.1311E+00  0.1311E+00
  0.2349E+00  0.1173E+00  0.2278E-01  0.1247E+00  0.1247E+00
  0.2372E+00  0.1003E+00  0.2265E-01  0.1189E+00  0.1189E+00
  0.2396E+00  0.1037E+00  0.2265E-01  0.1137E+00  0.1137E+00
  0.2419E+00  0.1054E+00  0.2266E-01  0.1090E+00  0.1090E+00
  0.2442E+00  0.8130E-01  0.2257E-01  0.1048E+00  0.1048E+00
  0.2466E+00  0.1043E+00  0.2251E-01  0.1010E+00  0.1010E+00
  0.2489E+00  0.8939E-01  0.2250E-01  0.9763E-01  0.9763E-01
  0.2512E+00  0.8607E-01  0.2231E-01  0.9467E-01  0.9467E-01
  0.2536E+00  0.9523E-01  0.2224E-01  0.9207E-01  0.9207E-01
  0.2559E+00  0.9067E-01  0.2230E-01  0.8981E-01  0.8981E-01
  0.2582E+00  0.8405E-01  0.2212E-01  0.8787E-01  0.8787E-01
  0.2605E+00  0.7749E-01  0.2218E-01  0.8621E-01  0.8621E-01
  0.2629E+00  0.9073E-01  0.2224E-01  0.8482E-01  0.8482E-01
  0.2652E+00  0.6784E-01  0.2213E-01  0.8367E-01  0.8367E-01
  0.2675E+00  0.7314E-01  0.2219E-01  0.8275E-01  0.8275E-01
  0.2699E+00  0.8041E-01  0.2212E-01  0.8203E-01  0.8203E-01
  0.2722E+00  0.8189E-01  0.2219E-01  0.8150E-01  0.8150E-01
  0.2745E+00  0.8987E-01  0.2223E-01  0.8114E-01  0.8114E-01
  0.2769E+00  0.8905E-01  0.2238E-01  0.8093E-01  0.8093E-01
  0.2792E+00  0.9365E-01  0.2206E-01  0.8085E-01  0.8085E-01
  0.2815E+00  0.6025E-01  0.2210E-01  0.8090E-01  0.8090E-01
  0.2839E+00  0.8623E-01  0.2202E-01  0.8105E-01  0.8105E-01
  0.2862E+00  0.6811E-01  0.2207E-01  0.8129E-01  0.8129E-01
  0.2885E+00  0.1029E+00  0.2204E-01  0.8161E-01  0.8161E-01
  0.2909E+00  0.8355E-01  0.2221E-01  0.8200E-01  0.8200E-01
  0.2932E+00  0.8926E-01  0.2198E-01  0.8244E-01  0.8244E-01
  0.2955E+00  0.1074E+00  0.2179E-01  0.8293E-01  0.8293E-01
  0.2979E+00  0.7593E-01  0.2171E-01  0.8345E-01  0.8345E-01
  0.3002E+00  0.8340E-01  0.2183E-01  0.8400E-01  0.8400E-01
  0.3025E+00  0.8826E-01  0.2181E-01  0.8455E-01  0.8455E-01
  0.3048E+00  0.6449E-01  0.2169E-01  0.8511E-01  0.8511E-01
  0.3072E+00  0.8604E-01  0.2191E-01  0.8567E-01  0.8567E-01
  0.3095E+00  0.7841E-01  0.2196E-01  0.8621E-01  0.8621E-01
  0.3118E+00  0.9422E-01  0.2201E-01  0.8674E-01  0.8674E-01
  0.3142E+00  0.8130E-01  0.2163E-01  0.8724E-01  0.8724E-01
  0.3165E+00  0.7428E-01  0.2197E-01  0.8771E-01  0.8771E-01
  0.3188E+00  0.1114E+00  0.2172E-01  0.8813E-01  0.8813E-01
  0.3212E+00  0.9877E-01  0.2197E-01  0.8852E-01  0.8852E-01
  0.3235E+00  0.9422E-01  0.2189E-01  0.8886E-01  0.8886E-01
  0.3258E+00  0.9405E-01  0.2159E-01  0.8914E-01  0.8914E-01
  0.3282E+00  0.9261E-01  0.2195E-01  0.8937E-01  0.8937E-01
  0.3305E+00  0.9638E-01  0.2206E-01  0.8953E-01  0.8953E-01
  0.3328E+00  0.8985E-01  0.2178E-01  0.8964E-01  0.8964E-01
  0.3352E+00  0.9100E-01  0.2189E-01  0.8968E-01  0.8968E-01
  0.3375E+00  0.7572E-01  0.2158E-01  0.8965E-01  0.8965E-01
  0.3398E+00  0.9186E-01  0.2184E-01  0.8956E-01  0.8956E-01
  0.3422E+00  0.7999E-01  0.2177E-01  0.8940E-01  0.8940E-01
  0.3445E+00  0.9358E-01  0.2195E-01  0.8917E-01  0.8917E-01
  0.3468E+00  0.8592E-01  0.2174E-01  0.8887E-01  0.8887E-01
  0.3491E+00  0.1014E+00  0.2169E-01  0.8851E-01  0.8851E-01
  0.3515E+00  0.9322E-01  0.2177E-01  0.8807E-01  0.8807E-01
  0.3538E+00  0.9283E-01  0.2159E-01  0.8757E-01  0.8757E-01
  0.3561E+00  0.9498E-01  0.2173E-01  0.8701E-01  0.8701E-01
  0.3585E+00  0.7724E-01  0.2175E-01  0.8639E-01  0.8639E-01
  0.3608E+00  0.8467E-01  0.2191E-01  0.8570E-01  0.8570E-01
  0.3631E+00  0.9428E-01  0.2155E-01  0.8496E-01  0.8496E-01
  0.3655E+00  0.8958E-01  0.2145E-01  0.8417E-01  0.8417E-01
  0.3678E+00  0.7997E-01  0.2131E-01  0.8333E-01  0.8333E-01
  0.3701E+00  0.8948E-01  0.2172E-01  0.8244E-01  0.8244E-01
  0.3725E+00  0.8622E-01  0.2177E-01  0.8151E-01  0.8151E-01
  0.3748E+00  0.8242E-01  0.2161E-01  0.8054E-01  0.8054E-01
  0.3771E+00  0.7453E-01  0.2166E-01  0.7954E-01  0.7954E-01
  0.3795E+00  0.6848E-01  0.2156E-01  0.7851E-01  0.7851E-01
  0.3818E+00  0.8021E-01  0.2159E-01  0.7745E-01  0.7745E-01
  0.3841E+00  0.6464E-01  0.2142E-01  0.7637E-01  0.7637E-01
  0.3865E+00  0.7260E-01  0.2145E-01  0.7528E-01  0.7528E-01
  0.3888E+00  0.6507E-01  0.2152E-01  0.7417E-01  0.7417E-01
  0.3911E+00  0.9128E-01  0.2157E-01  0.7306E-01  0.7306E-01
  0.3934E+00  0.5480E-01  0.2131E-01  0.7194E-01  0.7194E-01
  0.3958E+00  0.6459E-01  0.2142E-01  0.7082E-01  0.7082E-01
  0.3981E+00  0.6846E-01  0.2128E-01  0.6971E-01  0.6971E-01
  0.4004E+00  0.6134E-01  0.2162E-01  0.6860E-01  0.6860E-01
  0.4028E+00  0.8693E-01  0.2163E-01  0.6751E-01  0.6751E-01
  0.4051E+00  0.6266E-01  0.2161E-01  0.6643E-01  0.6643E-01
  0.4074E+00  0.6403E-01  0.2133E-01  0.6537E-01  0.6537E-01
  0.4098E+00  0.7578E-01  0.2137E-01  0.6433E-01  0.6433E-01
  0.4121E+00  0.6223E-01  0.2123E-01  0.6332E-01  0.6332E-01
  0.4144E+00  0.6059E-01  0.2127E-01  0.6234E-01  0.6234E-01
  0.4168E+00  0.7271E-01  0.2120E-01  0.6138E-01  0.6138E-01
  0.4191E+00  0.4413E-01  0.2121E-01  0.6045E-01  0.6045E-01
  0.4214E+00  0.5198E-01  0.2142E-01  0.5956E-01  0.5956E-01
  0.4238E+00  0.6644E-01  0.2118E-01  0.5870E-01  0.5870E-01
  0.4261E+00  0.5412E-01  0.2119E-01  0.5788E-01  0.5788E-01
  0.4284E+00  0.6230E-01  0.2118E-01  0.5709E-01  0.5709E-01
  0.4307E+00  0.4823E-01  0.2124E-01  0.5634E-01  0.5634E-01
  0.4331E+00  0.5651E-01  0.2127E-01  0.5563E-01  0.5563E-01
  0.4354E+00  0.5640E-01  0.2143E-01  0.5495E-01  0.5495E-01
  0.4377E+00  0.5795E-01  0.2141E-01  0.5430E-01  0.5430E-01
  0.4401E+00  0.6274E-01  0.2146E-01  0.5369E-01  0.5369E-01
  0.4424E+00  0.4809E-01  0.2124E-01  0.5312E-01  0.5312E-01
  0.4447E+00  0.6896E-01  0.2163E-01  0.5258E-01  0.5258E-01
  0.4471E+00  0.5933E-01  0.2125E-01  0.5207E-01  0.5207E-01
  0.4494E+00  0.4890E-01  0.2113E-01  0.5158E-01  0.5158E-01
  0.4517E+00  0.5339E-01  0.2113E-01  0.5113E-01  0.5113E-01
  0.4541E+00  0.6247E-01  0.2146E-01  0.5071E-01  0.5071E-01
  0.4564E+00  0.4227E-01  0.2119E-01  0.5030E-01  0.5030E-01
  0.4587E+00  0.5588E-01  0.2133E-01  0.4992E-01  0.4992E-01
  0.4611E+00  0.4966E-01  0.2129E-01  0.4956E-01  0.4956E-01
  0.4634E+00  0.5370E-01  0.2127E-01  0.4922E-01  0.4922E-01
  0.4657E+00  0.3810E-01  0.2128E-01  0.4890E-01  0.4890E-01
  0.4681E+00  0.4956E-01  0.2116E-01  0.4858E-01  0.4858E-01
  0.4704E+00  0.3642E-01  0.2128E-01  0.4828E-01  0.4828E-01
  0.4727E+00  0.3003E-01  0.2150E-01  0.4799E-01  0.4799E-01
  0.4750E+00  0.4914E-01  0.2147E-01  0.4770E-01  0.4770E-01
  0.4774E+00  0.5283E-01  0.2138E-01  0.4742E-01  0.4742E-01
  0.4797E+00  0.5256E-01  0.2142E-01  0.4714E-01  0.4714E-01
  0.4820E+00  0.4502E-01  0.2172E-01  0.4686E-01  0.4686E-01
  0.4844E+00  0.4971E-01  0.2165E-01  0.4658E-01  0.4658E-01
  0.4867E+00  0.4813E-01  0.2148E-01  0.4629E-01  0.4629E-01
  0.4890E+00  0.4888E-01  0.2153E-01  0.4600E-01  0.4600E-01
  0.4914E+00  0.3576E-01  0.2142E-01  0.4571E-01  0.4571E-01
  0.4937E+00  0.4348E-01  0.2135E-01  0.4541E-01  0.4541E-01
  0.4960E+00  0.5451E-01  0.2159E-01  0.4510E-01  0.4510E-01

           Distance distribution  function of particle  


       R          P(R)      ERROR

  0.0000E+00  0.0000E+00  0.0000E+00
  0.4500E+00  0.4001E-03  0.2944E-04
  0.9000E+00  0.8258E-03  0.5035E-04
  0.1350E+01  0.1277E-02  0.6317E-04
  0.1800E+01  0.1754E-02  0.6859E-04
  0.2250E+01  0.2256E-02  0.6759E-04
  0.2700E+01  0.2784E-02  0.6152E-04
  0.3150E+01  0.3336E-02  0.5223E-04
  0.3600E+01  0.3914E-02  0.4271E-04
  0.4050E+01  0.4516E-02  0.3785E-04
  0.4500E+01  0.5143E-02  0.4213E-04
  0.4950E+01  0.5793E-02  0.5381E-04
  0.5400E+01  0.6466E-02  0.6833E-04
  0.5850E+01  0.7161E-02  0.8270E-04
  0.6300E+01  0.7876E-02  0.9531E-04
  0.6750E+01  0.8612E-02  0.1053E-03
  0.7200E+01  0.9365E-02  0.1123E-03
  0.7650E+01  0.1013E-01  0.1163E-03
  0.8100E+01  0.1092E-01  0.1178E-03
  0.8550E+01  0.1171E-01  0.1174E-03
  0.9000E+01  0.1252E-01  0.1163E-03
  0.9450E+01  0.1333E-01  0.1157E-03
  0.9900E+01  0.1414E-01  0.1169E-03
  0.1035E+02  0.1495E-01  0.1206E-03
  0.1080E+02  0.1576E-01  0.1269E-03
  0.1125E+02  0.1656E-01  0.1354E-03
  0.1170E+02  0.1734E-01  0.1449E-03
  0.1215E+02  0.1811E-01  0.1545E-03
  0.1260E+02  0.1885E-01  0.1630E-03
  0.1305E+02  0.1957E-01  0.1696E-03
  0.1350E+02  0.2026E-01  0.1739E-03
  0.1395E+02  0.2092E-01  0.1755E-03
  0.1440E+02  0.2153E-01  0.1745E-03
  0.1485E+02  0.2210E-01  0.1713E-03
  0.1530E+02  0.2262E-01  0.1664E-03
  0.1575E+02  0.2308E-01  0.1609E-03
  0.1620E+02  0.2349E-01  0.1557E-03
  0.1665E+02  0.2384E-01  0.1521E-03
  0.1710E+02  0.2413E-01  0.1509E-03
  0.1755E+02  0.2435E-01  0.1529E-03
  0.1800E+02  0.2451E-01  0.1578E-03
  0.1845E+02  0.2460E-01  0.1651E-03
  0.1890E+02  0.2461E-01  0.1739E-03
  0.1935E+02  0.2456E-01  0.1834E-03
  0.1980E+02  0.2444E-01  0.1926E-03
  0.2025E+02  0.2425E-01  0.2011E-03
  0.2070E+02  0.2399E-01  0.2086E-03
  0.2115E+02  0.2367E-01  0.2148E-03
  0.2160E+02  0.2329E-01  0.2200E-03
  0.2205E+02  0.2285E-01  0.2244E-03
  0.2250E+02  0.2235E-01  0.2282E-03
  0.2295E+02  0.2180E-01  0.2318E-03
  0.2340E+02  0.2120E-01  0.2355E-03
  0.2385E+02  0.2056E-01  0.2392E-03
  0.2430E+02  0.1989E-01  0.2431E-03
  0.2475E+02  0.1918E-01  0.2470E-03
  0.2520E+02  0.1844E-01  0.2506E-03
  0.2565E+02  0.1768E-01  0.2538E-03
  0.2610E+02  0.1691E-01  0.2562E-03
  0.2655E+02  0.1612E-01  0.2579E-03
  0.2700E+02  0.1533E-01  0.2587E-03
  0.2745E+02  0.1454E-01  0.2588E-03
  0.2790E+02  0.1375E-01  0.2584E-03
  0.2835E+02  0.1297E-01  0.2579E-03
  0.2880E+02  0.1220E-01  0.2578E-03
  0.2925E+02  0.1145E-01  0.2584E-03
  0.2970E+02  0.1072E-01  0.2601E-03
  0.3015E+02  0.1001E-01  0.2630E-03
  0.3060E+02  0.9332E-02  0.2673E-03
  0.3105E+02  0.8682E-02  0.2728E-03
  0.3150E+02  0.8063E-02  0.2792E-03
  0.3195E+02  0.7478E-02  0.2862E-03
  0.3240E+02  0.6927E-02  0.2935E-03
  0.3285E+02  0.6411E-02  0.3007E-03
  0.3330E+02  0.5931E-02  0.3076E-03
  0.3375E+02  0.5487E-02  0.3142E-03
  0.3420E+02  0.5078E-02  0.3205E-03
  0.3465E+02  0.4703E-02  0.3266E-03
  0.3510E+02  0.4362E-02  0.3327E-03
  0.3555E+02  0.4053E-02  0.3390E-03
  0.3600E+02  0.3774E-02  0.3456E-03
  0.3645E+02  0.3522E-02  0.3527E-03
  0.3690E+02  0.3297E-02  0.3603E-03
  0.3735E+02  0.3093E-02  0.3682E-03
  0.3780E+02  0.2910E-02  0.3761E-03
  0.3825E+02  0.2743E-02  0.3838E-03
  0.3870E+02  0.2590E-02  0.3905E-03
  0.3915E+02  0.2447E-02  0.3959E-03
  0.3960E+02  0.2310E-02  0.3993E-03
  0.4005E+02  0.2176E-02  0.3999E-03
  0.4050E+02  0.2042E-02  0.3970E-03
  0.4095E+02  0.1904E-02  0.3899E-03
  0.4140E+02  0.1759E-02  0.3776E-03
  0.4185E+02  0.1603E-02  0.3595E-03
  0.4230E+02  0.1433E-02  0.3347E-03
  0.4275E+02  0.1248E-02  0.3022E-03
  0.4320E+02  0.1043E-02  0.2614E-03
  0.4365E+02  0.8179E-03  0.2114E-03
  0.4410E+02  0.5699E-03  0.1516E-03
  0.4455E+02  0.2976E-03  0.8128E-04
  0.4500E+02  0.0000E+00  0.0000E+00
          Reciprocal space: Rg =   15.08     , I(0) =   0.6479E+01
     Real space: Rg =   15.06 +- 0.120  I(0) =   0.6479E+01 +-  0.5363E-01
