
           ####    G N O M   ---   Version 4.5a revised 09/02/02     ####

                                                    27-Apr-2010   12:53:31
           ===    Run No   1   ===
 Run title:  #Lysozyme, high angles (>.22) 46 mg/ml, small angles (<.22) 15 mg


   *******    Input file(s) : lyzexp.dat

          Highest ALPHA is found to be   0.2854E+01

  The measure of inconsistency AN1 equals to    0.3176E+00
     Alpha    Discrp  Oscill  Stabil  Sysdev  Positv  Valcen    Total   
  0.2854E+04  9.8806  0.2248  0.2891  0.0308  1.0000  0.7508  0.11916
  0.5709E+03  7.2936  0.4377  0.3398  0.0308  1.0000  0.7785  0.16816
  0.1142E+03  4.1885  0.6207  0.1488  0.1949  1.0000  0.8257  0.29765
  0.2284E+02  1.9116  0.9149  0.1639  0.4308  1.0000  0.9072  0.42272
  0.4567E+01  0.6202  1.1400  0.0734  0.6564  1.0000  0.9467  0.66519
  0.9134E+00  0.3043  1.2107  0.0182  0.9846  1.0000  0.9537  0.91719
  0.1827E+00  0.2784  1.2271  0.0041  1.0051  1.0000  0.9548  0.91683
  0.3654E-01  0.2769  1.2321  0.0054  0.9846  1.0000  0.9549  0.91560
  0.7307E-02  0.2764  1.2457  0.0132  1.0051  1.0000  0.9548  0.91055
  0.1461E-02  0.2760  1.2871  0.0101  1.0462  1.0000  0.9545  0.90292
  0.2923E-03  0.2759  1.3269  0.0114  1.0256  1.0000  0.9542  0.89230
  0.5846E-04  0.2759  1.4723  0.0377  1.0256  0.9999  0.9533  0.82453
  0.1169E-04  0.2758  2.5577  0.1687  1.0462  0.9984  0.9467  0.46323
  0.2338E-05  0.2754  7.4058  0.6082  1.0462  0.9650  0.8570  0.38350
  0.4677E-06  0.2744 10.6340  0.6810  1.0667  0.8348  0.4644  0.27366
  0.9353E-07  0.2732 11.0823  0.3145  1.0872  0.7675  0.3857  0.16070
  0.1871E-07  0.2728 11.9703  0.2157  1.0872  0.7516  0.3607  0.16948
  0.3741E-08  0.2727 14.7007  0.7419  1.0667  0.7297  0.4065  0.00000

          ***  Golden section search to maximize estimate ***
     Alpha    Discrp  Oscill  Stabil  Sysdev  Positv  Valcen    Total   
  0.4940E+00  0.2858  1.2198  0.0100  1.0256  1.0000  0.9544  0.91742
  0.3378E+00  0.2813  1.2234  0.0070  1.0051  1.0000  0.9546  0.91723
  0.6247E+00  0.2906  1.2169  0.0126  1.0256  1.0000  0.9542  0.91744
  0.7223E+00  0.2948  1.2148  0.0145  1.0051  1.0000  0.9540  0.91740
  0.5711E+00  0.2885  1.2181  0.0116  1.0256  1.0000  0.9543  0.91745
  0.5403E+00  0.2874  1.2188  0.0109  1.0256  1.0000  0.9543  0.91744
  0.5910E+00  0.2892  1.2177  0.0119  1.0256  1.0000  0.9542  0.91745
  0.6036E+00  0.2897  1.2174  0.0122  1.0256  1.0000  0.9542  0.91745
  0.5833E+00  0.2889  1.2179  0.0118  1.0256  1.0000  0.9542  0.91745
  0.5958E+00  0.2894  1.2176  0.0120  1.0256  1.0000  0.9542  0.91745
  0.5881E+00  0.2891  1.2177  0.0119  1.0256  1.0000  0.9542  0.91745
  0.5862E+00  0.2891  1.2178  0.0118  1.0256  1.0000  0.9542  0.91745
  0.5892E+00  0.2892  1.2177  0.0119  1.0256  1.0000  0.9542  0.91745
  0.5899E+00  0.2892  1.2177  0.0119  1.0256  1.0000  0.9542  0.91745
  0.5887E+00  0.2892  1.2177  0.0119  1.0256  1.0000  0.9542  0.91745
  0.5885E+00  0.2891  1.2177  0.0119  1.0256  1.0000  0.9542  0.91745
  0.5887E+00  0.2892  1.2177  0.0119  1.0256  1.0000  0.9542  0.91745



             ####            Final results            ####

 Parameter    DISCRP    OSCILL    STABIL    SYSDEV    POSITV    VALCEN
 Weight        1.000     3.000     3.000     3.000     1.000     1.000
 Sigma         0.300     0.600     0.120     0.120     0.120     0.120
 Ideal         0.700     1.100     0.000     1.000     1.000     0.950
 Current       0.289     1.218     0.012     1.026     1.000     0.954
                - - - - - - - - - - - - - - - - - - - - - - - - - 
 Estimate      0.153     0.962     0.990     1.000     1.000     0.999

  Angular   range    :     from    0.0414   to    0.4960
  Real space range   :     from      0.00   to     45.00

  Highest ALPHA (theor) :   0.285E+04                 JOB = 0
  Current ALPHA         :   0.589E+00   Rg :  0.152E+02   I(0) :   0.651E+01

           Total  estimate : 0.917  which is  AN EXCELLENT  solution

      S          J EXP       ERROR       J REG       I REG

  0.0000E+00                                      0.6514E+01
  0.2434E-02                                      0.6511E+01
  0.4869E-02                                      0.6502E+01
  0.7303E-02                                      0.6487E+01
  0.9738E-02                                      0.6467E+01
  0.1217E-01                                      0.6440E+01
  0.1461E-01                                      0.6408E+01
  0.1704E-01                                      0.6371E+01
  0.1948E-01                                      0.6327E+01
  0.2191E-01                                      0.6279E+01
  0.2434E-01                                      0.6225E+01
  0.2678E-01                                      0.6166E+01
  0.2921E-01                                      0.6101E+01
  0.3165E-01                                      0.6032E+01
  0.3408E-01                                      0.5959E+01
  0.3652E-01                                      0.5881E+01
  0.3895E-01                                      0.5798E+01
  0.4138E-01  0.5904E+01  0.1555E+00  0.5712E+01  0.5712E+01
  0.4372E-01  0.5652E+01  0.1527E+00  0.5626E+01  0.5626E+01
  0.4605E-01  0.5533E+01  0.1522E+00  0.5536E+01  0.5536E+01
  0.4838E-01  0.5547E+01  0.1475E+00  0.5443E+01  0.5443E+01
  0.5071E-01  0.5296E+01  0.1437E+00  0.5347E+01  0.5347E+01
  0.5304E-01  0.5213E+01  0.1422E+00  0.5249E+01  0.5249E+01
  0.5537E-01  0.5064E+01  0.1426E+00  0.5148E+01  0.5148E+01
  0.5771E-01  0.5029E+01  0.1414E+00  0.5045E+01  0.5045E+01
  0.6004E-01  0.4922E+01  0.1405E+00  0.4939E+01  0.4939E+01
  0.6237E-01  0.4899E+01  0.1388E+00  0.4832E+01  0.4832E+01
  0.6470E-01  0.4739E+01  0.1368E+00  0.4723E+01  0.4723E+01
  0.6703E-01  0.4432E+01  0.1347E+00  0.4613E+01  0.4613E+01
  0.6936E-01  0.4479E+01  0.1326E+00  0.4501E+01  0.4501E+01
  0.7169E-01  0.4490E+01  0.1321E+00  0.4389E+01  0.4389E+01
  0.7403E-01  0.4267E+01  0.1321E+00  0.4276E+01  0.4276E+01
  0.7636E-01  0.4156E+01  0.1309E+00  0.4162E+01  0.4162E+01
  0.7869E-01  0.4113E+01  0.1283E+00  0.4047E+01  0.4047E+01
  0.8102E-01  0.4040E+01  0.1263E+00  0.3933E+01  0.3933E+01
  0.8335E-01  0.3814E+01  0.1244E+00  0.3819E+01  0.3819E+01
  0.8568E-01  0.3726E+01  0.1224E+00  0.3704E+01  0.3704E+01
  0.8802E-01  0.3557E+01  0.1217E+00  0.3591E+01  0.3591E+01
  0.9035E-01  0.3472E+01  0.1215E+00  0.3477E+01  0.3477E+01
  0.9268E-01  0.3354E+01  0.1186E+00  0.3365E+01  0.3365E+01
  0.9501E-01  0.3238E+01  0.1183E+00  0.3253E+01  0.3253E+01
  0.9734E-01  0.3109E+01  0.1159E+00  0.3143E+01  0.3143E+01
  0.9967E-01  0.3028E+01  0.1139E+00  0.3033E+01  0.3033E+01
  0.1020E+00  0.2942E+01  0.1136E+00  0.2925E+01  0.2925E+01
  0.1043E+00  0.2842E+01  0.1120E+00  0.2819E+01  0.2819E+01
  0.1067E+00  0.2747E+01  0.1110E+00  0.2714E+01  0.2714E+01
  0.1090E+00  0.2588E+01  0.1103E+00  0.2610E+01  0.2610E+01
  0.1113E+00  0.2567E+01  0.1098E+00  0.2509E+01  0.2509E+01
  0.1137E+00  0.2401E+01  0.1089E+00  0.2409E+01  0.2409E+01
  0.1160E+00  0.2433E+01  0.1067E+00  0.2312E+01  0.2312E+01
  0.1183E+00  0.2312E+01  0.1055E+00  0.2217E+01  0.2217E+01
  0.1207E+00  0.2174E+01  0.1065E+00  0.2123E+01  0.2123E+01
  0.1230E+00  0.1991E+01  0.1040E+00  0.2032E+01  0.2032E+01
  0.1253E+00  0.1928E+01  0.1044E+00  0.1944E+01  0.1944E+01
  0.1277E+00  0.1894E+01  0.1039E+00  0.1857E+01  0.1857E+01
  0.1300E+00  0.1759E+01  0.1029E+00  0.1773E+01  0.1773E+01
  0.1323E+00  0.1729E+01  0.1026E+00  0.1692E+01  0.1692E+01
  0.1346E+00  0.1609E+01  0.1010E+00  0.1612E+01  0.1612E+01
  0.1370E+00  0.1522E+01  0.1017E+00  0.1536E+01  0.1536E+01
  0.1393E+00  0.1531E+01  0.9972E-01  0.1461E+01  0.1461E+01
  0.1416E+00  0.1381E+01  0.9943E-01  0.1390E+01  0.1390E+01
  0.1440E+00  0.1349E+01  0.9976E-01  0.1320E+01  0.1320E+01
  0.1463E+00  0.1268E+01  0.9944E-01  0.1253E+01  0.1253E+01
  0.1486E+00  0.1226E+01  0.9745E-01  0.1189E+01  0.1189E+01
  0.1510E+00  0.1141E+01  0.9761E-01  0.1127E+01  0.1127E+01
  0.1533E+00  0.1059E+01  0.9622E-01  0.1067E+01  0.1067E+01
  0.1556E+00  0.1017E+01  0.9608E-01  0.1010E+01  0.1010E+01
  0.1580E+00  0.8895E+00  0.9594E-01  0.9549E+00  0.9549E+00
  0.1603E+00  0.9721E+00  0.9550E-01  0.9023E+00  0.9023E+00
  0.1626E+00  0.8723E+00  0.9682E-01  0.8519E+00  0.8519E+00
  0.1650E+00  0.7940E+00  0.9422E-01  0.8037E+00  0.8037E+00
  0.1673E+00  0.6835E+00  0.9595E-01  0.7577E+00  0.7577E+00
  0.1696E+00  0.7052E+00  0.9471E-01  0.7138E+00  0.7138E+00
  0.1719E+00  0.6880E+00  0.9228E-01  0.6720E+00  0.6720E+00
  0.1743E+00  0.6364E+00  0.9179E-01  0.6322E+00  0.6322E+00
  0.1766E+00  0.6014E+00  0.9296E-01  0.5944E+00  0.5944E+00
  0.1789E+00  0.5886E+00  0.9241E-01  0.5584E+00  0.5584E+00
  0.1813E+00  0.5316E+00  0.9182E-01  0.5243E+00  0.5243E+00
  0.1836E+00  0.5330E+00  0.9129E-01  0.4921E+00  0.4921E+00
  0.1859E+00  0.4980E+00  0.9124E-01  0.4615E+00  0.4615E+00
  0.1883E+00  0.4020E+00  0.9055E-01  0.4326E+00  0.4326E+00
  0.1906E+00  0.3315E+00  0.9066E-01  0.4053E+00  0.4053E+00
  0.1929E+00  0.4155E+00  0.8873E-01  0.3796E+00  0.3796E+00
  0.1953E+00  0.4268E+00  0.9031E-01  0.3554E+00  0.3554E+00
  0.1976E+00  0.3083E+00  0.9057E-01  0.3327E+00  0.3327E+00
  0.1999E+00  0.2795E+00  0.9010E-01  0.3113E+00  0.3113E+00
  0.2023E+00  0.3184E+00  0.8849E-01  0.2912E+00  0.2912E+00
  0.2046E+00  0.2938E+00  0.8669E-01  0.2725E+00  0.2725E+00
  0.2069E+00  0.2181E+00  0.8672E-01  0.2549E+00  0.2549E+00
  0.2093E+00  0.2169E+00  0.8686E-01  0.2385E+00  0.2385E+00
  0.2116E+00  0.2926E+00  0.8474E-01  0.2233E+00  0.2233E+00
  0.2139E+00  0.2310E+00  0.8611E-01  0.2091E+00  0.2091E+00
  0.2162E+00  0.1614E+00  0.8687E-01  0.1959E+00  0.1959E+00
  0.2186E+00  0.1752E+00  0.8529E-01  0.1837E+00  0.1837E+00
  0.2209E+00  0.1675E+00  0.8613E-01  0.1724E+00  0.1724E+00
  0.2232E+00  0.1474E+00  0.2295E-01  0.1620E+00  0.1620E+00
  0.2256E+00  0.1434E+00  0.2292E-01  0.1524E+00  0.1524E+00
  0.2279E+00  0.1396E+00  0.2296E-01  0.1436E+00  0.1436E+00
  0.2302E+00  0.1442E+00  0.2290E-01  0.1355E+00  0.1355E+00
  0.2326E+00  0.1175E+00  0.2299E-01  0.1282E+00  0.1282E+00
  0.2349E+00  0.1173E+00  0.2278E-01  0.1215E+00  0.1215E+00
  0.2372E+00  0.1003E+00  0.2265E-01  0.1155E+00  0.1155E+00
  0.2396E+00  0.1037E+00  0.2265E-01  0.1101E+00  0.1101E+00
  0.2419E+00  0.1054E+00  0.2266E-01  0.1052E+00  0.1052E+00
  0.2442E+00  0.8130E-01  0.2257E-01  0.1008E+00  0.1008E+00
  0.2466E+00  0.1043E+00  0.2251E-01  0.9700E-01  0.9700E-01
  0.2489E+00  0.8939E-01  0.2250E-01  0.9361E-01  0.9361E-01
  0.2512E+00  0.8607E-01  0.2231E-01  0.9067E-01  0.9067E-01
  0.2536E+00  0.9523E-01  0.2224E-01  0.8813E-01  0.8813E-01
  0.2559E+00  0.9067E-01  0.2230E-01  0.8596E-01  0.8596E-01
  0.2582E+00  0.8405E-01  0.2212E-01  0.8415E-01  0.8415E-01
  0.2605E+00  0.7749E-01  0.2218E-01  0.8265E-01  0.8265E-01
  0.2629E+00  0.9073E-01  0.2224E-01  0.8146E-01  0.8146E-01
  0.2652E+00  0.6784E-01  0.2213E-01  0.8054E-01  0.8054E-01
  0.2675E+00  0.7314E-01  0.2219E-01  0.7988E-01  0.7988E-01
  0.2699E+00  0.8041E-01  0.2212E-01  0.7943E-01  0.7943E-01
  0.2722E+00  0.8189E-01  0.2219E-01  0.7920E-01  0.7920E-01
  0.2745E+00  0.8987E-01  0.2223E-01  0.7915E-01  0.7915E-01
  0.2769E+00  0.8905E-01  0.2238E-01  0.7926E-01  0.7926E-01
  0.2792E+00  0.9365E-01  0.2206E-01  0.7952E-01  0.7952E-01
  0.2815E+00  0.6025E-01  0.2210E-01  0.7990E-01  0.7990E-01
  0.2839E+00  0.8623E-01  0.2202E-01  0.8040E-01  0.8040E-01
  0.2862E+00  0.6811E-01  0.2207E-01  0.8098E-01  0.8098E-01
  0.2885E+00  0.1029E+00  0.2204E-01  0.8163E-01  0.8163E-01
  0.2909E+00  0.8355E-01  0.2221E-01  0.8235E-01  0.8235E-01
  0.2932E+00  0.8926E-01  0.2198E-01  0.8311E-01  0.8311E-01
  0.2955E+00  0.1074E+00  0.2179E-01  0.8390E-01  0.8390E-01
  0.2979E+00  0.7593E-01  0.2171E-01  0.8470E-01  0.8470E-01
  0.3002E+00  0.8340E-01  0.2183E-01  0.8551E-01  0.8551E-01
  0.3025E+00  0.8826E-01  0.2181E-01  0.8631E-01  0.8631E-01
  0.3048E+00  0.6449E-01  0.2169E-01  0.8709E-01  0.8709E-01
  0.3072E+00  0.8604E-01  0.2191E-01  0.8784E-01  0.8784E-01
  0.3095E+00  0.7841E-01  0.2196E-01  0.8855E-01  0.8855E-01
  0.3118E+00  0.9422E-01  0.2201E-01  0.8922E-01  0.8922E-01
  0.3142E+00  0.8130E-01  0.2163E-01  0.8983E-01  0.8983E-01
  0.3165E+00  0.7428E-01  0.2197E-01  0.9038E-01  0.9038E-01
  0.3188E+00  0.1114E+00  0.2172E-01  0.9086E-01  0.9086E-01
  0.3212E+00  0.9877E-01  0.2197E-01  0.9128E-01  0.9128E-01
  0.3235E+00  0.9422E-01  0.2189E-01  0.9161E-01  0.9161E-01
  0.3258E+00  0.9405E-01  0.2159E-01  0.9187E-01  0.9187E-01
  0.3282E+00  0.9261E-01  0.2195E-01  0.9204E-01  0.9204E-01
  0.3305E+00  0.9638E-01  0.2206E-01  0.9212E-01  0.9212E-01
  0.3328E+00  0.8985E-01  0.2178E-01  0.9212E-01  0.9212E-01
  0.3352E+00  0.9100E-01  0.2189E-01  0.9204E-01  0.9204E-01
  0.3375E+00  0.7572E-01  0.2158E-01  0.9186E-01  0.9186E-01
  0.3398E+00  0.9186E-01  0.2184E-01  0.9160E-01  0.9160E-01
  0.3422E+00  0.7999E-01  0.2177E-01  0.9126E-01  0.9126E-01
  0.3445E+00  0.9358E-01  0.2195E-01  0.9083E-01  0.9083E-01
  0.3468E+00  0.8592E-01  0.2174E-01  0.9033E-01  0.9033E-01
  0.3491E+00  0.1014E+00  0.2169E-01  0.8974E-01  0.8974E-01
  0.3515E+00  0.9322E-01  0.2177E-01  0.8909E-01  0.8909E-01
  0.3538E+00  0.9283E-01  0.2159E-01  0.8836E-01  0.8836E-01
  0.3561E+00  0.9498E-01  0.2173E-01  0.8757E-01  0.8757E-01
  0.3585E+00  0.7724E-01  0.2175E-01  0.8671E-01  0.8671E-01
  0.3608E+00  0.8467E-01  0.2191E-01  0.8581E-01  0.8581E-01
  0.3631E+00  0.9428E-01  0.2155E-01  0.8485E-01  0.8485E-01
  0.3655E+00  0.8958E-01  0.2145E-01  0.8384E-01  0.8384E-01
  0.3678E+00  0.7997E-01  0.2131E-01  0.8280E-01  0.8280E-01
  0.3701E+00  0.8948E-01  0.2172E-01  0.8172E-01  0.8172E-01
  0.3725E+00  0.8622E-01  0.2177E-01  0.8062E-01  0.8062E-01
  0.3748E+00  0.8242E-01  0.2161E-01  0.7949E-01  0.7949E-01
  0.3771E+00  0.7453E-01  0.2166E-01  0.7834E-01  0.7834E-01
  0.3795E+00  0.6848E-01  0.2156E-01  0.7719E-01  0.7719E-01
  0.3818E+00  0.8021E-01  0.2159E-01  0.7603E-01  0.7603E-01
  0.3841E+00  0.6464E-01  0.2142E-01  0.7486E-01  0.7486E-01
  0.3865E+00  0.7260E-01  0.2145E-01  0.7370E-01  0.7370E-01
  0.3888E+00  0.6507E-01  0.2152E-01  0.7255E-01  0.7255E-01
  0.3911E+00  0.9128E-01  0.2157E-01  0.7141E-01  0.7141E-01
  0.3934E+00  0.5480E-01  0.2131E-01  0.7029E-01  0.7029E-01
  0.3958E+00  0.6459E-01  0.2142E-01  0.6919E-01  0.6919E-01
  0.3981E+00  0.6846E-01  0.2128E-01  0.6811E-01  0.6811E-01
  0.4004E+00  0.6134E-01  0.2162E-01  0.6706E-01  0.6706E-01
  0.4028E+00  0.8693E-01  0.2163E-01  0.6605E-01  0.6605E-01
  0.4051E+00  0.6266E-01  0.2161E-01  0.6506E-01  0.6506E-01
  0.4074E+00  0.6403E-01  0.2133E-01  0.6411E-01  0.6411E-01
  0.4098E+00  0.7578E-01  0.2137E-01  0.6319E-01  0.6319E-01
  0.4121E+00  0.6223E-01  0.2123E-01  0.6231E-01  0.6231E-01
  0.4144E+00  0.6059E-01  0.2127E-01  0.6147E-01  0.6147E-01
  0.4168E+00  0.7271E-01  0.2120E-01  0.6067E-01  0.6067E-01
  0.4191E+00  0.4413E-01  0.2121E-01  0.5991E-01  0.5991E-01
  0.4214E+00  0.5198E-01  0.2142E-01  0.5918E-01  0.5918E-01
  0.4238E+00  0.6644E-01  0.2118E-01  0.5849E-01  0.5849E-01
  0.4261E+00  0.5412E-01  0.2119E-01  0.5784E-01  0.5784E-01
  0.4284E+00  0.6230E-01  0.2118E-01  0.5722E-01  0.5722E-01
  0.4307E+00  0.4823E-01  0.2124E-01  0.5664E-01  0.5664E-01
  0.4331E+00  0.5651E-01  0.2127E-01  0.5609E-01  0.5609E-01
  0.4354E+00  0.5640E-01  0.2143E-01  0.5556E-01  0.5556E-01
  0.4377E+00  0.5795E-01  0.2141E-01  0.5507E-01  0.5507E-01
  0.4401E+00  0.6274E-01  0.2146E-01  0.5460E-01  0.5460E-01
  0.4424E+00  0.4809E-01  0.2124E-01  0.5415E-01  0.5415E-01
  0.4447E+00  0.6896E-01  0.2163E-01  0.5373E-01  0.5373E-01
  0.4471E+00  0.5933E-01  0.2125E-01  0.5332E-01  0.5332E-01
  0.4494E+00  0.4890E-01  0.2113E-01  0.5293E-01  0.5293E-01
  0.4517E+00  0.5339E-01  0.2113E-01  0.5255E-01  0.5255E-01
  0.4541E+00  0.6247E-01  0.2146E-01  0.5218E-01  0.5218E-01
  0.4564E+00  0.4227E-01  0.2119E-01  0.5182E-01  0.5182E-01
  0.4587E+00  0.5588E-01  0.2133E-01  0.5147E-01  0.5147E-01
  0.4611E+00  0.4966E-01  0.2129E-01  0.5112E-01  0.5112E-01
  0.4634E+00  0.5370E-01  0.2127E-01  0.5077E-01  0.5077E-01
  0.4657E+00  0.3810E-01  0.2128E-01  0.5042E-01  0.5042E-01
  0.4681E+00  0.4956E-01  0.2116E-01  0.5007E-01  0.5007E-01
  0.4704E+00  0.3642E-01  0.2128E-01  0.4972E-01  0.4972E-01
  0.4727E+00  0.3003E-01  0.2150E-01  0.4936E-01  0.4936E-01
  0.4750E+00  0.4914E-01  0.2147E-01  0.4899E-01  0.4899E-01
  0.4774E+00  0.5283E-01  0.2138E-01  0.4862E-01  0.4862E-01
  0.4797E+00  0.5256E-01  0.2142E-01  0.4824E-01  0.4824E-01
  0.4820E+00  0.4502E-01  0.2172E-01  0.4786E-01  0.4786E-01
  0.4844E+00  0.4971E-01  0.2165E-01  0.4746E-01  0.4746E-01
  0.4867E+00  0.4813E-01  0.2148E-01  0.4706E-01  0.4706E-01
  0.4890E+00  0.4888E-01  0.2153E-01  0.4664E-01  0.4664E-01
  0.4914E+00  0.3576E-01  0.2142E-01  0.4622E-01  0.4622E-01
  0.4937E+00  0.4348E-01  0.2135E-01  0.4580E-01  0.4580E-01
  0.4960E+00  0.5451E-01  0.2159E-01  0.4536E-01  0.4536E-01

           Distance distribution  function of particle  


       R          P(R)      ERROR

  0.0000E+00  0.1080E-02  0.1553E-03
  0.4500E+00  0.1121E-02  0.1518E-03
  0.9000E+00  0.1243E-02  0.1414E-03
  0.1350E+01  0.1446E-02  0.1247E-03
  0.1800E+01  0.1726E-02  0.1028E-03
  0.2250E+01  0.2080E-02  0.7727E-04
  0.2700E+01  0.2505E-02  0.5158E-04
  0.3150E+01  0.2996E-02  0.3618E-04
  0.3600E+01  0.3548E-02  0.4747E-04
  0.4050E+01  0.4154E-02  0.7367E-04
  0.4500E+01  0.4810E-02  0.1019E-03
  0.4950E+01  0.5508E-02  0.1278E-03
  0.5400E+01  0.6243E-02  0.1497E-03
  0.5850E+01  0.7008E-02  0.1662E-03
  0.6300E+01  0.7799E-02  0.1767E-03
  0.6750E+01  0.8608E-02  0.1809E-03
  0.7200E+01  0.9430E-02  0.1790E-03
  0.7650E+01  0.1026E-01  0.1717E-03
  0.8100E+01  0.1110E-01  0.1602E-03
  0.8550E+01  0.1193E-01  0.1464E-03
  0.9000E+01  0.1276E-01  0.1329E-03
  0.9450E+01  0.1359E-01  0.1231E-03
  0.9900E+01  0.1441E-01  0.1203E-03
  0.1035E+02  0.1521E-01  0.1256E-03
  0.1080E+02  0.1600E-01  0.1375E-03
  0.1125E+02  0.1677E-01  0.1527E-03
  0.1170E+02  0.1752E-01  0.1680E-03
  0.1215E+02  0.1825E-01  0.1810E-03
  0.1260E+02  0.1896E-01  0.1902E-03
  0.1305E+02  0.1964E-01  0.1944E-03
  0.1350E+02  0.2030E-01  0.1934E-03
  0.1395E+02  0.2092E-01  0.1874E-03
  0.1440E+02  0.2151E-01  0.1771E-03
  0.1485E+02  0.2206E-01  0.1641E-03
  0.1530E+02  0.2257E-01  0.1505E-03
  0.1575E+02  0.2303E-01  0.1393E-03
  0.1620E+02  0.2345E-01  0.1336E-03
  0.1665E+02  0.2381E-01  0.1358E-03
  0.1710E+02  0.2411E-01  0.1455E-03
  0.1755E+02  0.2436E-01  0.1605E-03
  0.1800E+02  0.2454E-01  0.1776E-03
  0.1845E+02  0.2465E-01  0.1945E-03
  0.1890E+02  0.2470E-01  0.2092E-03
  0.1935E+02  0.2467E-01  0.2206E-03
  0.1980E+02  0.2457E-01  0.2284E-03
  0.2025E+02  0.2440E-01  0.2326E-03
  0.2070E+02  0.2416E-01  0.2342E-03
  0.2115E+02  0.2384E-01  0.2343E-03
  0.2160E+02  0.2346E-01  0.2345E-03
  0.2205E+02  0.2301E-01  0.2364E-03
  0.2250E+02  0.2250E-01  0.2414E-03
  0.2295E+02  0.2193E-01  0.2502E-03
  0.2340E+02  0.2130E-01  0.2624E-03
  0.2385E+02  0.2063E-01  0.2772E-03
  0.2430E+02  0.1992E-01  0.2932E-03
  0.2475E+02  0.1917E-01  0.3089E-03
  0.2520E+02  0.1840E-01  0.3228E-03
  0.2565E+02  0.1761E-01  0.3342E-03
  0.2610E+02  0.1680E-01  0.3422E-03
  0.2655E+02  0.1598E-01  0.3468E-03
  0.2700E+02  0.1517E-01  0.3483E-03
  0.2745E+02  0.1436E-01  0.3472E-03
  0.2790E+02  0.1356E-01  0.3445E-03
  0.2835E+02  0.1277E-01  0.3413E-03
  0.2880E+02  0.1200E-01  0.3387E-03
  0.2925E+02  0.1126E-01  0.3375E-03
  0.2970E+02  0.1055E-01  0.3382E-03
  0.3015E+02  0.9861E-02  0.3408E-03
  0.3060E+02  0.9204E-02  0.3446E-03
  0.3105E+02  0.8579E-02  0.3487E-03
  0.3150E+02  0.7986E-02  0.3522E-03
  0.3195E+02  0.7425E-02  0.3542E-03
  0.3240E+02  0.6896E-02  0.3541E-03
  0.3285E+02  0.6398E-02  0.3516E-03
  0.3330E+02  0.5931E-02  0.3470E-03
  0.3375E+02  0.5493E-02  0.3410E-03
  0.3420E+02  0.5084E-02  0.3347E-03
  0.3465E+02  0.4703E-02  0.3294E-03
  0.3510E+02  0.4348E-02  0.3264E-03
  0.3555E+02  0.4019E-02  0.3268E-03
  0.3600E+02  0.3716E-02  0.3310E-03
  0.3645E+02  0.3436E-02  0.3387E-03
  0.3690E+02  0.3181E-02  0.3492E-03
  0.3735E+02  0.2950E-02  0.3614E-03
  0.3780E+02  0.2741E-02  0.3742E-03
  0.3825E+02  0.2556E-02  0.3869E-03
  0.3870E+02  0.2393E-02  0.3994E-03
  0.3915E+02  0.2252E-02  0.4121E-03
  0.3960E+02  0.2133E-02  0.4260E-03
  0.4005E+02  0.2035E-02  0.4425E-03
  0.4050E+02  0.1957E-02  0.4629E-03
  0.4095E+02  0.1897E-02  0.4884E-03
  0.4140E+02  0.1854E-02  0.5192E-03
  0.4185E+02  0.1827E-02  0.5549E-03
  0.4230E+02  0.1813E-02  0.5938E-03
  0.4275E+02  0.1809E-02  0.6339E-03
  0.4320E+02  0.1813E-02  0.6725E-03
  0.4365E+02  0.1823E-02  0.7069E-03
  0.4410E+02  0.1833E-02  0.7342E-03
  0.4455E+02  0.1843E-02  0.7521E-03
  0.4500E+02  0.1847E-02  0.7585E-03
          Reciprocal space: Rg =   15.17     , I(0) =   0.6514E+01
     Real space: Rg =   15.18 +- 0.194  I(0) =   0.6519E+01 +-  0.7781E-01
