
           ####    G N O M   ---   Version 4.5a revised 09/02/02     ####

                                                    27-Apr-2010   13:01:08
           ===    Run No   1   ===
 Run title:   22-Apr-2010       (1.000 *MVMp7_5_001_c_p - 1.000 *TRIS7_5_001_c


  Number of points omitted at the beginning:          13

          To optimize the performance, some input data points 
           have been joined. New number of points equals to 263

   *******    Input file(s) : Subtr00.dat
           Condition P(rmin) = 0 is used. 
           Condition P(rmax) = 0 is used. 

          Highest ALPHA is found to be   0.1639E+06

  The measure of inconsistency AN1 equals to    0.2708E+01

          Warning: using the chosen range in the real space 
             it is not possible to fit the data set within the
             given error band. 
     Alpha    Discrp  Oscill  Stabil  Sysdev  Positv  Valcen    Total   
  0.1639E+09 99.5129  1.3157  0.9875  0.0458  1.0000  0.8274  0.33235
  0.3278E+08 98.9879  1.3111  0.9773  0.0763  1.0000  0.8284  0.33407
  0.6555E+07 96.6252  1.2893  0.9323  0.1527  1.0000  0.8332  0.34193
  0.1311E+07 88.8609  1.2083  0.7990  0.2290  1.0000  0.8521  0.36815
  0.2622E+06 74.6161  1.0701  0.6552  0.1679  1.0000  0.8948  0.40016
  0.5244E+05 52.6105  1.0325  0.5164  0.3053  1.0000  0.9302  0.41128
  0.1049E+05 25.3359  1.0837  0.2601  0.3053  1.0000  0.9387  0.41803
  0.2098E+04  8.6957  1.1599  0.0761  0.3817  1.0000  0.9412  0.58088
  0.4196E+03  3.0369  1.2257  0.0191  0.6947  1.0000  0.9437  0.64981
  0.8391E+02  1.9994  1.2569  0.0054  0.7863  1.0000  0.9445  0.65994
  0.1678E+02  1.8849  1.2736  0.0029  0.8015  1.0000  0.9447  0.66251
  0.3356E+01  1.8595  1.2978  0.0046  0.8015  1.0000  0.9446  0.65661
  0.6713E+00  1.8358  1.4261  0.0144  0.8168  1.0000  0.9442  0.62327
  0.1343E+00  1.8042  2.0390  0.0233  0.7786  0.9999  0.9432  0.43707
  0.2685E-01  1.7805  3.4684  0.0628  0.7786  0.9994  0.9418  0.36469
  0.5370E-02  1.7529  7.4329  0.1066  0.7710  0.9956  0.9317  0.28478
  0.1074E-02  1.7365 12.5839  0.1608  0.7863  0.9830  0.9022  0.20472
  0.2148E-03  1.7230 22.6010  0.3875  0.7863  0.9337  0.7859  0.00000

          ***  Golden section search to maximize estimate ***
     Alpha    Discrp  Oscill  Stabil  Sysdev  Positv  Valcen    Total   
  0.3103E+02  1.9060  1.2675  0.0033  0.7863  1.0000  0.9447  0.65803
  0.1327E+02  1.8796  1.2760  0.0028  0.8015  1.0000  0.9447  0.66197
  0.2122E+02  1.8914  1.2712  0.0030  0.7863  1.0000  0.9447  0.65727
  0.1534E+02  1.8827  1.2745  0.0028  0.8015  1.0000  0.9447  0.66231
  0.1836E+02  1.8872  1.2727  0.0029  0.8015  1.0000  0.9447  0.66270
  0.1940E+02  1.8887  1.2721  0.0029  0.8015  1.0000  0.9447  0.66282
  0.2008E+02  1.8897  1.2718  0.0029  0.8015  1.0000  0.9447  0.66289
  0.2051E+02  1.8904  1.2716  0.0030  0.8015  1.0000  0.9447  0.66294
  0.2078E+02  1.8908  1.2714  0.0030  0.7863  1.0000  0.9447  0.65722
  0.2034E+02  1.8901  1.2717  0.0029  0.8015  1.0000  0.9447  0.66292
  0.2061E+02  1.8905  1.2715  0.0030  0.8015  1.0000  0.9447  0.66295
  0.2068E+02  1.8906  1.2715  0.0030  0.7863  1.0000  0.9447  0.65721
  0.2057E+02  1.8905  1.2715  0.0030  0.8015  1.0000  0.9447  0.66294
  0.2061E+02  1.8905  1.2715  0.0030  0.8015  1.0000  0.9447  0.66295



             ####            Final results            ####

 Parameter    DISCRP    OSCILL    STABIL    SYSDEV    POSITV    VALCEN
 Weight        1.000     3.000     3.000     3.000     1.000     1.000
 Sigma         0.300     0.600     0.120     0.120     0.120     0.120
 Ideal         0.700     1.100     0.000     1.000     1.000     0.950
 Current       1.891     1.272     0.003     0.802     1.000     0.945
                - - - - - - - - - - - - - - - - - - - - - - - - - 
 Estimate      0.000     0.922     0.999     0.065     1.000     0.998

  Angular   range    :     from    0.0077   to    0.2695
  Real space range   :     from      0.00   to    280.00

  Highest ALPHA (theor) :   0.164E+09                 JOB = 0
  Current ALPHA         :   0.206E+02   Rg :  0.112E+03   I(0) :   0.331E+04

           Total  estimate : 0.663  which is  A REASONABLE  solution

      S          J EXP       ERROR       J REG       I REG

  0.0000E+00                                      0.3312E+04
  0.1107E-02                                      0.3295E+04
  0.2214E-02                                      0.3246E+04
  0.3321E-02                                      0.3165E+04
  0.4429E-02                                      0.3054E+04
  0.5536E-02                                      0.2917E+04
  0.6643E-02                                      0.2756E+04
  0.7750E-02  0.2657E+04  0.7163E+01  0.2576E+04  0.2576E+04
  0.8750E-02  0.2539E+04  0.6188E+01  0.2399E+04  0.2399E+04
  0.9750E-02  0.2308E+04  0.5292E+01  0.2213E+04  0.2213E+04
  0.1075E-01  0.2066E+04  0.4720E+01  0.2021E+04  0.2021E+04
  0.1175E-01  0.1841E+04  0.4029E+01  0.1826E+04  0.1826E+04
  0.1275E-01  0.1604E+04  0.3597E+01  0.1632E+04  0.1632E+04
  0.1375E-01  0.1401E+04  0.3298E+01  0.1441E+04  0.1441E+04
  0.1475E-01  0.1226E+04  0.2909E+01  0.1256E+04  0.1256E+04
  0.1575E-01  0.1047E+04  0.2574E+01  0.1079E+04  0.1079E+04
  0.1675E-01  0.8858E+03  0.2307E+01  0.9136E+03  0.9136E+03
  0.1775E-01  0.7392E+03  0.2081E+01  0.7605E+03  0.7605E+03
  0.1875E-01  0.6135E+03  0.1851E+01  0.6213E+03  0.6213E+03
  0.1975E-01  0.4923E+03  0.1634E+01  0.4968E+03  0.4968E+03
  0.2075E-01  0.3930E+03  0.1450E+01  0.3875E+03  0.3875E+03
  0.2175E-01  0.2990E+03  0.1289E+01  0.2936E+03  0.2936E+03
  0.2275E-01  0.2232E+03  0.1117E+01  0.2149E+03  0.2149E+03
  0.2375E-01  0.1585E+03  0.9868E+00  0.1508E+03  0.1508E+03
  0.2475E-01  0.1087E+03  0.8656E+00  0.1003E+03  0.1003E+03
  0.2575E-01  0.6373E+02  0.7660E+00  0.6235E+02  0.6235E+02
  0.2675E-01  0.3680E+02  0.6766E+00  0.3571E+02  0.3571E+02
  0.2775E-01  0.1672E+02  0.6083E+00  0.1894E+02  0.1894E+02
  0.2875E-01  0.9119E+01  0.5757E+00  0.1052E+02  0.1052E+02
  0.2975E-01  0.9150E+01  0.5507E+00  0.8948E+01  0.8948E+01
  0.3075E-01  0.9994E+01  0.5437E+00  0.1271E+02  0.1271E+02
  0.3175E-01  0.2012E+02  0.5434E+00  0.2037E+02  0.2037E+02
  0.3275E-01  0.3075E+02  0.5600E+00  0.3059E+02  0.3059E+02
  0.3375E-01  0.4251E+02  0.5710E+00  0.4219E+02  0.4219E+02
  0.3475E-01  0.5311E+02  0.5817E+00  0.5410E+02  0.5410E+02
  0.3575E-01  0.6501E+02  0.5958E+00  0.6547E+02  0.6547E+02
  0.3675E-01  0.7552E+02  0.6133E+00  0.7558E+02  0.7558E+02
  0.3775E-01  0.8258E+02  0.6074E+00  0.8391E+02  0.8391E+02
  0.3875E-01  0.8826E+02  0.6135E+00  0.9013E+02  0.9013E+02
  0.3975E-01  0.9345E+02  0.6125E+00  0.9403E+02  0.9403E+02
  0.4075E-01  0.9613E+02  0.6034E+00  0.9557E+02  0.9557E+02
  0.4175E-01  0.9525E+02  0.5942E+00  0.9483E+02  0.9483E+02
  0.4275E-01  0.9164E+02  0.5776E+00  0.9200E+02  0.9200E+02
  0.4375E-01  0.8874E+02  0.5745E+00  0.8734E+02  0.8734E+02
  0.4475E-01  0.8177E+02  0.5465E+00  0.8118E+02  0.8118E+02
  0.4575E-01  0.7545E+02  0.5328E+00  0.7386E+02  0.7386E+02
  0.4675E-01  0.6688E+02  0.5165E+00  0.6576E+02  0.6576E+02
  0.4775E-01  0.5869E+02  0.4980E+00  0.5725E+02  0.5725E+02
  0.4875E-01  0.5000E+02  0.4711E+00  0.4868E+02  0.4868E+02
  0.4975E-01  0.3955E+02  0.4506E+00  0.4035E+02  0.4035E+02
  0.5075E-01  0.3374E+02  0.4334E+00  0.3253E+02  0.3253E+02
  0.5175E-01  0.2672E+02  0.4187E+00  0.2545E+02  0.2545E+02
  0.5275E-01  0.1962E+02  0.3953E+00  0.1925E+02  0.1925E+02
  0.5375E-01  0.1375E+02  0.3815E+00  0.1405E+02  0.1405E+02
  0.5475E-01  0.8131E+01  0.3717E+00  0.9901E+01  0.9901E+01
  0.5575E-01  0.5217E+01  0.3573E+00  0.6801E+01  0.6801E+01
  0.5675E-01  0.2619E+01  0.3513E+00  0.4710E+01  0.4710E+01
  0.5775E-01  0.2427E+01  0.3452E+00  0.3548E+01  0.3548E+01
  0.5875E-01  0.3826E+01  0.3460E+00  0.3207E+01  0.3207E+01
  0.5975E-01  0.4931E+01  0.3406E+00  0.3556E+01  0.3556E+01
  0.6075E-01  0.3570E+01  0.3389E+00  0.4452E+01  0.4452E+01
  0.6175E-01  0.5458E+01  0.3394E+00  0.5745E+01  0.5745E+01
  0.6275E-01  0.7526E+01  0.3406E+00  0.7290E+01  0.7290E+01
  0.6375E-01  0.9723E+01  0.3381E+00  0.8946E+01  0.8946E+01
  0.6475E-01  0.1070E+02  0.3398E+00  0.1059E+02  0.1059E+02
  0.6575E-01  0.1276E+02  0.3373E+00  0.1211E+02  0.1211E+02
  0.6675E-01  0.1415E+02  0.3381E+00  0.1342E+02  0.1342E+02
  0.6775E-01  0.1470E+02  0.3354E+00  0.1445E+02  0.1445E+02
  0.6875E-01  0.1552E+02  0.3343E+00  0.1517E+02  0.1517E+02
  0.6975E-01  0.1516E+02  0.3314E+00  0.1554E+02  0.1554E+02
  0.7075E-01  0.1595E+02  0.3306E+00  0.1556E+02  0.1556E+02
  0.7175E-01  0.1534E+02  0.3271E+00  0.1525E+02  0.1525E+02
  0.7275E-01  0.1532E+02  0.3236E+00  0.1464E+02  0.1464E+02
  0.7375E-01  0.1386E+02  0.3210E+00  0.1377E+02  0.1377E+02
  0.7475E-01  0.1151E+02  0.3117E+00  0.1270E+02  0.1270E+02
  0.7575E-01  0.1128E+02  0.3086E+00  0.1148E+02  0.1148E+02
  0.7675E-01  0.1002E+02  0.3037E+00  0.1017E+02  0.1017E+02
  0.7775E-01  0.8276E+01  0.3014E+00  0.8838E+01  0.8838E+01
  0.7875E-01  0.7647E+01  0.2949E+00  0.7529E+01  0.7529E+01
  0.7975E-01  0.6847E+01  0.2900E+00  0.6296E+01  0.6296E+01
  0.8075E-01  0.5021E+01  0.2888E+00  0.5183E+01  0.5183E+01
  0.8175E-01  0.4451E+01  0.2848E+00  0.4223E+01  0.4223E+01
  0.8275E-01  0.2518E+01  0.2796E+00  0.3439E+01  0.3439E+01
  0.8375E-01  0.2408E+01  0.2762E+00  0.2844E+01  0.2844E+01
  0.8475E-01  0.3382E+01  0.2752E+00  0.2444E+01  0.2444E+01
  0.8575E-01  0.2336E+01  0.2712E+00  0.2232E+01  0.2232E+01
  0.8675E-01  0.2345E+01  0.2687E+00  0.2191E+01  0.2191E+01
  0.8775E-01  0.2202E+01  0.2670E+00  0.2313E+01  0.2313E+01
  0.8875E-01  0.2324E+01  0.2711E+00  0.2558E+01  0.2558E+01
  0.8975E-01  0.2264E+01  0.2672E+00  0.2902E+01  0.2902E+01
  0.9075E-01  0.3887E+01  0.2636E+00  0.3311E+01  0.3311E+01
  0.9175E-01  0.3565E+01  0.2662E+00  0.3754E+01  0.3754E+01
  0.9275E-01  0.4162E+01  0.2648E+00  0.4198E+01  0.4198E+01
  0.9375E-01  0.4498E+01  0.2644E+00  0.4615E+01  0.4615E+01
  0.9475E-01  0.5216E+01  0.2627E+00  0.4978E+01  0.4978E+01
  0.9575E-01  0.5268E+01  0.2608E+00  0.5268E+01  0.5268E+01
  0.9675E-01  0.6197E+01  0.2587E+00  0.5469E+01  0.5469E+01
  0.9775E-01  0.5665E+01  0.2574E+00  0.5570E+01  0.5570E+01
  0.9875E-01  0.5367E+01  0.2565E+00  0.5569E+01  0.5569E+01
  0.9975E-01  0.6093E+01  0.2566E+00  0.5466E+01  0.5466E+01
  0.1008E+00  0.5641E+01  0.2513E+00  0.5267E+01  0.5267E+01
  0.1018E+00  0.5435E+01  0.2495E+00  0.4985E+01  0.4985E+01
  0.1028E+00  0.3643E+01  0.2489E+00  0.4632E+01  0.4632E+01
  0.1038E+00  0.3453E+01  0.2464E+00  0.4226E+01  0.4226E+01
  0.1048E+00  0.3400E+01  0.2435E+00  0.3787E+01  0.3787E+01
  0.1058E+00  0.3499E+01  0.2417E+00  0.3331E+01  0.3331E+01
  0.1068E+00  0.2835E+01  0.2417E+00  0.2879E+01  0.2879E+01
  0.1078E+00  0.2487E+01  0.2381E+00  0.2446E+01  0.2446E+01
  0.1088E+00  0.2115E+01  0.2370E+00  0.2048E+01  0.2048E+01
  0.1098E+00  0.1253E+01  0.2345E+00  0.1697E+01  0.1697E+01
  0.1108E+00  0.9583E+00  0.2324E+00  0.1401E+01  0.1401E+01
  0.1118E+00  0.1547E+01  0.2316E+00  0.1166E+01  0.1166E+01
  0.1128E+00  0.1181E+01  0.2297E+00  0.9927E+00  0.9927E+00
  0.1138E+00  0.1098E+01  0.2279E+00  0.8809E+00  0.8809E+00
  0.1148E+00  0.9469E+00  0.2273E+00  0.8260E+00  0.8260E+00
  0.1158E+00  0.1313E+01  0.2251E+00  0.8213E+00  0.8213E+00
  0.1168E+00  0.7991E+00  0.2246E+00  0.8585E+00  0.8585E+00
  0.1177E+00  0.9686E+00  0.2268E+00  0.9278E+00  0.9278E+00
  0.1187E+00  0.1476E+01  0.2258E+00  0.1019E+01  0.1019E+01
  0.1197E+00  0.1363E+01  0.2208E+00  0.1123E+01  0.1123E+01
  0.1208E+00  0.9975E+00  0.2211E+00  0.1229E+01  0.1229E+01
  0.1218E+00  0.1207E+01  0.2223E+00  0.1330E+01  0.1330E+01
  0.1228E+00  0.1510E+01  0.2221E+00  0.1418E+01  0.1418E+01
  0.1238E+00  0.1626E+01  0.2206E+00  0.1491E+01  0.1491E+01
  0.1247E+00  0.1471E+01  0.2177E+00  0.1542E+01  0.1542E+01
  0.1258E+00  0.1177E+01  0.2178E+00  0.1573E+01  0.1573E+01
  0.1268E+00  0.5368E+00  0.2170E+00  0.1585E+01  0.1585E+01
  0.1278E+00  0.1114E+01  0.2168E+00  0.1578E+01  0.1578E+01
  0.1288E+00  0.7749E+00  0.2157E+00  0.1555E+01  0.1555E+01
  0.1298E+00  0.1683E+01  0.2167E+00  0.1526E+01  0.1526E+01
  0.1308E+00  0.1738E+01  0.2112E+00  0.1490E+01  0.1490E+01
  0.1318E+00  0.1421E+01  0.2109E+00  0.1453E+01  0.1453E+01
  0.1328E+00  0.2336E+01  0.2134E+00  0.1419E+01  0.1419E+01
  0.1338E+00  0.1756E+01  0.2114E+00  0.1392E+01  0.1392E+01
  0.1348E+00  0.1276E+01  0.2095E+00  0.1375E+01  0.1375E+01
  0.1358E+00  0.1733E+01  0.2093E+00  0.1370E+01  0.1370E+01
  0.1368E+00  0.2302E+01  0.2087E+00  0.1376E+01  0.1376E+01
  0.1378E+00  0.1520E+01  0.2081E+00  0.1395E+01  0.1395E+01
  0.1388E+00  0.1824E+01  0.2070E+00  0.1424E+01  0.1424E+01
  0.1398E+00  0.1663E+01  0.2063E+00  0.1462E+01  0.1462E+01
  0.1408E+00  0.9426E+00  0.2063E+00  0.1505E+01  0.1505E+01
  0.1418E+00  0.7399E+00  0.2039E+00  0.1551E+01  0.1551E+01
  0.1428E+00  0.1281E+01  0.2038E+00  0.1597E+01  0.1597E+01
  0.1438E+00  0.1296E+01  0.2031E+00  0.1640E+01  0.1640E+01
  0.1448E+00  0.1370E+01  0.2033E+00  0.1678E+01  0.1678E+01
  0.1458E+00  0.1737E+01  0.1992E+00  0.1708E+01  0.1708E+01
  0.1468E+00  0.2074E+01  0.1995E+00  0.1730E+01  0.1730E+01
  0.1478E+00  0.1787E+01  0.1979E+00  0.1743E+01  0.1743E+01
  0.1488E+00  0.1665E+01  0.1992E+00  0.1747E+01  0.1747E+01
  0.1498E+00  0.1812E+01  0.1961E+00  0.1744E+01  0.1744E+01
  0.1508E+00  0.1438E+01  0.1962E+00  0.1734E+01  0.1734E+01
  0.1518E+00  0.1374E+01  0.1956E+00  0.1718E+01  0.1718E+01
  0.1528E+00  0.1638E+01  0.1951E+00  0.1703E+01  0.1703E+01
  0.1538E+00  0.1991E+01  0.1929E+00  0.1686E+01  0.1686E+01
  0.1548E+00  0.1864E+01  0.1922E+00  0.1669E+01  0.1669E+01
  0.1558E+00  0.2295E+01  0.1932E+00  0.1655E+01  0.1655E+01
  0.1568E+00  0.1417E+01  0.1912E+00  0.1644E+01  0.1644E+01
  0.1578E+00  0.1850E+01  0.1908E+00  0.1636E+01  0.1636E+01
  0.1588E+00  0.1800E+01  0.1895E+00  0.1631E+01  0.1631E+01
  0.1598E+00  0.1993E+01  0.1895E+00  0.1628E+01  0.1628E+01
  0.1608E+00  0.1456E+01  0.1885E+00  0.1626E+01  0.1626E+01
  0.1618E+00  0.1780E+01  0.1880E+00  0.1623E+01  0.1623E+01
  0.1628E+00  0.1356E+01  0.1873E+00  0.1618E+01  0.1618E+01
  0.1638E+00  0.1703E+01  0.1884E+00  0.1608E+01  0.1608E+01
  0.1648E+00  0.1498E+01  0.1870E+00  0.1592E+01  0.1592E+01
  0.1658E+00  0.1378E+01  0.1869E+00  0.1568E+01  0.1568E+01
  0.1668E+00  0.1431E+01  0.1869E+00  0.1535E+01  0.1535E+01
  0.1678E+00  0.1207E+01  0.1877E+00  0.1493E+01  0.1493E+01
  0.1688E+00  0.1147E+01  0.1853E+00  0.1441E+01  0.1441E+01
  0.1698E+00  0.1045E+01  0.1855E+00  0.1381E+01  0.1381E+01
  0.1708E+00  0.1605E+01  0.1858E+00  0.1315E+01  0.1315E+01
  0.1718E+00  0.1600E+01  0.1849E+00  0.1245E+01  0.1245E+01
  0.1728E+00  0.1413E+01  0.1850E+00  0.1168E+01  0.1168E+01
  0.1738E+00  0.3153E+00  0.1841E+00  0.1093E+01  0.1093E+01
  0.1748E+00  0.1302E+01  0.1846E+00  0.1021E+01  0.1021E+01
  0.1758E+00  0.1107E+01  0.1835E+00  0.9534E+00  0.9534E+00
  0.1768E+00  0.1116E+01  0.1819E+00  0.8933E+00  0.8933E+00
  0.1778E+00  0.1277E+01  0.1825E+00  0.8422E+00  0.8422E+00
  0.1788E+00  0.8218E+00  0.1815E+00  0.8013E+00  0.8013E+00
  0.1798E+00  0.6604E+00  0.1810E+00  0.7712E+00  0.7712E+00
  0.1807E+00  0.1240E+01  0.1801E+00  0.7520E+00  0.7520E+00
  0.1817E+00  0.6732E+00  0.1800E+00  0.7427E+00  0.7427E+00
  0.1827E+00  0.4154E+00  0.1804E+00  0.7419E+00  0.7419E+00
  0.1837E+00  0.4909E+00  0.1777E+00  0.7484E+00  0.7484E+00
  0.1847E+00  0.1161E+00  0.1775E+00  0.7577E+00  0.7577E+00
  0.1857E+00  0.8165E+00  0.1773E+00  0.7693E+00  0.7693E+00
  0.1867E+00  0.8925E+00  0.1768E+00  0.7799E+00  0.7799E+00
  0.1878E+00  0.4312E+00  0.1759E+00  0.7868E+00  0.7868E+00
  0.1888E+00  0.1273E+01  0.1753E+00  0.7879E+00  0.7879E+00
  0.1898E+00  0.1093E+01  0.1754E+00  0.7815E+00  0.7815E+00
  0.1908E+00  0.7537E+00  0.1738E+00  0.7660E+00  0.7660E+00
  0.1918E+00  0.6264E+00  0.1728E+00  0.7409E+00  0.7409E+00
  0.1928E+00  0.9249E+00  0.1731E+00  0.7062E+00  0.7062E+00
  0.1938E+00  0.9105E+00  0.1723E+00  0.6625E+00  0.6625E+00
  0.1948E+00  0.6563E+00  0.1715E+00  0.6110E+00  0.6110E+00
  0.1958E+00 -0.1031E+00  0.1702E+00  0.5534E+00  0.5534E+00
  0.1968E+00  0.6057E+00  0.1709E+00  0.4918E+00  0.4918E+00
  0.1978E+00  0.6816E+00  0.1700E+00  0.4285E+00  0.4285E+00
  0.1988E+00  0.4455E+00  0.1683E+00  0.3658E+00  0.3658E+00
  0.1998E+00  0.6585E-01  0.1682E+00  0.3061E+00  0.3061E+00
  0.2008E+00  0.1453E+00  0.1681E+00  0.2514E+00  0.2514E+00
  0.2018E+00  0.3196E+00  0.1680E+00  0.2035E+00  0.2035E+00
  0.2028E+00  0.3411E+00  0.1668E+00  0.1638E+00  0.1638E+00
  0.2038E+00  0.4280E-01  0.1677E+00  0.1330E+00  0.1330E+00
  0.2048E+00  0.8035E-01  0.1669E+00  0.1120E+00  0.1120E+00
  0.2058E+00 -0.4062E+00  0.1666E+00  0.1003E+00  0.1003E+00
  0.2068E+00 -0.1393E+00  0.1659E+00  0.9750E-01  0.9750E-01
  0.2078E+00  0.4218E+00  0.1647E+00  0.1028E+00  0.1028E+00
  0.2088E+00  0.5220E-01  0.1658E+00  0.1153E+00  0.1153E+00
  0.2098E+00  0.3860E+00  0.1642E+00  0.1334E+00  0.1334E+00
  0.2108E+00  0.6696E+00  0.1636E+00  0.1572E+00  0.1572E+00
  0.2118E+00  0.6215E-01  0.1631E+00  0.1839E+00  0.1839E+00
  0.2128E+00  0.4958E+00  0.1628E+00  0.2137E+00  0.2137E+00
  0.2138E+00  0.3472E+00  0.1612E+00  0.2451E+00  0.2451E+00
  0.2148E+00 -0.2871E+00  0.1621E+00  0.2795E+00  0.2795E+00
  0.2158E+00  0.1426E+00  0.1601E+00  0.3131E+00  0.3131E+00
  0.2168E+00  0.1229E+00  0.1609E+00  0.3483E+00  0.3483E+00
  0.2178E+00  0.2500E+00  0.1589E+00  0.3875E+00  0.3875E+00
  0.2188E+00  0.2856E+00  0.1591E+00  0.4278E+00  0.4278E+00
  0.2198E+00  0.4186E+00  0.1584E+00  0.4707E+00  0.4707E+00
  0.2208E+00  0.1380E-01  0.1592E+00  0.5169E+00  0.5169E+00
  0.2218E+00  0.3658E+00  0.1578E+00  0.5665E+00  0.5665E+00
  0.2228E+00  0.1093E+01  0.1576E+00  0.6195E+00  0.6195E+00
  0.2238E+00  0.7412E+00  0.1576E+00  0.6759E+00  0.6759E+00
  0.2248E+00  0.8656E+00  0.1579E+00  0.7351E+00  0.7351E+00
  0.2258E+00  0.6057E+00  0.1571E+00  0.7962E+00  0.7962E+00
  0.2268E+00  0.1409E+01  0.1562E+00  0.8580E+00  0.8580E+00
  0.2278E+00  0.1343E+01  0.1565E+00  0.9192E+00  0.9192E+00
  0.2288E+00  0.1107E+01  0.1563E+00  0.9788E+00  0.9788E+00
  0.2298E+00  0.1210E+01  0.1551E+00  0.1034E+01  0.1034E+01
  0.2308E+00  0.1213E+01  0.1548E+00  0.1084E+01  0.1084E+01
  0.2318E+00  0.9729E+00  0.1557E+00  0.1127E+01  0.1127E+01
  0.2328E+00  0.9638E+00  0.1546E+00  0.1162E+01  0.1162E+01
  0.2338E+00  0.1278E+01  0.1540E+00  0.1187E+01  0.1187E+01
  0.2348E+00  0.7021E+00  0.1536E+00  0.1203E+01  0.1203E+01
  0.2358E+00  0.9738E+00  0.1541E+00  0.1210E+01  0.1210E+01
  0.2368E+00  0.1056E+01  0.1523E+00  0.1207E+01  0.1207E+01
  0.2378E+00  0.1093E+01  0.1527E+00  0.1197E+01  0.1197E+01
  0.2388E+00  0.1352E+01  0.1522E+00  0.1179E+01  0.1179E+01
  0.2398E+00  0.1546E+01  0.1523E+00  0.1158E+01  0.1158E+01
  0.2408E+00  0.1477E+01  0.1514E+00  0.1134E+01  0.1134E+01
  0.2418E+00  0.9152E+00  0.1510E+00  0.1109E+01  0.1109E+01
  0.2428E+00  0.8057E+00  0.1514E+00  0.1087E+01  0.1087E+01
  0.2438E+00  0.1281E+01  0.1517E+00  0.1070E+01  0.1070E+01
  0.2448E+00  0.7288E+00  0.1506E+00  0.1059E+01  0.1059E+01
  0.2458E+00  0.1364E+01  0.1500E+00  0.1055E+01  0.1055E+01
  0.2468E+00  0.1116E+01  0.1498E+00  0.1060E+01  0.1060E+01
  0.2478E+00  0.1243E+01  0.1505E+00  0.1076E+01  0.1076E+01
  0.2488E+00  0.5259E+00  0.1498E+00  0.1100E+01  0.1100E+01
  0.2498E+00  0.1415E+01  0.1495E+00  0.1134E+01  0.1134E+01
  0.2508E+00  0.1204E+01  0.1489E+00  0.1174E+01  0.1174E+01
  0.2518E+00  0.1100E+01  0.1484E+00  0.1221E+01  0.1221E+01
  0.2528E+00  0.1417E+01  0.1481E+00  0.1272E+01  0.1272E+01
  0.2538E+00  0.1034E+01  0.1477E+00  0.1324E+01  0.1324E+01
  0.2548E+00  0.1213E+01  0.1478E+00  0.1376E+01  0.1376E+01
  0.2558E+00  0.1645E+01  0.1469E+00  0.1424E+01  0.1424E+01
  0.2568E+00  0.1574E+01  0.1461E+00  0.1468E+01  0.1468E+01
  0.2578E+00  0.1321E+01  0.1461E+00  0.1505E+01  0.1505E+01
  0.2588E+00  0.1174E+01  0.1466E+00  0.1533E+01  0.1533E+01
  0.2598E+00  0.1673E+01  0.1451E+00  0.1552E+01  0.1552E+01
  0.2608E+00  0.1680E+01  0.1449E+00  0.1562E+01  0.1562E+01
  0.2618E+00  0.2023E+01  0.1443E+00  0.1563E+01  0.1563E+01
  0.2628E+00  0.1907E+01  0.1440E+00  0.1555E+01  0.1555E+01
  0.2638E+00  0.1580E+01  0.1440E+00  0.1540E+01  0.1540E+01
  0.2648E+00  0.1600E+01  0.1434E+00  0.1519E+01  0.1519E+01
  0.2658E+00  0.1342E+01  0.1431E+00  0.1493E+01  0.1493E+01
  0.2668E+00  0.1034E+01  0.1437E+00  0.1465E+01  0.1465E+01
  0.2678E+00  0.1559E+01  0.1423E+00  0.1436E+01  0.1436E+01
  0.2688E+00  0.1496E+01  0.1421E+00  0.1408E+01  0.1408E+01
  0.2695E+00  0.1227E+01  0.2003E+00  0.1389E+01  0.1389E+01

           Distance distribution  function of particle  


       R          P(R)      ERROR

  0.0000E+00  0.0000E+00  0.0000E+00
  0.2800E+01  0.1889E-01  0.4456E-03
  0.5600E+01  0.2956E-01  0.2882E-03
  0.8400E+01  0.3751E-01  0.2371E-03
  0.1120E+02  0.4935E-01  0.6047E-03
  0.1400E+02  0.7022E-01  0.6756E-03
  0.1680E+02  0.1017E+00  0.4341E-03
  0.1960E+02  0.1417E+00  0.3251E-03
  0.2240E+02  0.1851E+00  0.6022E-03
  0.2520E+02  0.2267E+00  0.6863E-03
  0.2800E+02  0.2630E+00  0.5223E-03
  0.3080E+02  0.2939E+00  0.4815E-03
  0.3360E+02  0.3224E+00  0.7245E-03
  0.3640E+02  0.3531E+00  0.8338E-03
  0.3920E+02  0.3897E+00  0.7189E-03
  0.4200E+02  0.4336E+00  0.6522E-03
  0.4480E+02  0.4830E+00  0.8429E-03
  0.4760E+02  0.5335E+00  0.9944E-03
  0.5040E+02  0.5798E+00  0.9596E-03
  0.5320E+02  0.6185E+00  0.9028E-03
  0.5600E+02  0.6486E+00  0.1008E-02
  0.5880E+02  0.6726E+00  0.1125E-02
  0.6160E+02  0.6950E+00  0.1109E-02
  0.6440E+02  0.7207E+00  0.1084E-02
  0.6720E+02  0.7530E+00  0.1209E-02
  0.7000E+02  0.7925E+00  0.1346E-02
  0.7280E+02  0.8374E+00  0.1337E-02
  0.7560E+02  0.8840E+00  0.1261E-02
  0.7840E+02  0.9287E+00  0.1311E-02
  0.8120E+02  0.9686E+00  0.1422E-02
  0.8400E+02  0.1003E+01  0.1398E-02
  0.8680E+02  0.1032E+01  0.1275E-02
  0.8960E+02  0.1059E+01  0.1319E-02
  0.9240E+02  0.1084E+01  0.1566E-02
  0.9520E+02  0.1110E+01  0.1771E-02
  0.9800E+02  0.1137E+01  0.1840E-02
  0.1008E+03  0.1165E+01  0.1859E-02
  0.1036E+03  0.1194E+01  0.1880E-02
  0.1064E+03  0.1224E+01  0.1822E-02
  0.1092E+03  0.1255E+01  0.1653E-02
  0.1120E+03  0.1287E+01  0.1514E-02
  0.1148E+03  0.1320E+01  0.1541E-02
  0.1176E+03  0.1352E+01  0.1646E-02
  0.1204E+03  0.1385E+01  0.1746E-02
  0.1232E+03  0.1417E+01  0.1896E-02
  0.1260E+03  0.1450E+01  0.2073E-02
  0.1288E+03  0.1484E+01  0.2114E-02
  0.1316E+03  0.1520E+01  0.1997E-02
  0.1344E+03  0.1558E+01  0.2002E-02
  0.1372E+03  0.1596E+01  0.2332E-02
  0.1400E+03  0.1633E+01  0.2698E-02
  0.1428E+03  0.1666E+01  0.2802E-02
  0.1456E+03  0.1694E+01  0.2708E-02
  0.1484E+03  0.1715E+01  0.2739E-02
  0.1512E+03  0.1732E+01  0.2970E-02
  0.1540E+03  0.1748E+01  0.3083E-02
  0.1568E+03  0.1764E+01  0.2880E-02
  0.1596E+03  0.1784E+01  0.2561E-02
  0.1624E+03  0.1808E+01  0.2521E-02
  0.1652E+03  0.1831E+01  0.2751E-02
  0.1680E+03  0.1852E+01  0.2898E-02
  0.1708E+03  0.1866E+01  0.2864E-02
  0.1736E+03  0.1870E+01  0.2838E-02
  0.1764E+03  0.1866E+01  0.2940E-02
  0.1792E+03  0.1854E+01  0.3035E-02
  0.1820E+03  0.1840E+01  0.3002E-02
  0.1848E+03  0.1825E+01  0.2931E-02
  0.1876E+03  0.1811E+01  0.2966E-02
  0.1904E+03  0.1795E+01  0.3073E-02
  0.1932E+03  0.1773E+01  0.3122E-02
  0.1960E+03  0.1741E+01  0.3095E-02
  0.1988E+03  0.1694E+01  0.3066E-02
  0.2016E+03  0.1631E+01  0.3059E-02
  0.2044E+03  0.1554E+01  0.3023E-02
  0.2072E+03  0.1466E+01  0.2953E-02
  0.2100E+03  0.1372E+01  0.2924E-02
  0.2128E+03  0.1274E+01  0.3005E-02
  0.2156E+03  0.1175E+01  0.3187E-02
  0.2184E+03  0.1075E+01  0.3396E-02
  0.2212E+03  0.9740E+00  0.3530E-02
  0.2240E+03  0.8713E+00  0.3500E-02
  0.2268E+03  0.7682E+00  0.3311E-02
  0.2296E+03  0.6669E+00  0.3113E-02
  0.2324E+03  0.5710E+00  0.3090E-02
  0.2352E+03  0.4838E+00  0.3248E-02
  0.2380E+03  0.4075E+00  0.3469E-02
  0.2408E+03  0.3427E+00  0.3735E-02
  0.2436E+03  0.2883E+00  0.4111E-02
  0.2464E+03  0.2419E+00  0.4552E-02
  0.2492E+03  0.2013E+00  0.4883E-02
  0.2520E+03  0.1652E+00  0.4980E-02
  0.2548E+03  0.1334E+00  0.4877E-02
  0.2576E+03  0.1070E+00  0.4708E-02
  0.2604E+03  0.8760E-01  0.4559E-02
  0.2632E+03  0.7657E-01  0.4439E-02
  0.2660E+03  0.7371E-01  0.4413E-02
  0.2688E+03  0.7665E-01  0.4638E-02
  0.2716E+03  0.8019E-01  0.5040E-02
  0.2744E+03  0.7615E-01  0.5028E-02
  0.2772E+03  0.5368E-01  0.3677E-02
  0.2800E+03  0.0000E+00  0.0000E+00
          Reciprocal space: Rg =  111.68     , I(0) =   0.3313E+04
     Real space: Rg =  110.86 +- 0.046  I(0) =   0.3312E+04 +-  0.3188E+01
