
           ####      G N O M             Version 5.0 (r12314)      ####
                                               Fri May  8 12:39:15 2020

           ####      Configuration                                 ####

    System Type:                   arbitrary monodisperse (job = 0)
    Minimum characteristic size:         0.0000
    Maximum characteristic size:       103.0000
    rad56:                               0.0000
    Force 0.0 at r = rmin:                  yes
    Force 0.0 at r = rmax:                  yes
    Initial alpha:                       0.0000
    Initial random seed:    2183149604364637463
    Points in real space:                   101

    Input  1:                      glucose_isomerase.dat
    First data point used:                    1
    Last data point used:                   473
    Scaling coefficient:             0.1000E+01
    Experimental setup:            point collimation



           ####      Results                                       ####

    Parameter    DISCRP  OSCILL  STABIL  SYSDEV  POSITV  VALCEN  SMOOTH
    Weight        1.000   3.000   3.000   3.000   1.000   1.000   1.000
    Sigma         0.300   0.600   0.120   0.120   0.120   0.120   0.600
    Ideal         0.700   1.100   0.000   1.000   1.000   0.950   0.000
    Current       0.660   1.265   0.033   0.979   1.000   0.958   0.161
               --------------------------------------------------------
    Estimate      0.983   0.928   0.929   1.000   1.000   0.995   0.931

    Angular range:                       0.0101 to       0.2824
    Reciprocal space Rg:             0.3365E+02
    Reciprocal space I(0):           0.6141E-01

    Real space range:                    0.0000 to     103.0000
    Real space Rg:                   0.3362E+02 +-   0.9576E-01
    Real space I(0):                 0.6141E-01 +-   0.2026E-03

    Highest ALPHA (theor):           0.2833E+05
    Current ALPHA:                   0.7818E+01

    Total Estimate:                      0.9598 (a EXCELLENT solution)



           ####      Experimental Data and Fit                     ####

      S          J EXP       ERROR       J REG       I REG

   0.000000E+00                                                0.614118E-01
   0.560929E-03                                                0.614045E-01
   0.112186E-02                                                0.613826E-01
   0.168279E-02                                                0.613462E-01
   0.224372E-02                                                0.612953E-01
   0.280465E-02                                                0.612299E-01
   0.336558E-02                                                0.611501E-01
   0.392651E-02                                                0.610559E-01
   0.448743E-02                                                0.609473E-01
   0.504836E-02                                                0.608245E-01
   0.560929E-02                                                0.606875E-01
   0.617022E-02                                                0.605364E-01
   0.673115E-02                                                0.603713E-01
   0.729208E-02                                                0.601923E-01
   0.785301E-02                                                0.599995E-01
   0.841394E-02                                                0.597932E-01
   0.897487E-02                                                0.595732E-01
   0.953580E-02                                                0.593400E-01
   0.100967E-01   0.585325E-01   0.159856E-02   0.590935E-01   0.590935E-01
   0.106737E-01   0.576211E-01   0.154207E-02   0.588263E-01   0.588263E-01
   0.112506E-01   0.578830E-01   0.141091E-02   0.585455E-01   0.585455E-01
   0.118276E-01   0.563482E-01   0.133386E-02   0.582512E-01   0.582512E-01
   0.124046E-01   0.565834E-01   0.126304E-02   0.579437E-01   0.579437E-01
   0.129815E-01   0.567783E-01   0.110833E-02   0.576232E-01   0.576232E-01
   0.135585E-01   0.572038E-01   0.115955E-02   0.572898E-01   0.572898E-01
   0.141354E-01   0.560951E-01   0.107932E-02   0.569438E-01   0.569438E-01
   0.147124E-01   0.566919E-01   0.102129E-02   0.565854E-01   0.565854E-01
   0.152893E-01   0.563487E-01   0.105128E-02   0.562149E-01   0.562149E-01
   0.158663E-01   0.556891E-01   0.954689E-03   0.558325E-01   0.558325E-01
   0.164432E-01   0.549176E-01   0.957298E-03   0.554385E-01   0.554385E-01
   0.170202E-01   0.556554E-01   0.879564E-03   0.550330E-01   0.550330E-01
   0.175972E-01   0.541111E-01   0.886206E-03   0.546165E-01   0.546165E-01
   0.181741E-01   0.543307E-01   0.878766E-03   0.541892E-01   0.541892E-01
   0.187511E-01   0.531510E-01   0.838343E-03   0.537512E-01   0.537512E-01
   0.193280E-01   0.534883E-01   0.837069E-03   0.533030E-01   0.533030E-01
   0.199050E-01   0.522825E-01   0.783881E-03   0.528448E-01   0.528448E-01
   0.204819E-01   0.523601E-01   0.789141E-03   0.523769E-01   0.523769E-01
   0.210589E-01   0.510407E-01   0.764689E-03   0.518996E-01   0.518996E-01
   0.216358E-01   0.510006E-01   0.718485E-03   0.514132E-01   0.514132E-01
   0.222128E-01   0.513749E-01   0.688393E-03   0.509180E-01   0.509180E-01
   0.227898E-01   0.504630E-01   0.659424E-03   0.504143E-01   0.504143E-01
   0.233667E-01   0.510998E-01   0.670225E-03   0.499025E-01   0.499025E-01
   0.239437E-01   0.493025E-01   0.638281E-03   0.493828E-01   0.493828E-01
   0.245206E-01   0.482552E-01   0.631565E-03   0.488556E-01   0.488556E-01
   0.250976E-01   0.476812E-01   0.634880E-03   0.483212E-01   0.483212E-01
   0.256745E-01   0.483935E-01   0.606043E-03   0.477799E-01   0.477799E-01
   0.262515E-01   0.468570E-01   0.614025E-03   0.472321E-01   0.472321E-01
   0.268284E-01   0.472165E-01   0.582053E-03   0.466781E-01   0.466781E-01
   0.274054E-01   0.457479E-01   0.601081E-03   0.461182E-01   0.461182E-01
   0.279824E-01   0.462788E-01   0.567194E-03   0.455528E-01   0.455528E-01
   0.285593E-01   0.454173E-01   0.549109E-03   0.449821E-01   0.449821E-01
   0.291363E-01   0.444959E-01   0.535340E-03   0.444066E-01   0.444066E-01
   0.297132E-01   0.452651E-01   0.507553E-03   0.438265E-01   0.438265E-01
   0.302902E-01   0.434565E-01   0.524535E-03   0.432422E-01   0.432422E-01
   0.308671E-01   0.429328E-01   0.508102E-03   0.426540E-01   0.426540E-01
   0.314441E-01   0.421025E-01   0.494076E-03   0.420623E-01   0.420623E-01
   0.320211E-01   0.414773E-01   0.497808E-03   0.414674E-01   0.414674E-01
   0.325980E-01   0.412571E-01   0.484465E-03   0.408696E-01   0.408696E-01
   0.331750E-01   0.396573E-01   0.493169E-03   0.402692E-01   0.402692E-01
   0.337519E-01   0.395957E-01   0.467221E-03   0.396667E-01   0.396667E-01
   0.343289E-01   0.396145E-01   0.473011E-03   0.390622E-01   0.390622E-01
   0.349058E-01   0.389381E-01   0.470330E-03   0.384562E-01   0.384562E-01
   0.354828E-01   0.385973E-01   0.457389E-03   0.378489E-01   0.378489E-01
   0.360597E-01   0.373342E-01   0.461670E-03   0.372406E-01   0.372406E-01
   0.366367E-01   0.366502E-01   0.439757E-03   0.366318E-01   0.366318E-01
   0.372137E-01   0.354089E-01   0.444409E-03   0.360227E-01   0.360227E-01
   0.377906E-01   0.360497E-01   0.440003E-03   0.354135E-01   0.354135E-01
   0.383676E-01   0.346773E-01   0.431122E-03   0.348047E-01   0.348047E-01
   0.389445E-01   0.339707E-01   0.434439E-03   0.341965E-01   0.341965E-01
   0.395215E-01   0.335718E-01   0.412998E-03   0.335892E-01   0.335892E-01
   0.400984E-01   0.332178E-01   0.422660E-03   0.329830E-01   0.329830E-01
   0.406754E-01   0.327579E-01   0.418349E-03   0.323784E-01   0.323784E-01
   0.412523E-01   0.320439E-01   0.404275E-03   0.317755E-01   0.317755E-01
   0.418293E-01   0.314352E-01   0.412258E-03   0.311746E-01   0.311746E-01
   0.424063E-01   0.304576E-01   0.387981E-03   0.305761E-01   0.305761E-01
   0.429832E-01   0.307946E-01   0.403279E-03   0.299801E-01   0.299801E-01
   0.435602E-01   0.298546E-01   0.389027E-03   0.293870E-01   0.293870E-01
   0.441371E-01   0.301068E-01   0.387089E-03   0.287969E-01   0.287969E-01
   0.447141E-01   0.285101E-01   0.389585E-03   0.282102E-01   0.282102E-01
   0.452910E-01   0.279156E-01   0.371814E-03   0.276270E-01   0.276270E-01
   0.458680E-01   0.269490E-01   0.385529E-03   0.270477E-01   0.270477E-01
   0.464449E-01   0.272911E-01   0.368258E-03   0.264724E-01   0.264724E-01
   0.470219E-01   0.260454E-01   0.368452E-03   0.259014E-01   0.259014E-01
   0.475989E-01   0.251958E-01   0.370124E-03   0.253349E-01   0.253349E-01
   0.481758E-01   0.250012E-01   0.358188E-03   0.247730E-01   0.247730E-01
   0.487528E-01   0.248247E-01   0.361202E-03   0.242160E-01   0.242160E-01
   0.493297E-01   0.235081E-01   0.345222E-03   0.236641E-01   0.236641E-01
   0.499067E-01   0.237643E-01   0.352765E-03   0.231175E-01   0.231175E-01
   0.504836E-01   0.229553E-01   0.351255E-03   0.225763E-01   0.225763E-01
   0.510606E-01   0.224585E-01   0.340175E-03   0.220408E-01   0.220408E-01
   0.516375E-01   0.222175E-01   0.343981E-03   0.215111E-01   0.215111E-01
   0.522145E-01   0.209478E-01   0.332891E-03   0.209873E-01   0.209873E-01
   0.527915E-01   0.206953E-01   0.338034E-03   0.204696E-01   0.204696E-01
   0.533684E-01   0.198817E-01   0.330638E-03   0.199582E-01   0.199582E-01
   0.539454E-01   0.199019E-01   0.326591E-03   0.194531E-01   0.194531E-01
   0.545223E-01   0.189563E-01   0.330709E-03   0.189546E-01   0.189546E-01
   0.550993E-01   0.181770E-01   0.319411E-03   0.184627E-01   0.184627E-01
   0.556762E-01   0.178881E-01   0.325484E-03   0.179776E-01   0.179776E-01
   0.562532E-01   0.183987E-01   0.322417E-03   0.174994E-01   0.174994E-01
   0.568302E-01   0.169237E-01   0.325774E-03   0.170281E-01   0.170281E-01
   0.574071E-01   0.166493E-01   0.330366E-03   0.165639E-01   0.165639E-01
   0.579841E-01   0.165202E-01   0.339452E-03   0.161068E-01   0.161068E-01
   0.585610E-01   0.165927E-01   0.340818E-03   0.156570E-01   0.156570E-01
   0.591380E-01   0.147458E-01   0.334136E-03   0.152144E-01   0.152144E-01
   0.597149E-01   0.150623E-01   0.341232E-03   0.147793E-01   0.147793E-01
   0.602919E-01   0.146299E-01   0.340149E-03   0.143515E-01   0.143515E-01
   0.608688E-01   0.142359E-01   0.340774E-03   0.139313E-01   0.139313E-01
   0.614458E-01   0.139304E-01   0.342107E-03   0.135185E-01   0.135185E-01
   0.620228E-01   0.133205E-01   0.337686E-03   0.131133E-01   0.131133E-01
   0.625997E-01   0.130287E-01   0.350203E-03   0.127158E-01   0.127158E-01
   0.631767E-01   0.126840E-01   0.341981E-03   0.123258E-01   0.123258E-01
   0.637536E-01   0.122038E-01   0.343426E-03   0.119435E-01   0.119435E-01
   0.643306E-01   0.129790E-01   0.345245E-03   0.115688E-01   0.115688E-01
   0.649075E-01   0.109803E-01   0.335792E-03   0.112018E-01   0.112018E-01
   0.654845E-01   0.109140E-01   0.348764E-03   0.108424E-01   0.108424E-01
   0.660614E-01   0.107617E-01   0.338382E-03   0.104907E-01   0.104907E-01
   0.666384E-01   0.104129E-01   0.342461E-03   0.101466E-01   0.101466E-01
   0.672154E-01   0.102113E-01   0.342478E-03   0.981019E-02   0.981019E-02
   0.677923E-01   0.977783E-02   0.341662E-03   0.948133E-02   0.948133E-02
   0.683693E-01   0.898972E-02   0.344652E-03   0.916007E-02   0.916007E-02
   0.689462E-01   0.907178E-02   0.331410E-03   0.884633E-02   0.884633E-02
   0.695232E-01   0.917238E-02   0.344461E-03   0.854010E-02   0.854010E-02
   0.701001E-01   0.822519E-02   0.341579E-03   0.824132E-02   0.824132E-02
   0.706771E-01   0.838710E-02   0.344800E-03   0.794995E-02   0.794995E-02
   0.712540E-01   0.759089E-02   0.343841E-03   0.766594E-02   0.766594E-02
   0.718310E-01   0.685492E-02   0.330992E-03   0.738923E-02   0.738923E-02
   0.724080E-01   0.761905E-02   0.343203E-03   0.711976E-02   0.711976E-02
   0.729849E-01   0.730486E-02   0.337555E-03   0.685746E-02   0.685746E-02
   0.735619E-01   0.720345E-02   0.343123E-03   0.660226E-02   0.660226E-02
   0.741388E-01   0.576674E-02   0.334956E-03   0.635410E-02   0.635410E-02
   0.747158E-01   0.633763E-02   0.329563E-03   0.611289E-02   0.611289E-02
   0.752927E-01   0.498631E-02   0.346880E-03   0.587855E-02   0.587855E-02
   0.758697E-01   0.520013E-02   0.331762E-03   0.565101E-02   0.565101E-02
   0.764467E-01   0.487319E-02   0.341903E-03   0.543016E-02   0.543016E-02
   0.770236E-01   0.501470E-02   0.331687E-03   0.521592E-02   0.521592E-02
   0.776006E-01   0.505939E-02   0.338664E-03   0.500821E-02   0.500821E-02
   0.781775E-01   0.479148E-02   0.344050E-03   0.480692E-02   0.480692E-02
   0.787545E-01   0.504579E-02   0.327727E-03   0.461195E-02   0.461195E-02
   0.793314E-01   0.401792E-02   0.336630E-03   0.442321E-02   0.442321E-02
   0.799084E-01   0.401832E-02   0.331628E-03   0.424060E-02   0.424060E-02
   0.804853E-01   0.397147E-02   0.333839E-03   0.406400E-02   0.406400E-02
   0.810623E-01   0.373889E-02   0.337030E-03   0.389332E-02   0.389332E-02
   0.816393E-01   0.333143E-02   0.328181E-03   0.372844E-02   0.372844E-02
   0.822162E-01   0.334727E-02   0.336205E-03   0.356926E-02   0.356926E-02
   0.827932E-01   0.285082E-02   0.333740E-03   0.341567E-02   0.341567E-02
   0.833701E-01   0.256124E-02   0.333585E-03   0.326755E-02   0.326755E-02
   0.839471E-01   0.278269E-02   0.331859E-03   0.312479E-02   0.312479E-02
   0.845240E-01   0.257571E-02   0.331098E-03   0.298727E-02   0.298727E-02
   0.851010E-01   0.231900E-02   0.339126E-03   0.285489E-02   0.285489E-02
   0.856779E-01   0.244248E-02   0.331898E-03   0.272753E-02   0.272753E-02
   0.862549E-01   0.201372E-02   0.327381E-03   0.260507E-02   0.260507E-02
   0.868319E-01   0.213909E-02   0.329688E-03   0.248740E-02   0.248740E-02
   0.874088E-01   0.191870E-02   0.332157E-03   0.237439E-02   0.237439E-02
   0.879858E-01   0.184746E-02   0.337030E-03   0.226594E-02   0.226594E-02
   0.885627E-01   0.134841E-02   0.328317E-03   0.216193E-02   0.216193E-02
   0.891397E-01   0.201555E-02   0.323898E-03   0.206224E-02   0.206224E-02
   0.897166E-01   0.183550E-02   0.331587E-03   0.196675E-02   0.196675E-02
   0.902936E-01   0.119860E-02   0.333518E-03   0.187536E-02   0.187536E-02
   0.908705E-01   0.149540E-02   0.328740E-03   0.178794E-02   0.178794E-02
   0.914475E-01   0.135600E-02   0.329631E-03   0.170439E-02   0.170439E-02
   0.920245E-01   0.126175E-02   0.331355E-03   0.162458E-02   0.162458E-02
   0.926014E-01   0.133912E-02   0.330661E-03   0.154841E-02   0.154841E-02
   0.931784E-01   0.101707E-02   0.329851E-03   0.147576E-02   0.147576E-02
   0.937553E-01   0.112003E-02   0.323830E-03   0.140652E-02   0.140652E-02
   0.943323E-01   0.158894E-02   0.330365E-03   0.134060E-02   0.134060E-02
   0.949092E-01   0.110151E-02   0.331720E-03   0.127787E-02   0.127787E-02
   0.954862E-01   0.116167E-02   0.332988E-03   0.121822E-02   0.121822E-02
   0.960631E-01   0.931736E-03   0.325567E-03   0.116156E-02   0.116156E-02
   0.966401E-01   0.735508E-03   0.328275E-03   0.110779E-02   0.110779E-02
   0.972171E-01   0.440808E-03   0.330162E-03   0.105679E-02   0.105679E-02
   0.977940E-01   0.904361E-03   0.335444E-03   0.100847E-02   0.100847E-02
   0.983710E-01   0.265030E-03   0.325767E-03   0.962722E-03   0.962722E-03
   0.989479E-01   0.463784E-03   0.328564E-03   0.919456E-03   0.919456E-03
   0.995249E-01   0.683930E-03   0.331944E-03   0.878576E-03   0.878576E-03
   0.100102E+00   0.119417E-02   0.327132E-03   0.839984E-03   0.839984E-03
   0.100679E+00  -0.539882E-03   0.333186E-03   0.803590E-03   0.803590E-03
   0.101256E+00   0.141757E-03   0.322209E-03   0.769303E-03   0.769303E-03
   0.101833E+00   0.456188E-03   0.332999E-03   0.737029E-03   0.737029E-03
   0.102410E+00  -0.264197E-04   0.333573E-03   0.706700E-03   0.706700E-03
   0.102987E+00   0.417763E-03   0.333049E-03   0.678211E-03   0.678211E-03
   0.103564E+00  -0.228917E-03   0.324566E-03   0.651488E-03   0.651488E-03
   0.104141E+00  -0.244454E-04   0.324181E-03   0.626449E-03   0.626449E-03
   0.104717E+00   0.795815E-03   0.331061E-03   0.603017E-03   0.603017E-03
   0.105294E+00  -0.638939E-03   0.332848E-03   0.581114E-03   0.581114E-03
   0.105871E+00   0.631310E-03   0.325718E-03   0.560666E-03   0.560666E-03
   0.106448E+00   0.202835E-03   0.331994E-03   0.541601E-03   0.541601E-03
   0.107025E+00  -0.193156E-04   0.330115E-03   0.523848E-03   0.523848E-03
   0.107602E+00   0.291430E-04   0.332284E-03   0.507340E-03   0.507340E-03
   0.108179E+00   0.430558E-03   0.330073E-03   0.492011E-03   0.492011E-03
   0.108756E+00   0.474725E-03   0.324777E-03   0.477795E-03   0.477795E-03
   0.109333E+00   0.506137E-03   0.333521E-03   0.464633E-03   0.464633E-03
   0.109910E+00  -0.234345E-03   0.335897E-03   0.452463E-03   0.452463E-03
   0.110487E+00   0.223635E-03   0.332155E-03   0.441228E-03   0.441228E-03
   0.111064E+00   0.436388E-03   0.323077E-03   0.430872E-03   0.430872E-03
   0.111641E+00   0.804588E-04   0.328275E-03   0.421341E-03   0.421341E-03
   0.112218E+00   0.470834E-03   0.328431E-03   0.412584E-03   0.412584E-03
   0.112795E+00   0.222985E-03   0.339154E-03   0.404550E-03   0.404550E-03
   0.113372E+00   0.111392E-03   0.321351E-03   0.397192E-03   0.397192E-03
   0.113949E+00   0.143979E-03   0.332760E-03   0.390464E-03   0.390464E-03
   0.114526E+00  -0.305100E-05   0.328583E-03   0.384321E-03   0.384321E-03
   0.115103E+00   0.105631E-04   0.331470E-03   0.378722E-03   0.378722E-03
   0.115680E+00   0.101078E-03   0.329714E-03   0.373626E-03   0.373626E-03
   0.116257E+00   0.228256E-03   0.326943E-03   0.368995E-03   0.368995E-03
   0.116834E+00  -0.985075E-03   0.335336E-03   0.364792E-03   0.364792E-03
   0.117411E+00   0.232857E-03   0.334965E-03   0.360982E-03   0.360982E-03
   0.117987E+00   0.358699E-03   0.327961E-03   0.357531E-03   0.357531E-03
   0.118564E+00   0.147894E-03   0.322138E-03   0.354416E-03   0.354416E-03
   0.119141E+00   0.503521E-03   0.333576E-03   0.351583E-03   0.351583E-03
   0.119718E+00   0.232711E-03   0.333946E-03   0.349028E-03   0.349028E-03
   0.120295E+00   0.147607E-03   0.334973E-03   0.346714E-03   0.346714E-03
   0.120872E+00   0.128096E-03   0.324755E-03   0.344618E-03   0.344618E-03
   0.121449E+00  -0.237945E-03   0.335851E-03   0.342714E-03   0.342714E-03
   0.122026E+00  -0.811107E-04   0.330657E-03   0.340981E-03   0.340981E-03
   0.122603E+00   0.848882E-03   0.328714E-03   0.339397E-03   0.339397E-03
   0.123180E+00   0.359314E-03   0.328690E-03   0.337943E-03   0.337943E-03
   0.123757E+00   0.504404E-04   0.330919E-03   0.336599E-03   0.336599E-03
   0.124334E+00   0.468470E-03   0.332636E-03   0.335348E-03   0.335348E-03
   0.124911E+00   0.253100E-03   0.334588E-03   0.334175E-03   0.334175E-03
   0.125488E+00   0.394251E-03   0.324077E-03   0.333065E-03   0.333065E-03
   0.126065E+00   0.697581E-03   0.333670E-03   0.332002E-03   0.332002E-03
   0.126642E+00   0.205275E-03   0.331846E-03   0.330976E-03   0.330976E-03
   0.127219E+00   0.483671E-03   0.334117E-03   0.329973E-03   0.329973E-03
   0.127796E+00   0.290386E-03   0.333349E-03   0.328984E-03   0.328984E-03
   0.128373E+00   0.465570E-03   0.329267E-03   0.327998E-03   0.327998E-03
   0.128950E+00  -0.181248E-03   0.327528E-03   0.327007E-03   0.327007E-03
   0.129527E+00   0.136066E-03   0.327910E-03   0.326002E-03   0.326002E-03
   0.130104E+00   0.723563E-04   0.333148E-03   0.324970E-03   0.324970E-03
   0.130681E+00  -0.353456E-04   0.333322E-03   0.323922E-03   0.323922E-03
   0.131257E+00  -0.262830E-03   0.331266E-03   0.322836E-03   0.322836E-03
   0.131834E+00   0.341669E-03   0.337540E-03   0.321712E-03   0.321712E-03
   0.132411E+00   0.499830E-03   0.327885E-03   0.320545E-03   0.320545E-03
   0.132988E+00   0.744793E-03   0.330573E-03   0.319332E-03   0.319332E-03
   0.133565E+00   0.504300E-03   0.330593E-03   0.318070E-03   0.318070E-03
   0.134142E+00   0.361089E-03   0.333294E-03   0.316757E-03   0.316757E-03
   0.134719E+00   0.102609E-03   0.330780E-03   0.315389E-03   0.315389E-03
   0.135296E+00   0.484355E-03   0.332409E-03   0.313965E-03   0.313965E-03
   0.135873E+00   0.330271E-03   0.330562E-03   0.312486E-03   0.312486E-03
   0.136450E+00   0.149259E-03   0.333643E-03   0.310949E-03   0.310949E-03
   0.137027E+00  -0.331923E-04   0.331507E-03   0.309354E-03   0.309354E-03
   0.137604E+00   0.389766E-03   0.327602E-03   0.307701E-03   0.307701E-03
   0.138181E+00   0.818361E-03   0.333840E-03   0.305992E-03   0.305992E-03
   0.138758E+00   0.475856E-03   0.335245E-03   0.304225E-03   0.304225E-03
   0.139335E+00   0.523887E-04   0.330872E-03   0.302404E-03   0.302404E-03
   0.139912E+00   0.267304E-03   0.331000E-03   0.300527E-03   0.300527E-03
   0.140489E+00   0.553980E-03   0.329570E-03   0.298598E-03   0.298598E-03
   0.141066E+00   0.338202E-03   0.331852E-03   0.296612E-03   0.296612E-03
   0.141643E+00   0.643825E-03   0.329402E-03   0.294587E-03   0.294587E-03
   0.142220E+00   0.125727E-02   0.333055E-03   0.292510E-03   0.292510E-03
   0.142797E+00   0.671037E-03   0.334583E-03   0.290387E-03   0.290387E-03
   0.143374E+00   0.665523E-03   0.329643E-03   0.288220E-03   0.288220E-03
   0.143950E+00   0.786603E-03   0.333148E-03   0.286013E-03   0.286013E-03
   0.144527E+00  -0.133354E-03   0.334506E-03   0.283767E-03   0.283767E-03
   0.145104E+00   0.866027E-03   0.330633E-03   0.281484E-03   0.281484E-03
   0.145681E+00   0.735173E-03   0.335487E-03   0.279169E-03   0.279169E-03
   0.146258E+00  -0.117747E-03   0.328732E-03   0.276822E-03   0.276822E-03
   0.146835E+00   0.695733E-03   0.329623E-03   0.274446E-03   0.274446E-03
   0.147412E+00   0.165544E-03   0.328232E-03   0.272045E-03   0.272045E-03
   0.147989E+00   0.269951E-03   0.331562E-03   0.269620E-03   0.269620E-03
   0.148566E+00  -0.666250E-04   0.333798E-03   0.267175E-03   0.267175E-03
   0.149143E+00   0.148935E-03   0.333826E-03   0.264710E-03   0.264710E-03
   0.149720E+00   0.604819E-04   0.333952E-03   0.262230E-03   0.262230E-03
   0.150297E+00   0.391593E-03   0.332473E-03   0.259738E-03   0.259738E-03
   0.150874E+00   0.101177E-03   0.328792E-03   0.257233E-03   0.257233E-03
   0.151451E+00   0.377566E-03   0.332599E-03   0.254720E-03   0.254720E-03
   0.152028E+00   0.130469E-03   0.330755E-03   0.252201E-03   0.252201E-03
   0.152605E+00   0.607543E-03   0.333137E-03   0.249678E-03   0.249678E-03
   0.153182E+00   0.696208E-03   0.334998E-03   0.247152E-03   0.247152E-03
   0.153759E+00   0.629716E-03   0.329362E-03   0.244626E-03   0.244626E-03
   0.154336E+00   0.285836E-03   0.329128E-03   0.242102E-03   0.242102E-03
   0.154913E+00   0.788558E-03   0.329396E-03   0.239582E-03   0.239582E-03
   0.155490E+00   0.215897E-03   0.335501E-03   0.237068E-03   0.237068E-03
   0.156067E+00   0.503484E-03   0.329569E-03   0.234560E-03   0.234560E-03
   0.156644E+00   0.284074E-03   0.330807E-03   0.232062E-03   0.232062E-03
   0.157220E+00   0.238068E-03   0.333847E-03   0.229575E-03   0.229575E-03
   0.157797E+00   0.148749E-03   0.328343E-03   0.227099E-03   0.227099E-03
   0.158374E+00   0.271346E-03   0.330441E-03   0.224631E-03   0.224631E-03
   0.158951E+00   0.163401E-03   0.331903E-03   0.222188E-03   0.222188E-03
   0.159528E+00   0.160795E-03   0.335314E-03   0.219756E-03   0.219756E-03
   0.160105E+00   0.339262E-04   0.332497E-03   0.217341E-03   0.217341E-03
   0.160682E+00   0.575660E-03   0.331180E-03   0.214942E-03   0.214942E-03
   0.161259E+00  -0.176633E-03   0.328233E-03   0.212563E-03   0.212563E-03
   0.161836E+00   0.286955E-03   0.329149E-03   0.210203E-03   0.210203E-03
   0.162413E+00   0.196889E-03   0.328376E-03   0.207863E-03   0.207863E-03
   0.162990E+00  -0.355180E-03   0.331439E-03   0.205545E-03   0.205545E-03
   0.163567E+00  -0.211129E-03   0.332694E-03   0.203247E-03   0.203247E-03
   0.164144E+00   0.207145E-03   0.334122E-03   0.200972E-03   0.200972E-03
   0.164721E+00   0.362318E-03   0.329276E-03   0.198720E-03   0.198720E-03
   0.165298E+00  -0.221586E-03   0.327736E-03   0.196489E-03   0.196489E-03
   0.165875E+00   0.183655E-03   0.335326E-03   0.194283E-03   0.194283E-03
   0.166452E+00  -0.162907E-04   0.325644E-03   0.192100E-03   0.192100E-03
   0.167029E+00   0.223629E-04   0.334441E-03   0.189940E-03   0.189940E-03
   0.167606E+00   0.338634E-03   0.334231E-03   0.187804E-03   0.187804E-03
   0.168183E+00  -0.105582E-03   0.328969E-03   0.185693E-03   0.185693E-03
   0.168760E+00   0.416448E-03   0.331093E-03   0.183605E-03   0.183605E-03
   0.169337E+00   0.203196E-04   0.333050E-03   0.181547E-03   0.181547E-03
   0.169913E+00   0.734989E-03   0.331389E-03   0.179502E-03   0.179502E-03
   0.170490E+00   0.480916E-03   0.328059E-03   0.177486E-03   0.177486E-03
   0.171067E+00   0.436202E-03   0.334593E-03   0.175494E-03   0.175494E-03
   0.171644E+00   0.385197E-03   0.330971E-03   0.173525E-03   0.173525E-03
   0.172221E+00   0.607582E-03   0.328993E-03   0.171580E-03   0.171580E-03
   0.172798E+00   0.103662E-03   0.330144E-03   0.169659E-03   0.169659E-03
   0.173375E+00   0.356931E-03   0.332108E-03   0.167761E-03   0.167761E-03
   0.173952E+00   0.662059E-04   0.332317E-03   0.165886E-03   0.165886E-03
   0.174529E+00   0.192571E-03   0.332169E-03   0.164034E-03   0.164034E-03
   0.175106E+00   0.632871E-03   0.329930E-03   0.162202E-03   0.162202E-03
   0.175683E+00   0.217384E-03   0.327570E-03   0.160397E-03   0.160397E-03
   0.176260E+00  -0.555741E-03   0.332325E-03   0.158611E-03   0.158611E-03
   0.176837E+00  -0.696909E-04   0.330739E-03   0.156848E-03   0.156848E-03
   0.177414E+00   0.498438E-03   0.330843E-03   0.155105E-03   0.155105E-03
   0.177991E+00   0.207441E-03   0.332843E-03   0.153384E-03   0.153384E-03
   0.178568E+00   0.106929E-03   0.330354E-03   0.151684E-03   0.151684E-03
   0.179145E+00  -0.688806E-04   0.330628E-03   0.150005E-03   0.150005E-03
   0.179722E+00   0.604149E-04   0.330973E-03   0.148347E-03   0.148347E-03
   0.180299E+00   0.533104E-03   0.332436E-03   0.146708E-03   0.146708E-03
   0.180876E+00   0.240684E-03   0.330167E-03   0.145089E-03   0.145089E-03
   0.181453E+00   0.172933E-03   0.332554E-03   0.143491E-03   0.143491E-03
   0.182030E+00   0.132253E-03   0.329577E-03   0.141912E-03   0.141912E-03
   0.182607E+00   0.517752E-03   0.329183E-03   0.140352E-03   0.140352E-03
   0.183183E+00   0.267740E-03   0.332279E-03   0.138811E-03   0.138811E-03
   0.183760E+00   0.184132E-03   0.329735E-03   0.137289E-03   0.137289E-03
   0.184337E+00   0.798870E-04   0.333396E-03   0.135786E-03   0.135786E-03
   0.184914E+00   0.675736E-03   0.328632E-03   0.134301E-03   0.134301E-03
   0.185491E+00   0.235222E-03   0.333293E-03   0.132835E-03   0.132835E-03
   0.186068E+00  -0.414839E-03   0.331212E-03   0.131386E-03   0.131386E-03
   0.186645E+00   0.109121E-03   0.326549E-03   0.129952E-03   0.129952E-03
   0.187222E+00  -0.843871E-04   0.328707E-03   0.128544E-03   0.128544E-03
   0.187799E+00   0.146806E-03   0.328635E-03   0.127149E-03   0.127149E-03
   0.188376E+00  -0.392119E-03   0.327514E-03   0.125772E-03   0.125772E-03
   0.188953E+00  -0.840023E-03   0.327745E-03   0.124413E-03   0.124413E-03
   0.189530E+00  -0.135228E-04   0.329471E-03   0.123071E-03   0.123071E-03
   0.190107E+00  -0.387989E-03   0.330556E-03   0.121746E-03   0.121746E-03
   0.190684E+00   0.395401E-03   0.331572E-03   0.120439E-03   0.120439E-03
   0.191261E+00  -0.925623E-03   0.330006E-03   0.119149E-03   0.119149E-03
   0.191838E+00  -0.895410E-04   0.333954E-03   0.117875E-03   0.117875E-03
   0.192415E+00  -0.690166E-04   0.329492E-03   0.116621E-03   0.116621E-03
   0.192992E+00  -0.290256E-04   0.327403E-03   0.115383E-03   0.115383E-03
   0.193569E+00   0.460655E-03   0.327558E-03   0.114162E-03   0.114162E-03
   0.194146E+00   0.905512E-03   0.332462E-03   0.112957E-03   0.112957E-03
   0.194723E+00  -0.138525E-04   0.327849E-03   0.111770E-03   0.111770E-03
   0.195300E+00   0.352776E-03   0.327694E-03   0.110600E-03   0.110600E-03
   0.195877E+00  -0.784714E-04   0.328957E-03   0.109447E-03   0.109447E-03
   0.196453E+00   0.283619E-03   0.331257E-03   0.108311E-03   0.108311E-03
   0.197030E+00  -0.135476E-03   0.330818E-03   0.107192E-03   0.107192E-03
   0.197607E+00  -0.104493E-03   0.334015E-03   0.106092E-03   0.106092E-03
   0.198184E+00  -0.181543E-03   0.328498E-03   0.105004E-03   0.105004E-03
   0.198761E+00   0.278622E-03   0.329793E-03   0.103936E-03   0.103936E-03
   0.199338E+00  -0.349413E-04   0.330928E-03   0.102885E-03   0.102885E-03
   0.199915E+00   0.322657E-03   0.334423E-03   0.101850E-03   0.101850E-03
   0.200492E+00   0.328258E-03   0.330114E-03   0.100834E-03   0.100834E-03
   0.201069E+00  -0.568761E-03   0.331119E-03   0.998323E-04   0.998323E-04
   0.201646E+00   0.267811E-04   0.333445E-03   0.988484E-04   0.988484E-04
   0.202223E+00   0.248423E-03   0.325764E-03   0.978816E-04   0.978816E-04
   0.202800E+00  -0.795647E-04   0.331180E-03   0.969311E-04   0.969311E-04
   0.203377E+00   0.287883E-03   0.329528E-03   0.959953E-04   0.959953E-04
   0.203954E+00   0.139158E-04   0.330399E-03   0.950803E-04   0.950803E-04
   0.204531E+00  -0.531716E-03   0.330613E-03   0.941799E-04   0.941799E-04
   0.205108E+00  -0.929609E-04   0.327035E-03   0.932959E-04   0.932959E-04
   0.205685E+00   0.357337E-03   0.332011E-03   0.924281E-04   0.924281E-04
   0.206262E+00  -0.277050E-03   0.331833E-03   0.915766E-04   0.915766E-04
   0.206839E+00   0.639534E-03   0.327874E-03   0.907418E-04   0.907418E-04
   0.207416E+00  -0.348166E-04   0.329029E-03   0.899227E-04   0.899227E-04
   0.207993E+00  -0.404304E-03   0.332605E-03   0.891196E-04   0.891196E-04
   0.208570E+00   0.289552E-03   0.327356E-03   0.883323E-04   0.883323E-04
   0.209146E+00  -0.131857E-03   0.332774E-03   0.875595E-04   0.875595E-04
   0.209723E+00   0.593130E-03   0.329250E-03   0.868047E-04   0.868047E-04
   0.210300E+00  -0.327949E-03   0.329733E-03   0.860639E-04   0.860639E-04
   0.210877E+00   0.457630E-03   0.325638E-03   0.853383E-04   0.853383E-04
   0.211454E+00   0.579592E-03   0.331358E-03   0.846279E-04   0.846279E-04
   0.212031E+00  -0.714883E-04   0.328128E-03   0.839322E-04   0.839322E-04
   0.212608E+00   0.515761E-03   0.331329E-03   0.832512E-04   0.832512E-04
   0.213185E+00   0.921898E-04   0.328523E-03   0.825845E-04   0.825845E-04
   0.213762E+00  -0.287389E-03   0.332162E-03   0.819321E-04   0.819321E-04
   0.214339E+00   0.800259E-03   0.332304E-03   0.812935E-04   0.812935E-04
   0.214916E+00   0.623325E-03   0.332156E-03   0.806649E-04   0.806649E-04
   0.215493E+00   0.372028E-03   0.327044E-03   0.800575E-04   0.800575E-04
   0.216070E+00  -0.202171E-04   0.326830E-03   0.794594E-04   0.794594E-04
   0.216647E+00   0.140049E-03   0.325472E-03   0.788739E-04   0.788739E-04
   0.217224E+00   0.890251E-04   0.329426E-03   0.783019E-04   0.783019E-04
   0.217801E+00   0.471440E-05   0.329992E-03   0.777421E-04   0.777421E-04
   0.218378E+00  -0.489680E-03   0.329441E-03   0.771942E-04   0.771942E-04
   0.218955E+00   0.282947E-03   0.329145E-03   0.766585E-04   0.766585E-04
   0.219532E+00  -0.374205E-04   0.332576E-03   0.761341E-04   0.761341E-04
   0.220109E+00   0.120172E-03   0.331701E-03   0.756190E-04   0.756190E-04
   0.220686E+00   0.164926E-03   0.329210E-03   0.751192E-04   0.751192E-04
   0.221263E+00   0.512095E-03   0.327202E-03   0.746281E-04   0.746281E-04
   0.221840E+00  -0.264550E-03   0.330207E-03   0.741473E-04   0.741473E-04
   0.222416E+00  -0.716485E-03   0.332112E-03   0.736767E-04   0.736767E-04
   0.222993E+00   0.326918E-03   0.327258E-03   0.732160E-04   0.732160E-04
   0.223570E+00  -0.581536E-03   0.328993E-03   0.727649E-04   0.727649E-04
   0.224147E+00   0.284834E-03   0.328627E-03   0.723232E-04   0.723232E-04
   0.224724E+00   0.426246E-03   0.328120E-03   0.718900E-04   0.718900E-04
   0.225301E+00   0.411643E-03   0.328396E-03   0.714658E-04   0.714658E-04
   0.225878E+00  -0.216259E-03   0.331165E-03   0.710498E-04   0.710498E-04
   0.226455E+00  -0.102915E-03   0.325848E-03   0.706422E-04   0.706422E-04
   0.227032E+00   0.328829E-03   0.326206E-03   0.702422E-04   0.702422E-04
   0.227609E+00  -0.617171E-03   0.330053E-03   0.698499E-04   0.698499E-04
   0.228186E+00   0.196250E-03   0.325305E-03   0.694647E-04   0.694647E-04
   0.228763E+00  -0.239398E-03   0.328485E-03   0.690867E-04   0.690867E-04
   0.229340E+00  -0.556091E-03   0.328919E-03   0.687155E-04   0.687155E-04
   0.229917E+00   0.936110E-04   0.328509E-03   0.683506E-04   0.683506E-04
   0.230494E+00   0.602923E-03   0.331469E-03   0.679919E-04   0.679919E-04
   0.231071E+00   0.127660E-03   0.329271E-03   0.676393E-04   0.676393E-04
   0.231648E+00  -0.123585E-03   0.331864E-03   0.672911E-04   0.672911E-04
   0.232225E+00   0.263814E-03   0.328912E-03   0.669510E-04   0.669510E-04
   0.232802E+00  -0.727190E-03   0.327610E-03   0.666152E-04   0.666152E-04
   0.233379E+00  -0.185935E-03   0.325420E-03   0.662841E-04   0.662841E-04
   0.233956E+00  -0.115644E-03   0.331676E-03   0.659581E-04   0.659581E-04
   0.234533E+00   0.857097E-04   0.328758E-03   0.656372E-04   0.656372E-04
   0.235110E+00   0.323636E-03   0.325485E-03   0.653199E-04   0.653199E-04
   0.235686E+00  -0.387693E-03   0.327815E-03   0.650074E-04   0.650074E-04
   0.236263E+00   0.288829E-03   0.329660E-03   0.646991E-04   0.646991E-04
   0.236840E+00   0.309983E-03   0.328184E-03   0.643948E-04   0.643948E-04
   0.237417E+00  -0.691805E-04   0.326748E-03   0.640935E-04   0.640935E-04
   0.237994E+00   0.147173E-03   0.330741E-03   0.637975E-04   0.637975E-04
   0.238571E+00   0.422327E-03   0.326880E-03   0.635043E-04   0.635043E-04
   0.239148E+00  -0.139013E-03   0.327419E-03   0.632144E-04   0.632144E-04
   0.239725E+00  -0.436118E-03   0.328566E-03   0.629281E-04   0.629281E-04
   0.240302E+00   0.110215E-03   0.329787E-03   0.626448E-04   0.626448E-04
   0.240879E+00  -0.346530E-03   0.330305E-03   0.623647E-04   0.623647E-04
   0.241456E+00  -0.768853E-03   0.322575E-03   0.620875E-04   0.620875E-04
   0.242033E+00   0.279166E-03   0.330356E-03   0.618134E-04   0.618134E-04
   0.242610E+00   0.341033E-03   0.326505E-03   0.615421E-04   0.615421E-04
   0.243187E+00   0.290390E-05   0.326420E-03   0.612703E-04   0.612703E-04
   0.243764E+00   0.598900E-03   0.325260E-03   0.610081E-04   0.610081E-04
   0.244341E+00  -0.193229E-03   0.331048E-03   0.607449E-04   0.607449E-04
   0.244918E+00   0.358399E-03   0.330104E-03   0.604845E-04   0.604845E-04
   0.245495E+00  -0.272890E-03   0.329360E-03   0.602267E-04   0.602267E-04
   0.246072E+00   0.529230E-03   0.327286E-03   0.599714E-04   0.599714E-04
   0.246649E+00   0.177026E-03   0.327699E-03   0.597186E-04   0.597186E-04
   0.247226E+00  -0.741916E-03   0.328871E-03   0.594685E-04   0.594685E-04
   0.247803E+00   0.333019E-03   0.329091E-03   0.592208E-04   0.592208E-04
   0.248379E+00   0.183176E-03   0.325884E-03   0.589807E-04   0.589807E-04
   0.248956E+00   0.332203E-03   0.327455E-03   0.587325E-04   0.587325E-04
   0.249533E+00  -0.296053E-03   0.329277E-03   0.584921E-04   0.584921E-04
   0.250110E+00  -0.601511E-03   0.327913E-03   0.582541E-04   0.582541E-04
   0.250687E+00   0.760734E-03   0.326657E-03   0.580186E-04   0.580186E-04
   0.251264E+00  -0.582019E-03   0.324663E-03   0.577847E-04   0.577847E-04
   0.251841E+00   0.320390E-03   0.328899E-03   0.575549E-04   0.575549E-04
   0.252418E+00   0.445800E-03   0.328895E-03   0.573271E-04   0.573271E-04
   0.252995E+00  -0.428479E-03   0.329677E-03   0.571009E-04   0.571009E-04
   0.253572E+00   0.499860E-03   0.326163E-03   0.568775E-04   0.568775E-04
   0.254149E+00  -0.393652E-03   0.325715E-03   0.566562E-04   0.566562E-04
   0.254726E+00   0.535484E-03   0.326271E-03   0.564383E-04   0.564383E-04
   0.255303E+00   0.177827E-04   0.329507E-03   0.562222E-04   0.562222E-04
   0.255880E+00   0.228301E-03   0.324801E-03   0.560089E-04   0.560089E-04
   0.256457E+00   0.127044E-03   0.331159E-03   0.557979E-04   0.557979E-04
   0.257034E+00   0.557646E-03   0.330738E-03   0.555892E-04   0.555892E-04
   0.257611E+00  -0.495087E-03   0.327897E-03   0.553834E-04   0.553834E-04
   0.258188E+00  -0.402840E-03   0.328202E-03   0.551798E-04   0.551798E-04
   0.258765E+00  -0.105837E-03   0.326212E-03   0.549788E-04   0.549788E-04
   0.259342E+00  -0.544103E-03   0.324813E-03   0.547801E-04   0.547801E-04
   0.259919E+00  -0.294074E-03   0.325241E-03   0.545833E-04   0.545833E-04
   0.260496E+00  -0.330102E-03   0.325635E-03   0.543903E-04   0.543903E-04
   0.261073E+00  -0.134425E-03   0.328031E-03   0.541990E-04   0.541990E-04
   0.261649E+00   0.113010E-03   0.326623E-03   0.540101E-04   0.540101E-04
   0.262226E+00   0.248814E-03   0.327769E-03   0.538236E-04   0.538236E-04
   0.262803E+00   0.177981E-03   0.328232E-03   0.536405E-04   0.536405E-04
   0.263380E+00   0.189446E-03   0.330606E-03   0.534577E-04   0.534577E-04
   0.263957E+00  -0.166167E-03   0.330281E-03   0.532781E-04   0.532781E-04
   0.264534E+00   0.504836E-03   0.326718E-03   0.531009E-04   0.531009E-04
   0.265111E+00   0.410043E-03   0.323468E-03   0.529258E-04   0.529258E-04
   0.265688E+00   0.706985E-04   0.326717E-03   0.527527E-04   0.527527E-04
   0.266265E+00   0.321925E-03   0.325580E-03   0.525822E-04   0.525822E-04
   0.266842E+00  -0.311973E-03   0.325557E-03   0.524135E-04   0.524135E-04
   0.267419E+00   0.309840E-03   0.326277E-03   0.522467E-04   0.522467E-04
   0.267996E+00   0.281302E-03   0.324103E-03   0.520820E-04   0.520820E-04
   0.268573E+00  -0.160797E-03   0.328583E-03   0.519192E-04   0.519192E-04
   0.269150E+00   0.419914E-04   0.328895E-03   0.517581E-04   0.517581E-04
   0.269727E+00   0.291869E-03   0.326233E-03   0.515988E-04   0.515988E-04
   0.270304E+00  -0.188394E-03   0.326468E-03   0.514411E-04   0.514411E-04
   0.270881E+00   0.521298E-03   0.329773E-03   0.512820E-04   0.512820E-04
   0.271458E+00   0.338443E-04   0.327646E-03   0.511274E-04   0.511274E-04
   0.272035E+00   0.739304E-03   0.324943E-03   0.509773E-04   0.509773E-04
   0.272612E+00   0.282556E-03   0.326444E-03   0.508255E-04   0.508255E-04
   0.273189E+00  -0.419971E-03   0.325343E-03   0.506749E-04   0.506749E-04
   0.273766E+00   0.524793E-03   0.326622E-03   0.505255E-04   0.505255E-04
   0.274343E+00   0.225009E-03   0.319899E-03   0.503771E-04   0.503771E-04
   0.274919E+00  -0.133691E-03   0.323046E-03   0.502296E-04   0.502296E-04
   0.275496E+00   0.661951E-03   0.327952E-03   0.500830E-04   0.500830E-04
   0.276073E+00  -0.900298E-03   0.326274E-03   0.499373E-04   0.499373E-04
   0.276650E+00   0.110911E-03   0.324506E-03   0.497924E-04   0.497924E-04
   0.277227E+00  -0.304278E-03   0.327216E-03   0.496475E-04   0.496475E-04
   0.277804E+00   0.472197E-03   0.325869E-03   0.495036E-04   0.495036E-04
   0.278381E+00   0.374453E-03   0.324236E-03   0.493598E-04   0.493598E-04
   0.278958E+00  -0.108289E-03   0.326901E-03   0.492164E-04   0.492164E-04
   0.279535E+00   0.467721E-03   0.328394E-03   0.490743E-04   0.490743E-04
   0.280112E+00   0.282712E-04   0.326121E-03   0.489299E-04   0.489299E-04
   0.280689E+00  -0.702329E-04   0.333222E-03   0.487864E-04   0.487864E-04
   0.281266E+00  -0.582058E-04   0.363403E-03   0.486434E-04   0.486434E-04
   0.281843E+00   0.141397E-03   0.413625E-03   0.484999E-04   0.484999E-04
   0.282420E+00   0.201963E-03   0.461366E-03   0.483557E-04   0.483557E-04

           ####      Real Space Data                               ####

           Distance distribution  function of particle  


      R          P(R)      ERROR

  0.0000E+00  0.0000E+00  0.0000E+00
  0.1030E+01  0.4761E-06  0.1068E-06
  0.2060E+01  0.1264E-05  0.1837E-06
  0.3090E+01  0.2360E-05  0.2327E-06
  0.4120E+01  0.3757E-05  0.2569E-06
  0.5150E+01  0.5448E-05  0.2605E-06
  0.6180E+01  0.7421E-05  0.2491E-06
  0.7210E+01  0.9663E-05  0.2293E-06
  0.8240E+01  0.1216E-04  0.2093E-06
  0.9270E+01  0.1489E-04  0.1978E-06
  0.1030E+02  0.1784E-04  0.2007E-06
  0.1133E+02  0.2099E-04  0.2172E-06
  0.1236E+02  0.2432E-04  0.2416E-06
  0.1339E+02  0.2780E-04  0.2674E-06
  0.1442E+02  0.3141E-04  0.2900E-06
  0.1545E+02  0.3512E-04  0.3071E-06
  0.1648E+02  0.3892E-04  0.3179E-06
  0.1751E+02  0.4278E-04  0.3229E-06
  0.1854E+02  0.4667E-04  0.3236E-06
  0.1957E+02  0.5057E-04  0.3217E-06
  0.2060E+02  0.5446E-04  0.3193E-06
  0.2163E+02  0.5832E-04  0.3179E-06
  0.2266E+02  0.6212E-04  0.3183E-06
  0.2369E+02  0.6585E-04  0.3203E-06
  0.2472E+02  0.6949E-04  0.3234E-06
  0.2575E+02  0.7302E-04  0.3265E-06
  0.2678E+02  0.7642E-04  0.3291E-06
  0.2781E+02  0.7968E-04  0.3308E-06
  0.2884E+02  0.8279E-04  0.3321E-06
  0.2987E+02  0.8573E-04  0.3339E-06
  0.3090E+02  0.8849E-04  0.3373E-06
  0.3193E+02  0.9106E-04  0.3433E-06
  0.3296E+02  0.9343E-04  0.3524E-06
  0.3399E+02  0.9559E-04  0.3642E-06
  0.3502E+02  0.9753E-04  0.3780E-06
  0.3605E+02  0.9923E-04  0.3923E-06
  0.3708E+02  0.1007E-03  0.4058E-06
  0.3811E+02  0.1019E-03  0.4172E-06
  0.3914E+02  0.1029E-03  0.4257E-06
  0.4017E+02  0.1036E-03  0.4312E-06
  0.4120E+02  0.1041E-03  0.4339E-06
  0.4223E+02  0.1043E-03  0.4347E-06
  0.4326E+02  0.1042E-03  0.4345E-06
  0.4429E+02  0.1038E-03  0.4348E-06
  0.4532E+02  0.1032E-03  0.4365E-06
  0.4635E+02  0.1024E-03  0.4404E-06
  0.4738E+02  0.1012E-03  0.4466E-06
  0.4841E+02  0.9985E-04  0.4547E-06
  0.4944E+02  0.9823E-04  0.4637E-06
  0.5047E+02  0.9639E-04  0.4726E-06
  0.5150E+02  0.9433E-04  0.4803E-06
  0.5253E+02  0.9206E-04  0.4860E-06
  0.5356E+02  0.8962E-04  0.4891E-06
  0.5459E+02  0.8700E-04  0.4896E-06
  0.5562E+02  0.8424E-04  0.4876E-06
  0.5665E+02  0.8134E-04  0.4840E-06
  0.5768E+02  0.7833E-04  0.4798E-06
  0.5871E+02  0.7523E-04  0.4761E-06
  0.5974E+02  0.7206E-04  0.4741E-06
  0.6077E+02  0.6883E-04  0.4751E-06
  0.6180E+02  0.6556E-04  0.4797E-06
  0.6283E+02  0.6228E-04  0.4882E-06
  0.6386E+02  0.5899E-04  0.5004E-06
  0.6489E+02  0.5571E-04  0.5154E-06
  0.6592E+02  0.5247E-04  0.5321E-06
  0.6695E+02  0.4926E-04  0.5494E-06
  0.6798E+02  0.4611E-04  0.5658E-06
  0.6901E+02  0.4303E-04  0.5802E-06
  0.7004E+02  0.4002E-04  0.5917E-06
  0.7107E+02  0.3710E-04  0.5994E-06
  0.7210E+02  0.3428E-04  0.6029E-06
  0.7313E+02  0.3156E-04  0.6022E-06
  0.7416E+02  0.2895E-04  0.5974E-06
  0.7519E+02  0.2645E-04  0.5892E-06
  0.7622E+02  0.2407E-04  0.5783E-06
  0.7725E+02  0.2182E-04  0.5659E-06
  0.7828E+02  0.1970E-04  0.5532E-06
  0.7931E+02  0.1770E-04  0.5414E-06
  0.8034E+02  0.1584E-04  0.5317E-06
  0.8137E+02  0.1410E-04  0.5251E-06
  0.8240E+02  0.1249E-04  0.5222E-06
  0.8343E+02  0.1101E-04  0.5228E-06
  0.8446E+02  0.9652E-05  0.5268E-06
  0.8549E+02  0.8413E-05  0.5331E-06
  0.8652E+02  0.7290E-05  0.5409E-06
  0.8755E+02  0.6276E-05  0.5487E-06
  0.8858E+02  0.5366E-05  0.5555E-06
  0.8961E+02  0.4552E-05  0.5600E-06
  0.9064E+02  0.3829E-05  0.5611E-06
  0.9167E+02  0.3190E-05  0.5578E-06
  0.9270E+02  0.2628E-05  0.5492E-06
  0.9373E+02  0.2136E-05  0.5343E-06
  0.9476E+02  0.1708E-05  0.5125E-06
  0.9579E+02  0.1339E-05  0.4828E-06
  0.9682E+02  0.1022E-05  0.4447E-06
  0.9785E+02  0.7531E-06  0.3973E-06
  0.9888E+02  0.5281E-06  0.3401E-06
  0.9991E+02  0.3431E-06  0.2723E-06
  0.1009E+03  0.1951E-06  0.1935E-06
  0.1020E+03  0.8149E-07  0.1029E-06
  0.1030E+03  0.0000E+00  0.0000E+00
